<?xml version="1.0" encoding="utf-8"?><testsuites name="pytest tests"><testsuite name="pytest" errors="0" failures="0" skipped="0" tests="12" time="7.296" timestamp="2026-03-01T11:48:38.024392+00:00" hostname="agent-env-9b7c7f5c-69a4-4440-a300-04a26d605ca5"><testcase classname="backend.tests.test_bank_reconciliation_iter52.TestBankReconciliationFeatures" name="test_get_bank_statements_list" time="0.733" /><testcase classname="backend.tests.test_bank_reconciliation_iter52.TestBankReconciliationFeatures" name="test_get_unmatched_without_auth" time="0.513" /><testcase classname="backend.tests.test_bank_reconciliation_iter52.TestBankReconciliationFeatures" name="test_get_unmatched_transactions" time="0.572" /><testcase classname="backend.tests.test_bank_reconciliation_iter52.TestBankReconciliationFeatures" name="test_unmatched_suggestions_structure" time="0.537" /><testcase classname="backend.tests.test_bank_reconciliation_iter52.TestBankReconciliationFeatures" name="test_confidence_tier_values" time="0.560" /><testcase classname="backend.tests.test_bank_reconciliation_iter52.TestBankReconciliationFeatures" name="test_manual_match_without_auth" time="0.511" /><testcase classname="backend.tests.test_bank_reconciliation_iter52.TestBankReconciliationFeatures" name="test_manual_match_missing_params" time="0.598" /><testcase classname="backend.tests.test_bank_reconciliation_iter52.TestBankReconciliationFeatures" name="test_manual_match_invalid_txn_index" time="0.489" /><testcase classname="backend.tests.test_bank_reconciliation_iter52.TestBankReconciliationFeatures" name="test_manual_match_invalid_match_type" time="0.702" /><testcase classname="backend.tests.test_bank_reconciliation_iter52.TestBankReconciliationFeatures" name="test_manual_match_nonexistent_record" time="0.861" /><testcase classname="backend.tests.test_bank_reconciliation_iter52.TestBankReconciliationFeatures" name="test_auto_match_endpoint" time="0.636" /><testcase classname="backend.tests.test_bank_reconciliation_iter52.TestExistingAutoMatchFeatures" name="test_get_matches_endpoint" time="0.510" /></testsuite></testsuites>