<?xml version="1.0" encoding="utf-8"?><testsuites name="pytest tests"><testsuite name="pytest" errors="0" failures="0" skipped="0" tests="12" time="6.244" timestamp="2026-03-02T12:33:28.311447+00:00" hostname="agent-env-f182d9d2-1b82-45c6-b773-4fe728f36998"><testcase classname="backend.tests.test_iter62_platforms.TestPlatformsAPI" name="test_get_platforms" time="0.497" /><testcase classname="backend.tests.test_iter62_platforms.TestPlatformsAPI" name="test_get_platforms_summary" time="0.450" /><testcase classname="backend.tests.test_iter62_platforms.TestPlatformsAPI" name="test_get_platform_payments_empty" time="0.466" /><testcase classname="backend.tests.test_iter62_platforms.TestPlatformsAPI" name="test_create_platform" time="0.500" /><testcase classname="backend.tests.test_iter62_platforms.TestPlatformsAPI" name="test_update_platform" time="0.700" /><testcase classname="backend.tests.test_iter62_platforms.TestPlatformsAPI" name="test_delete_platform" time="0.588" /><testcase classname="backend.tests.test_iter62_platforms.TestPlatformsAPI" name="test_create_platform_payment" time="0.606" /><testcase classname="backend.tests.test_iter62_platforms.TestPlatformsAPI" name="test_create_platform_payment_invalid_platform" time="0.410" /><testcase classname="backend.tests.test_iter62_platforms.TestPlatformsAPI" name="test_create_platform_payment_missing_platform_id" time="0.442" /><testcase classname="backend.tests.test_iter62_platforms.TestPlatformsAPI" name="test_seed_defaults_idempotent" time="0.525" /><testcase classname="backend.tests.test_iter62_platforms.TestPlatformsAPI" name="test_platform_reconciliation" time="0.499" /><testcase classname="backend.tests.test_iter62_platforms.TestPlatformsAPI" name="test_verify_default_platforms" time="0.432" /></testsuite></testsuites>