<?xml version="1.0" encoding="utf-8"?><testsuites name="pytest tests"><testsuite name="pytest" errors="0" failures="0" skipped="0" tests="20" time="2.952" timestamp="2026-03-01T12:00:48.080851+00:00" hostname="agent-env-9b7c7f5c-69a4-4440-a300-04a26d605ca5"><testcase classname="backend.tests.test_reconciliation_alerts_iter53.TestReconciliationAlertsSettings" name="test_get_settings_requires_auth" time="0.256" /><testcase classname="backend.tests.test_reconciliation_alerts_iter53.TestReconciliationAlertsSettings" name="test_get_settings_returns_defaults" time="0.382" /><testcase classname="backend.tests.test_reconciliation_alerts_iter53.TestReconciliationAlertsSettingsUpdate" name="test_update_settings_requires_auth" time="0.103" /><testcase classname="backend.tests.test_reconciliation_alerts_iter53.TestReconciliationAlertsSettingsUpdate" name="test_update_threshold" time="0.051" /><testcase classname="backend.tests.test_reconciliation_alerts_iter53.TestReconciliationAlertsSettingsUpdate" name="test_update_enabled_toggle" time="0.093" /><testcase classname="backend.tests.test_reconciliation_alerts_iter53.TestReconciliationAlertsSettingsUpdate" name="test_update_schedule" time="0.046" /><testcase classname="backend.tests.test_reconciliation_alerts_iter53.TestReconciliationAlertsSettingsUpdate" name="test_update_channels" time="0.041" /><testcase classname="backend.tests.test_reconciliation_alerts_iter53.TestReconciliationAlertsSettingsUpdate" name="test_update_returns_updated_at" time="0.092" /><testcase classname="backend.tests.test_reconciliation_alerts_iter53.TestReconciliationAlertsRun" name="test_run_alert_requires_auth" time="0.088" /><testcase classname="backend.tests.test_reconciliation_alerts_iter53.TestReconciliationAlertsRun" name="test_run_alert_returns_alert" time="0.423" /><testcase classname="backend.tests.test_reconciliation_alerts_iter53.TestReconciliationAlertsRun" name="test_run_alert_with_custom_threshold" time="0.276" /><testcase classname="backend.tests.test_reconciliation_alerts_iter53.TestReconciliationAlertsRun" name="test_run_alert_flagged_items_structure" time="0.270" /><testcase classname="backend.tests.test_reconciliation_alerts_iter53.TestReconciliationAlertsRun" name="test_run_alert_statement_summaries_structure" time="0.269" /><testcase classname="backend.tests.test_reconciliation_alerts_iter53.TestReconciliationAlertsHistory" name="test_get_alerts_requires_auth" time="0.086" /><testcase classname="backend.tests.test_reconciliation_alerts_iter53.TestReconciliationAlertsHistory" name="test_get_alerts_returns_array" time="0.049" /><testcase classname="backend.tests.test_reconciliation_alerts_iter53.TestReconciliationAlertsHistory" name="test_alerts_sorted_by_created_at_desc" time="0.045" /><testcase classname="backend.tests.test_reconciliation_alerts_iter53.TestReconciliationAlertsHistory" name="test_alert_history_structure" time="0.050" /><testcase classname="backend.tests.test_reconciliation_alerts_iter53.TestReconciliationAlertsLatest" name="test_get_latest_requires_auth" time="0.103" /><testcase classname="backend.tests.test_reconciliation_alerts_iter53.TestReconciliationAlertsLatest" name="test_get_latest_returns_single_alert" time="0.042" /><testcase classname="backend.tests.test_reconciliation_alerts_iter53.TestReconciliationAlertsLatest" name="test_latest_matches_first_in_history" time="0.093" /></testsuite></testsuites>