<?xml version="1.0" encoding="utf-8"?><testsuites name="pytest tests"><testsuite name="pytest" errors="0" failures="0" skipped="0" tests="14" time="12.573" timestamp="2026-03-02T22:24:38.528515+00:00" hostname="agent-env-1900123b-b9cf-4335-a544-02f7a7e57bd0"><testcase classname="backend.tests.test_iter66_loyalty_smartalerts_paymentdeletion.TestLoyaltySettings" name="test_get_loyalty_settings" time="1.333" /><testcase classname="backend.tests.test_iter66_loyalty_smartalerts_paymentdeletion.TestLoyaltySettings" name="test_update_loyalty_settings" time="0.829" /><testcase classname="backend.tests.test_iter66_loyalty_smartalerts_paymentdeletion.TestLoyaltyLeaderboard" name="test_get_loyalty_leaderboard" time="0.395" /><testcase classname="backend.tests.test_iter66_loyalty_smartalerts_paymentdeletion.TestCustomerLoyalty" name="test_get_customer_loyalty" time="0.814" /><testcase classname="backend.tests.test_iter66_loyalty_smartalerts_paymentdeletion.TestCustomerLoyalty" name="test_earn_loyalty_points" time="0.436" /><testcase classname="backend.tests.test_iter66_loyalty_smartalerts_paymentdeletion.TestCustomerLoyalty" name="test_redeem_loyalty_points_insufficient" time="0.400" /><testcase classname="backend.tests.test_iter66_loyalty_smartalerts_paymentdeletion.TestSmartStockAlerts" name="test_get_smart_stock_alerts" time="0.416" /><testcase classname="backend.tests.test_iter66_loyalty_smartalerts_paymentdeletion.TestSmartStockAlerts" name="test_smart_stock_alerts_with_params" time="0.419" /><testcase classname="backend.tests.test_iter66_loyalty_smartalerts_paymentdeletion.TestSmartStockAlerts" name="test_smart_stock_alerts_with_branch_filter" time="0.845" /><testcase classname="backend.tests.test_iter66_loyalty_smartalerts_paymentdeletion.TestSupplierPaymentDeletion" name="test_supplier_payment_lifecycle" time="3.640" /><testcase classname="backend.tests.test_iter66_loyalty_smartalerts_paymentdeletion.TestSupplierPaymentDeletion" name="test_pay_credit_endpoint" time="1.251" /><testcase classname="backend.tests.test_iter66_loyalty_smartalerts_paymentdeletion.TestRecalculateBalance" name="test_recalculate_single_supplier_balance" time="0.821" /><testcase classname="backend.tests.test_iter66_loyalty_smartalerts_paymentdeletion.TestRecalculateBalance" name="test_recalculate_all_supplier_balances" time="0.403" /><testcase classname="backend.tests.test_iter66_loyalty_smartalerts_paymentdeletion.TestBasicStockAlerts" name="test_get_stock_alerts" time="0.433" /></testsuite></testsuites>