<?xml version="1.0" encoding="utf-8"?><testsuites name="pytest tests"><testsuite name="pytest" errors="0" failures="1" skipped="0" tests="18" time="12.338" timestamp="2026-02-28T08:59:08.728271+00:00" hostname="agent-env-4a323fe3-56b9-4fc3-bfc0-e24297617996"><testcase classname="tests.test_iteration35_new_features.TestDailyShiftReport" name="test_shift_report_endpoint_exists" time="1.413" /><testcase classname="tests.test_iteration35_new_features.TestDailyShiftReport" name="test_shift_report_summary_fields" time="0.431" /><testcase classname="tests.test_iteration35_new_features.TestDailyShiftReport" name="test_shift_report_with_branch_filter" time="0.837" /><testcase classname="tests.test_iteration35_new_features.TestDailyShiftReport" name="test_shift_report_range_endpoint" time="0.419" /><testcase classname="tests.test_iteration35_new_features.TestDailyShiftReport" name="test_shift_report_range_summary_fields" time="0.450" /><testcase classname="tests.test_iteration35_new_features.TestBulkSalaryPayment" name="test_bulk_preview_endpoint" time="1.076" /><testcase classname="tests.test_iteration35_new_features.TestBulkSalaryPayment" name="test_bulk_preview_with_branch_filter" time="0.868" /><testcase classname="tests.test_iteration35_new_features.TestBulkSalaryPayment" name="test_bulk_preview_employee_details" time="0.441" /><testcase classname="tests.test_iteration35_new_features.TestBulkSalaryPayment" name="test_bulk_payment_endpoint_requires_period" time="0.427" /><testcase classname="tests.test_iteration35_new_features.TestDashboardLayout" name="test_get_dashboard_layout" time="1.057" /><testcase classname="tests.test_iteration35_new_features.TestDashboardLayout" name="test_save_dashboard_layout_widgets" time="0.848" /><testcase classname="tests.test_iteration35_new_features.TestDashboardLayout" name="test_save_dashboard_layout_grid" time="0.450" /><testcase classname="tests.test_iteration35_new_features.TestDashboardLayout" name="test_save_dashboard_theme" time="0.400" /><testcase classname="tests.test_iteration35_new_features.TestDashboardLayout" name="test_delete_dashboard_layout" time="0.805" /><testcase classname="tests.test_iteration35_new_features.TestAPIHealth" name="test_api_health" time="0.422"><failure message="assert 404 == 200&#10; +  where 404 = &lt;Response [404]&gt;.status_code">tests/test_iteration35_new_features.py:299: in test_api_health
    assert response.status_code == 200
E   assert 404 == 200
E    +  where 404 = &lt;Response [404]&gt;.status_code</failure></testcase><testcase classname="tests.test_iteration35_new_features.TestAPIHealth" name="test_dashboard_stats" time="1.075" /><testcase classname="tests.test_iteration35_new_features.TestAPIHealth" name="test_employees_list" time="0.395" /><testcase classname="tests.test_iteration35_new_features.TestAPIHealth" name="test_branches_list" time="0.430" /></testsuite></testsuites>