<?xml version="1.0" encoding="utf-8"?><testsuites name="pytest tests"><testsuite name="pytest" errors="0" failures="0" skipped="0" tests="15" time="8.265" timestamp="2026-03-05T22:33:25.086141+00:00" hostname="agent-env-fca5334e-7e1f-427e-96ed-547f138126eb"><testcase classname="backend.tests.test_iter98_data_management.TestDataManagement" name="test_get_data_stats" time="0.575" /><testcase classname="backend.tests.test_iter98_data_management.TestDataManagement" name="test_get_data_stats_archives_history" time="0.109" /><testcase classname="backend.tests.test_iter98_data_management.TestDataManagement" name="test_export_collection_sales" time="0.096" /><testcase classname="backend.tests.test_iter98_data_management.TestDataManagement" name="test_export_collection_expenses" time="0.095" /><testcase classname="backend.tests.test_iter98_data_management.TestDataManagement" name="test_export_collection_invoices" time="0.100" /><testcase classname="backend.tests.test_iter98_data_management.TestDataManagement" name="test_export_invalid_collection" time="0.102" /><testcase classname="backend.tests.test_iter98_data_management.TestDataManagement" name="test_archive_endpoint_exists" time="0.196" /><testcase classname="backend.tests.test_iter98_data_management.TestDataManagement" name="test_archive_with_valid_collection" time="0.109" /><testcase classname="backend.tests.test_iter98_data_management.TestScheduledReports" name="test_get_scheduled_reports" time="0.078" /><testcase classname="backend.tests.test_iter98_data_management.TestScheduledReports" name="test_create_scheduled_report" time="0.090" /><testcase classname="backend.tests.test_iter98_data_management.TestScheduledReports" name="test_send_now_scheduled_report" time="6.068" /><testcase classname="backend.tests.test_iter98_data_management.TestScheduledReports" name="test_delete_scheduled_report" time="0.219" /><testcase classname="backend.tests.test_iter98_data_management.TestScheduledReports" name="test_get_branding_config" time="0.092" /><testcase classname="backend.tests.test_iter98_data_management.TestSchedulerIntegration" name="test_scheduler_config" time="0.088" /><testcase classname="backend.tests.test_iter98_data_management.TestSchedulerIntegration" name="test_scheduler_logs" time="0.078" /></testsuite></testsuites>