<?xml version="1.0" encoding="utf-8"?><testsuites name="pytest tests"><testsuite name="pytest" errors="0" failures="0" skipped="0" tests="17" time="3.908" timestamp="2026-02-27T01:02:46.378520+00:00" hostname="agent-env-a55846b6-ae03-4a97-ac33-6becfe8b1d26"><testcase classname="test_iteration26_new_features.TestStockAlerts" name="test_stock_alerts_endpoint_exists" time="0.450" /><testcase classname="test_iteration26_new_features.TestStockAlerts" name="test_stock_alerts_returns_list" time="0.077" /><testcase classname="test_iteration26_new_features.TestStockAlerts" name="test_stock_alerts_item_structure" time="0.090" /><testcase classname="test_iteration26_new_features.TestStockAlerts" name="test_stock_alerts_with_branch_filter" time="0.152" /><testcase classname="test_iteration26_new_features.TestEodSummary" name="test_eod_summary_endpoint_exists" time="0.404" /><testcase classname="test_iteration26_new_features.TestEodSummary" name="test_eod_summary_response_structure" time="0.068" /><testcase classname="test_iteration26_new_features.TestEodSummary" name="test_eod_summary_with_branch_filter" time="0.147" /><testcase classname="test_iteration26_new_features.TestEodSummary" name="test_eod_summary_net_profit_calculation" time="0.094" /><testcase classname="test_iteration26_new_features.TestPartnerPnl" name="test_partner_pnl_endpoint_exists" time="0.390" /><testcase classname="test_iteration26_new_features.TestPartnerPnl" name="test_partner_pnl_company_summary" time="0.092" /><testcase classname="test_iteration26_new_features.TestPartnerPnl" name="test_partner_pnl_partners_list" time="0.090" /><testcase classname="test_iteration26_new_features.TestWhatsAppReportIntegration" name="test_whatsapp_send_requires_phone" time="0.387" /><testcase classname="test_iteration26_new_features.TestWhatsAppReportIntegration" name="test_whatsapp_send_eod_summary_message_format" time="0.434" /><testcase classname="test_iteration26_new_features.TestWhatsAppReportIntegration" name="test_whatsapp_send_partner_pnl_message_format" time="0.322" /><testcase classname="test_iteration26_new_features.TestWhatsAppReportIntegration" name="test_whatsapp_send_unknown_report_type" time="0.078" /><testcase classname="test_iteration26_new_features.TestIntegrationDataFlow" name="test_eod_summary_matches_sales_data" time="0.481" /><testcase classname="test_iteration26_new_features.TestIntegrationDataFlow" name="test_partner_pnl_profit_distribution" time="0.085" /></testsuite></testsuites>