<?xml version="1.0" encoding="utf-8"?><testsuites name="pytest tests"><testsuite name="pytest" errors="0" failures="0" skipped="0" tests="21" time="1.753" timestamp="2026-03-01T12:13:24.579815+00:00" hostname="agent-env-9b7c7f5c-69a4-4440-a300-04a26d605ca5"><testcase classname="tests.test_anomaly_detection_iter54.TestAnomalyDetectionScan" name="test_scan_requires_auth" time="0.113" /><testcase classname="tests.test_anomaly_detection_iter54.TestAnomalyDetectionScan" name="test_scan_returns_scan_object" time="0.396" /><testcase classname="tests.test_anomaly_detection_iter54.TestAnomalyDetectionScan" name="test_scan_returns_anomalies_array" time="0.056" /><testcase classname="tests.test_anomaly_detection_iter54.TestAnomalyDetectionScan" name="test_scan_by_category_breakdown" time="0.049" /><testcase classname="tests.test_anomaly_detection_iter54.TestAnomalyDetectionScan" name="test_scan_severity_counts" time="0.054" /><testcase classname="tests.test_anomaly_detection_iter54.TestAnomalyDetectionScan" name="test_scan_with_different_days" time="0.210" /><testcase classname="tests.test_anomaly_detection_iter54.TestAnomalyStructure" name="test_anomaly_has_required_fields" time="0.048" /><testcase classname="tests.test_anomaly_detection_iter54.TestAnomalyStructure" name="test_anomaly_category_values" time="0.048" /><testcase classname="tests.test_anomaly_detection_iter54.TestAnomalyStructure" name="test_anomaly_severity_values" time="0.053" /><testcase classname="tests.test_anomaly_detection_iter54.TestAnomalyStructure" name="test_anomaly_z_score_numeric" time="0.052" /><testcase classname="tests.test_anomaly_detection_iter54.TestAnomalyStructure" name="test_anomaly_value_expected_numeric" time="0.052" /><testcase classname="tests.test_anomaly_detection_iter54.TestAnomalyHistory" name="test_history_requires_auth" time="0.086" /><testcase classname="tests.test_anomaly_detection_iter54.TestAnomalyHistory" name="test_history_returns_array" time="0.043" /><testcase classname="tests.test_anomaly_detection_iter54.TestAnomalyHistory" name="test_history_sorted_desc" time="0.049" /><testcase classname="tests.test_anomaly_detection_iter54.TestAnomalyHistory" name="test_history_item_structure" time="0.048" /><testcase classname="tests.test_anomaly_detection_iter54.TestSalesAnomalyTypes" name="test_sales_anomalies_detected" time="0.052" /><testcase classname="tests.test_anomaly_detection_iter54.TestSalesAnomalyTypes" name="test_sales_anomaly_types" time="0.051" /><testcase classname="tests.test_anomaly_detection_iter54.TestExpenseAnomalyTypes" name="test_expense_anomalies_detected" time="0.065" /><testcase classname="tests.test_anomaly_detection_iter54.TestExpenseAnomalyTypes" name="test_expense_anomaly_types" time="0.053" /><testcase classname="tests.test_anomaly_detection_iter54.TestBankAnomalyTypes" name="test_bank_anomalies_detected" time="0.049" /><testcase classname="tests.test_anomaly_detection_iter54.TestBankAnomalyTypes" name="test_bank_anomaly_types" time="0.046" /></testsuite></testsuites>