<?xml version="1.0" encoding="utf-8"?><testsuites name="pytest tests"><testsuite name="pytest" errors="0" failures="0" skipped="0" tests="12" time="6.398" timestamp="2026-02-26T10:29:29.363635+00:00" hostname="agent-env-e29be632-7b8b-4f04-8d4b-d3a79a84442f"><testcase classname="backend.tests.test_iteration11.TestIteration11" name="test_01_whatsapp_send_to_requires_phone" time="0.507" /><testcase classname="backend.tests.test_iteration11.TestIteration11" name="test_02_whatsapp_send_to_with_daily_sales" time="0.770" /><testcase classname="backend.tests.test_iteration11.TestIteration11" name="test_03_whatsapp_send_to_accepts_all_report_types" time="1.446" /><testcase classname="backend.tests.test_iteration11.TestIteration11" name="test_04_whatsapp_send_to_rejects_invalid_report_type" time="0.351" /><testcase classname="backend.tests.test_iteration11.TestIteration11" name="test_05_get_bank_statements_list" time="0.400" /><testcase classname="backend.tests.test_iteration11.TestIteration11" name="test_06_get_bank_statement_detail" time="0.490" /><testcase classname="backend.tests.test_iteration11.TestIteration11" name="test_07_get_bank_statement_analysis" time="0.402" /><testcase classname="backend.tests.test_iteration11.TestIteration11" name="test_08_get_reconciliation_endpoint" time="0.420" /><testcase classname="backend.tests.test_iteration11.TestIteration11" name="test_09_reconciliation_404_for_invalid_id" time="0.358" /><testcase classname="backend.tests.test_iteration11.TestIteration11" name="test_10_reconciliation_1_day_offset_logic" time="0.438" /><testcase classname="backend.tests.test_iteration11.TestIteration11" name="test_11_branches_endpoint" time="0.368" /><testcase classname="backend.tests.test_iteration11.TestIteration11" name="test_12_pos_machines_endpoint" time="0.367" /></testsuite></testsuites>