<?xml version="1.0" encoding="utf-8"?><testsuites name="pytest tests"><testsuite name="pytest" errors="0" failures="0" skipped="0" tests="8" time="10.099" timestamp="2026-03-05T11:05:49.712822+00:00" hostname="agent-env-9efb9676-6abf-4087-a561-9ebe75388318"><testcase classname="backend.tests.test_employee_offboarding.TestEmployeeOffboarding" name="test_get_employees" time="1.206" /><testcase classname="backend.tests.test_employee_offboarding.TestEmployeeOffboarding" name="test_settlement_endpoint_for_end_of_contract" time="1.127" /><testcase classname="backend.tests.test_employee_offboarding.TestEmployeeOffboarding" name="test_clearance_checklist_exists" time="1.006" /><testcase classname="backend.tests.test_employee_offboarding.TestEmployeeOffboarding" name="test_update_clearance" time="2.129" /><testcase classname="backend.tests.test_employee_offboarding.TestEmployeeOffboarding" name="test_settlement_pdf_download" time="1.281" /><testcase classname="backend.tests.test_employee_offboarding.TestResignEmployee" name="test_get_active_employee_for_resign" time="1.032" /><testcase classname="backend.tests.test_employee_offboarding.TestResignEmployee" name="test_resign_endpoint_structure" time="1.059" /><testcase classname="backend.tests.test_employee_offboarding.TestCompleteExit" name="test_complete_exit_endpoint_exists" time="1.128" /></testsuite></testsuites>