<?xml version="1.0" encoding="utf-8"?><testsuites name="pytest tests"><testsuite name="pytest" errors="0" failures="0" skipped="0" tests="17" time="4.087" timestamp="2026-03-01T10:32:25.978769+00:00" hostname="agent-env-7bcc125f-62f3-4078-a9fb-4d909ae965bb"><testcase classname="backend.tests.test_iteration48_new_features.TestBankAutoMatchEngine" name="test_get_bank_statements" time="0.494" /><testcase classname="backend.tests.test_iteration48_new_features.TestBankAutoMatchEngine" name="test_auto_match_with_no_statement" time="0.082" /><testcase classname="backend.tests.test_iteration48_new_features.TestBankAutoMatchEngine" name="test_get_matches_with_no_statement" time="0.086" /><testcase classname="backend.tests.test_iteration48_new_features.TestBankAutoMatchEngine" name="test_confirm_match_nonexistent" time="0.084" /><testcase classname="backend.tests.test_iteration48_new_features.TestBankAutoMatchEngine" name="test_reject_match_nonexistent" time="0.083" /><testcase classname="backend.tests.test_iteration48_new_features.TestBankAutoMatchWithRealStatement" name="test_auto_match_on_real_statement" time="0.197" /><testcase classname="backend.tests.test_iteration48_new_features.TestBankAutoMatchWithRealStatement" name="test_get_matches_after_auto_match" time="0.221" /><testcase classname="backend.tests.test_iteration48_new_features.TestNotificationPreferencesChannel" name="test_get_preferences_has_channels" time="0.092" /><testcase classname="backend.tests.test_iteration48_new_features.TestNotificationPreferencesChannel" name="test_update_preferences_with_channels" time="0.206" /><testcase classname="backend.tests.test_iteration48_new_features.TestNotificationPreferencesChannel" name="test_disable_whatsapp_channel" time="0.171" /><testcase classname="backend.tests.test_iteration48_new_features.TestDailyDigestEmail" name="test_trigger_daily_digest" time="0.433" /><testcase classname="backend.tests.test_iteration48_new_features.TestDailyDigestEmail" name="test_ai_reports_list_includes_daily_digest" time="0.088" /><testcase classname="backend.tests.test_iteration48_new_features.TestDailyDigestEmail" name="test_scheduler_config_includes_daily_digest" time="0.095" /><testcase classname="backend.tests.test_iteration48_new_features.TestSchedulerTriggers" name="test_trigger_other_ai_reports" time="1.303" /><testcase classname="backend.tests.test_iteration48_new_features.TestSchedulerTriggers" name="test_trigger_invalid_report_type" time="0.096" /><testcase classname="backend.tests.test_iteration48_new_features.TestReconciliationEndpoints" name="test_get_reconciliation_for_statement" time="0.184" /><testcase classname="backend.tests.test_iteration48_new_features.TestVapidKeyEndpoint" name="test_get_vapid_key" time="0.092" /></testsuite></testsuites>