<?xml version="1.0" encoding="utf-8"?><testsuites name="pytest tests"><testsuite name="pytest" errors="0" failures="0" skipped="0" tests="7" time="20.818" timestamp="2026-03-05T12:41:23.036387+00:00" hostname="agent-env-9efb9676-6abf-4087-a561-9ebe75388318"><testcase classname="backend.tests.test_iteration96_deep_ai_analytics.TestDeepAIAnalytics" name="test_profit_analysis_endpoint" time="6.466" /><testcase classname="backend.tests.test_iteration96_deep_ai_analytics.TestDeepAIAnalytics" name="test_customer_churn_endpoint" time="3.113" /><testcase classname="backend.tests.test_iteration96_deep_ai_analytics.TestDeepAIAnalytics" name="test_revenue_prediction_endpoint" time="4.045" /><testcase classname="backend.tests.test_iteration96_deep_ai_analytics.TestExistingAIEndpoints" name="test_dashboard_insights_endpoint" time="1.909" /><testcase classname="backend.tests.test_iteration96_deep_ai_analytics.TestExistingAIEndpoints" name="test_stock_insights_endpoint" time="1.715" /><testcase classname="backend.tests.test_iteration96_deep_ai_analytics.TestExistingAIEndpoints" name="test_sales_trends_endpoint" time="2.923" /><testcase classname="backend.tests.test_iteration96_deep_ai_analytics.TestDocumentsPage" name="test_documents_endpoint" time="0.480" /></testsuite></testsuites>