<?xml version="1.0" encoding="utf-8"?><testsuites name="pytest tests"><testsuite name="pytest" errors="0" failures="0" skipped="0" tests="10" time="1.428" timestamp="2026-03-11T22:03:36.860289+00:00" hostname="agent-env-cb1bf3e3-ee94-4183-ae01-5306cd56e2df"><testcase classname="backend.tests.test_iter138_categories_printers.TestCashierCategories" name="test_categories_returns_default_7" time="0.354" /><testcase classname="backend.tests.test_iter138_categories_printers.TestCashierCategories" name="test_categories_have_required_fields" time="0.090" /><testcase classname="backend.tests.test_iter138_categories_printers.TestPrinterCRUD" name="test_get_printers_list" time="0.076" /><testcase classname="backend.tests.test_iter138_categories_printers.TestPrinterCRUD" name="test_create_printer" time="0.091" /><testcase classname="backend.tests.test_iter138_categories_printers.TestPrinterCRUD" name="test_update_printer" time="0.086" /><testcase classname="backend.tests.test_iter138_categories_printers.TestPrinterCRUD" name="test_test_printer_connection" time="0.092" /><testcase classname="backend.tests.test_iter138_categories_printers.TestPrinterCRUD" name="test_delete_printer" time="0.174" /><testcase classname="backend.tests.test_iter138_categories_printers.TestPrinterCRUD" name="test_delete_nonexistent_printer_returns_404" time="0.073" /><testcase classname="backend.tests.test_iter138_categories_printers.TestMenuItemsAndCategoriesIntegration" name="test_menu_items_endpoint_works" time="0.133" /><testcase classname="backend.tests.test_iter138_categories_printers.TestMenuItemsAndCategoriesIntegration" name="test_menu_by_category_filter" time="0.119" /></testsuite></testsuites>