<?xml version="1.0" encoding="utf-8"?><testsuites name="pytest tests"><testsuite name="pytest" errors="0" failures="0" skipped="0" tests="15" time="11.467" timestamp="2026-03-03T20:13:37.664840+00:00" hostname="agent-env-29bbcc5e-e258-4ead-ad11-00b5b229cf1c"><testcase classname="backend.tests.test_sales_alerts_iter73.TestSalesAlertsAPI" name="test_get_sales_alerts_config" time="0.948" /><testcase classname="backend.tests.test_sales_alerts_iter73.TestSalesAlertsAPI" name="test_save_sales_alerts_config" time="0.439" /><testcase classname="backend.tests.test_sales_alerts_iter73.TestSalesAlertsAPI" name="test_get_sales_alerts_preview" time="0.407" /><testcase classname="backend.tests.test_sales_alerts_iter73.TestSalesAlertsAPI" name="test_get_sales_alerts_history" time="0.413" /><testcase classname="backend.tests.test_sales_alerts_iter73.TestSalesAlertsAPI" name="test_threshold_slider_range" time="0.583" /><testcase classname="backend.tests.test_sales_alerts_iter73.TestSalesAlertsAPI" name="test_alert_time_format" time="0.873" /><testcase classname="backend.tests.test_sales_alerts_iter73.TestSalesAlertsAPI" name="test_recipients_list_operations" time="0.613" /><testcase classname="backend.tests.test_sales_alerts_iter73.TestSalesAlertsAPI" name="test_email_whatsapp_toggles" time="0.747" /><testcase classname="backend.tests.test_sales_alerts_iter73.TestSalesAlertsAPI" name="test_sales_alerts_requires_auth" time="0.643" /><testcase classname="backend.tests.test_sales_alerts_iter73.TestCustomersAdvancedSearch" name="test_customers_endpoint" time="0.418" /><testcase classname="backend.tests.test_sales_alerts_iter73.TestCustomersAdvancedSearch" name="test_customers_balance_endpoint" time="0.418" /><testcase classname="backend.tests.test_sales_alerts_iter73.TestCustomersAdvancedSearch" name="test_branches_endpoint_for_filters" time="3.492" /><testcase classname="backend.tests.test_sales_alerts_iter73.TestSuppliersAdvancedSearch" name="test_suppliers_endpoint" time="0.444" /><testcase classname="backend.tests.test_sales_alerts_iter73.TestSuppliersAdvancedSearch" name="test_supplier_categories_endpoint" time="0.450" /><testcase classname="backend.tests.test_sales_alerts_iter73.TestSuppliersAdvancedSearch" name="test_supplier_payment_summaries" time="0.449" /></testsuite></testsuites>