<?xml version="1.0" encoding="utf-8"?><testsuites name="pytest tests"><testsuite name="pytest" errors="0" failures="0" skipped="0" tests="8" time="6.492" timestamp="2026-03-10T20:45:23.049087+00:00" hostname="agent-env-033c6b5e-3bd8-41fb-94e6-396812ce83b4"><testcase classname="backend.tests.test_iter123_supplier_payment_credit.TestSupplierPaymentCreditBalance" name="test_01_cash_payment_reduces_supplier_credit" time="1.113" /><testcase classname="backend.tests.test_iter123_supplier_payment_credit.TestSupplierPaymentCreditBalance" name="test_02_bank_payment_reduces_supplier_credit" time="0.823" /><testcase classname="backend.tests.test_iter123_supplier_payment_credit.TestSupplierPaymentCreditBalance" name="test_03_credit_payment_increases_supplier_credit" time="0.771" /><testcase classname="backend.tests.test_iter123_supplier_payment_credit.TestSupplierPaymentCreditBalance" name="test_04_delete_payment_reverses_credit_change" time="0.820" /><testcase classname="backend.tests.test_iter123_supplier_payment_credit.TestExpenseDeletePermission" name="test_05_expense_delete_returns_error_detail" time="1.305" /><testcase classname="backend.tests.test_iter123_supplier_payment_credit.TestExpenseDeletePermission" name="test_06_expense_404_returns_proper_error" time="0.732" /><testcase classname="backend.tests.test_iter123_supplier_payment_credit.TestSupplierPaymentAPIBasics" name="test_07_get_supplier_payments" time="0.398" /><testcase classname="backend.tests.test_iter123_supplier_payment_credit.TestSupplierPaymentAPIBasics" name="test_08_get_suppliers" time="0.406" /></testsuite></testsuites>