<?xml version="1.0" encoding="utf-8"?><testsuites name="pytest tests"><testsuite name="pytest" errors="0" failures="0" skipped="0" tests="15" time="5.708" timestamp="2026-02-27T22:16:55.909984+00:00" hostname="agent-env-4a4bbac0-8ef9-44b8-b778-08463195722e"><testcase classname="backend.tests.test_iteration31_ai_analytics.TestAIPredictiveAnalytics" name="test_cashflow_prediction_endpoint_returns_200" time="0.418" /><testcase classname="backend.tests.test_iteration31_ai_analytics.TestAIPredictiveAnalytics" name="test_cashflow_prediction_has_required_fields" time="0.354" /><testcase classname="backend.tests.test_iteration31_ai_analytics.TestAIPredictiveAnalytics" name="test_cashflow_prediction_with_custom_days" time="0.360" /><testcase classname="backend.tests.test_iteration31_ai_analytics.TestAIPredictiveAnalytics" name="test_seasonal_forecast_endpoint_returns_200" time="0.402" /><testcase classname="backend.tests.test_iteration31_ai_analytics.TestAIPredictiveAnalytics" name="test_seasonal_forecast_has_required_fields" time="0.381" /><testcase classname="backend.tests.test_iteration31_ai_analytics.TestAIPredictiveAnalytics" name="test_seasonal_forecast_next_week_predictions" time="0.348" /><testcase classname="backend.tests.test_iteration31_ai_analytics.TestAIPredictiveAnalytics" name="test_employee_performance_endpoint_returns_200" time="0.389" /><testcase classname="backend.tests.test_iteration31_ai_analytics.TestAIPredictiveAnalytics" name="test_employee_performance_has_required_fields" time="0.365" /><testcase classname="backend.tests.test_iteration31_ai_analytics.TestAIPredictiveAnalytics" name="test_employee_performance_employee_structure" time="0.363" /><testcase classname="backend.tests.test_iteration31_ai_analytics.TestAIPredictiveAnalytics" name="test_expense_anomalies_endpoint_returns_200" time="0.379" /><testcase classname="backend.tests.test_iteration31_ai_analytics.TestAIPredictiveAnalytics" name="test_expense_anomalies_has_required_fields" time="0.361" /><testcase classname="backend.tests.test_iteration31_ai_analytics.TestAIPredictiveAnalytics" name="test_expense_anomalies_category_analysis" time="0.386" /><testcase classname="backend.tests.test_iteration31_ai_analytics.TestAIPredictiveAnalytics" name="test_supplier_optimization_endpoint_returns_200" time="0.350" /><testcase classname="backend.tests.test_iteration31_ai_analytics.TestAIPredictiveAnalytics" name="test_supplier_optimization_has_required_fields" time="0.369" /><testcase classname="backend.tests.test_iteration31_ai_analytics.TestAIPredictiveAnalytics" name="test_supplier_optimization_supplier_structure" time="0.392" /></testsuite></testsuites>