<?xml version="1.0" encoding="utf-8"?><testsuites name="pytest tests"><testsuite name="pytest" errors="0" failures="0" skipped="0" tests="8" time="1.770" timestamp="2026-03-01T08:45:50.715135+00:00" hostname="agent-env-7083286e-9e22-469e-aa79-c22d20942f88"><testcase classname="backend.tests.test_export_iter46.TestExportLoans" name="test_export_loans_excel" time="0.653" /><testcase classname="backend.tests.test_export_iter46.TestExportLoans" name="test_export_loans_pdf" time="0.151" /><testcase classname="backend.tests.test_export_iter46.TestExportAttendance" name="test_export_attendance_excel" time="0.144" /><testcase classname="backend.tests.test_export_iter46.TestExportAttendance" name="test_export_attendance_pdf" time="0.134" /><testcase classname="backend.tests.test_export_iter46.TestExportLeaves" name="test_export_leaves_excel" time="0.168" /><testcase classname="backend.tests.test_export_iter46.TestExportLeaves" name="test_export_leaves_pdf" time="0.161" /><testcase classname="backend.tests.test_export_iter46.TestExportInvalidType" name="test_export_invalid_type" time="0.160" /><testcase classname="backend.tests.test_export_iter46.TestOrderStatusEndpoint" name="test_order_status_active_endpoint" time="0.086" /></testsuite></testsuites>