<?xml version="1.0" encoding="utf-8"?><testsuites name="pytest tests"><testsuite name="pytest" errors="0" failures="0" skipped="0" tests="14" time="3.324" timestamp="2026-03-02T10:46:54.494728+00:00" hostname="agent-env-f182d9d2-1b82-45c6-b773-4fe728f36998"><testcase classname="backend.tests.test_iter59_dashboard_widgets.TestAuthentication" name="test_admin_login" time="0.372" /><testcase classname="backend.tests.test_iter59_dashboard_widgets.TestPredictiveAnalyticsWidgets" name="test_inventory_demand_forecast" time="0.409" /><testcase classname="backend.tests.test_iter59_dashboard_widgets.TestPredictiveAnalyticsWidgets" name="test_peak_hours_analysis" time="0.090" /><testcase classname="backend.tests.test_iter59_dashboard_widgets.TestPredictiveAnalyticsWidgets" name="test_customer_clv" time="0.102" /><testcase classname="backend.tests.test_iter59_dashboard_widgets.TestPredictiveAnalyticsWidgets" name="test_profit_decomposition" time="0.096" /><testcase classname="backend.tests.test_iter59_dashboard_widgets.TestOrderStatusPage" name="test_active_orders_endpoint" time="0.399" /><testcase classname="backend.tests.test_iter59_dashboard_widgets.TestHREmployeePortal" name="test_employees_list" time="0.418" /><testcase classname="backend.tests.test_iter59_dashboard_widgets.TestHREmployeePortal" name="test_pending_salary_summary" time="0.083" /><testcase classname="backend.tests.test_iter59_dashboard_widgets.TestCashierPOS" name="test_cashier_categories" time="0.405" /><testcase classname="backend.tests.test_iter59_dashboard_widgets.TestCashierPOS" name="test_cashier_menu" time="0.098" /><testcase classname="backend.tests.test_iter59_dashboard_widgets.TestCashierPOS" name="test_cashier_customers" time="0.103" /><testcase classname="backend.tests.test_iter59_dashboard_widgets.TestCashierPOS" name="test_cashier_stats" time="0.085" /><testcase classname="backend.tests.test_iter59_dashboard_widgets.TestDashboardStats" name="test_dashboard_stats" time="0.451" /><testcase classname="backend.tests.test_iter59_dashboard_widgets.TestDashboardStats" name="test_dashboard_layout" time="0.090" /></testsuite></testsuites>