<?xml version="1.0" encoding="utf-8"?><testsuites name="pytest tests"><testsuite name="pytest" errors="0" failures="0" skipped="0" tests="20" time="4.736" timestamp="2026-03-02T20:15:05.214460+00:00" hostname="agent-env-9275c5c8-3c0a-4276-ab3f-d6b432644841"><testcase classname="backend.tests.test_iter65_supplier_balance_reservations.TestSupplierBalanceRecalculation" name="test_get_suppliers_list" time="0.446" /><testcase classname="backend.tests.test_iter65_supplier_balance_reservations.TestSupplierBalanceRecalculation" name="test_recalculate_single_supplier_balance" time="0.171" /><testcase classname="backend.tests.test_iter65_supplier_balance_reservations.TestSupplierBalanceRecalculation" name="test_recalculate_all_suppliers_balances" time="0.096" /><testcase classname="backend.tests.test_iter65_supplier_balance_reservations.TestSupplierBalanceRecalculation" name="test_recalculate_nonexistent_supplier" time="0.091" /><testcase classname="backend.tests.test_iter65_supplier_balance_reservations.TestExpenseDeleteSupplierCredit" name="test_delete_credit_expense_reduces_supplier_balance" time="0.446" /><testcase classname="backend.tests.test_iter65_supplier_balance_reservations.TestReservationsCRUD" name="test_get_tables_list" time="0.077" /><testcase classname="backend.tests.test_iter65_supplier_balance_reservations.TestReservationsCRUD" name="test_get_reservations_today" time="0.095" /><testcase classname="backend.tests.test_iter65_supplier_balance_reservations.TestReservationsCRUD" name="test_get_reservations_upcoming" time="0.084" /><testcase classname="backend.tests.test_iter65_supplier_balance_reservations.TestReservationsCRUD" name="test_get_reservations_stats" time="0.093" /><testcase classname="backend.tests.test_iter65_supplier_balance_reservations.TestReservationsCRUD" name="test_get_available_slots" time="0.113" /><testcase classname="backend.tests.test_iter65_supplier_balance_reservations.TestReservationsCRUD" name="test_create_and_delete_reservation" time="0.263" /><testcase classname="backend.tests.test_iter65_supplier_balance_reservations.TestReservationStatusLifecycle" name="test_status_transitions" time="0.433" /><testcase classname="backend.tests.test_iter65_supplier_balance_reservations.TestReservationStatusLifecycle" name="test_status_cancel" time="0.383" /><testcase classname="backend.tests.test_iter65_supplier_balance_reservations.TestReservationStatusLifecycle" name="test_status_no_show" time="0.368" /><testcase classname="backend.tests.test_iter65_supplier_balance_reservations.TestReservationStatusLifecycle" name="test_status_invalid" time="0.365" /><testcase classname="backend.tests.test_iter65_supplier_balance_reservations.TestReservationUpdateDelete" name="test_update_reservation" time="0.419" /><testcase classname="backend.tests.test_iter65_supplier_balance_reservations.TestReservationUpdateDelete" name="test_delete_nonexistent_reservation" time="0.080" /><testcase classname="backend.tests.test_iter65_supplier_balance_reservations.TestReservationEdgeCases" name="test_create_reservation_exceeds_capacity" time="0.177" /><testcase classname="backend.tests.test_iter65_supplier_balance_reservations.TestReservationEdgeCases" name="test_create_reservation_conflicting_slot" time="0.345" /><testcase classname="backend.tests.test_iter65_supplier_balance_reservations.TestReservationEdgeCases" name="test_create_reservation_invalid_table" time="0.087" /></testsuite></testsuites>