<?xml version="1.0" encoding="utf-8"?><testsuites name="pytest tests"><testsuite name="pytest" errors="0" failures="0" skipped="0" tests="23" time="4.248" timestamp="2026-03-12T21:52:36.799636+00:00" hostname="agent-env-841bf039-d4af-4b80-b869-b82d4773e5e1"><testcase classname="backend.tests.test_accounting.TestChartOfAccounts" name="test_get_accounts_loads_and_seeds" time="0.788" /><testcase classname="backend.tests.test_accounting.TestChartOfAccounts" name="test_accounts_grouped_by_type" time="0.119" /><testcase classname="backend.tests.test_accounting.TestChartOfAccounts" name="test_create_account" time="0.084" /><testcase classname="backend.tests.test_accounting.TestChartOfAccounts" name="test_create_duplicate_account_fails" time="0.087" /><testcase classname="backend.tests.test_accounting.TestChartOfAccounts" name="test_update_account" time="0.187" /><testcase classname="backend.tests.test_accounting.TestChartOfAccounts" name="test_delete_non_system_account" time="0.247" /><testcase classname="backend.tests.test_accounting.TestChartOfAccounts" name="test_cannot_delete_system_account" time="0.176" /><testcase classname="backend.tests.test_accounting.TestTaxRates" name="test_get_tax_rates_loads_and_seeds" time="0.084" /><testcase classname="backend.tests.test_accounting.TestTaxRates" name="test_create_tax_rate" time="0.086" /><testcase classname="backend.tests.test_accounting.TestTaxRates" name="test_update_tax_rate" time="0.162" /><testcase classname="backend.tests.test_accounting.TestTaxRates" name="test_delete_tax_rate" time="0.177" /><testcase classname="backend.tests.test_accounting.TestBills" name="test_get_bills" time="0.084" /><testcase classname="backend.tests.test_accounting.TestBills" name="test_create_bill" time="0.108" /><testcase classname="backend.tests.test_accounting.TestBills" name="test_bill_status_filters" time="0.281" /><testcase classname="backend.tests.test_accounting.TestBills" name="test_record_payment_partial" time="0.171" /><testcase classname="backend.tests.test_accounting.TestBills" name="test_record_payment_full" time="0.173" /><testcase classname="backend.tests.test_accounting.TestBills" name="test_delete_bill" time="0.199" /><testcase classname="backend.tests.test_accounting.TestProfitLoss" name="test_get_profit_loss_default" time="0.086" /><testcase classname="backend.tests.test_accounting.TestProfitLoss" name="test_profit_loss_with_date_range" time="0.087" /><testcase classname="backend.tests.test_accounting.TestProfitLoss" name="test_profit_loss_revenue_structure" time="0.100" /><testcase classname="backend.tests.test_accounting.TestCurrencySettings" name="test_get_currencies" time="0.085" /><testcase classname="backend.tests.test_accounting.TestCurrencySettings" name="test_update_currency_settings" time="0.173" /><testcase classname="backend.tests.test_accounting.TestAccountingSummary" name="test_get_accounting_summary" time="0.095" /></testsuite></testsuites>