<?xml version="1.0" encoding="utf-8"?><testsuites name="pytest tests"><testsuite name="pytest" errors="0" failures="0" skipped="0" tests="9" time="4.410" timestamp="2026-03-10T22:35:43.125449+00:00" hostname="agent-env-033c6b5e-3bd8-41fb-94e6-396812ce83b4"><testcase classname="backend.tests.test_iter127_order_history.TestOrderHistory" name="test_01_cashier_login_returns_token" time="0.564" /><testcase classname="backend.tests.test_iter127_order_history.TestOrderHistory" name="test_02_get_orders_returns_list" time="0.368" /><testcase classname="backend.tests.test_iter127_order_history.TestOrderHistory" name="test_03_create_and_get_order" time="0.468" /><testcase classname="backend.tests.test_iter127_order_history.TestOrderHistory" name="test_04_edit_order_notes_and_payment" time="0.629" /><testcase classname="backend.tests.test_iter127_order_history.TestOrderHistory" name="test_05_edit_order_items" time="0.510" /><testcase classname="backend.tests.test_iter127_order_history.TestOrderHistory" name="test_06_delete_order_and_linked_sale" time="0.580" /><testcase classname="backend.tests.test_iter127_order_history.TestOrderHistory" name="test_07_delete_returns_success_message" time="0.431" /><testcase classname="backend.tests.test_iter127_order_history.TestOrderHistory" name="test_08_delete_nonexistent_order_returns_404" time="0.334" /><testcase classname="backend.tests.test_iter127_order_history.TestOrderHistory" name="test_09_edit_nonexistent_order_returns_404" time="0.359" /></testsuite></testsuites>