<?xml version="1.0" encoding="utf-8"?><testsuites name="pytest tests"><testsuite name="pytest" errors="0" failures="0" skipped="0" tests="18" time="4.254" timestamp="2026-02-26T20:59:20.846031+00:00" hostname="agent-env-6e26c97c-21be-490d-8d35-0b001d557b5c"><testcase classname="backend.tests.test_iteration18_pos_analytics_zatca.TestAuthentication" name="test_login_works" time="0.493" /><testcase classname="backend.tests.test_iteration18_pos_analytics_zatca.TestPOSAnalyticsEndpoint" name="test_live_analytics_endpoint_returns_200" time="0.541" /><testcase classname="backend.tests.test_iteration18_pos_analytics_zatca.TestPOSAnalyticsEndpoint" name="test_live_analytics_has_required_fields" time="0.092" /><testcase classname="backend.tests.test_iteration18_pos_analytics_zatca.TestPOSAnalyticsEndpoint" name="test_live_analytics_total_sales_is_numeric" time="0.119" /><testcase classname="backend.tests.test_iteration18_pos_analytics_zatca.TestPOSAnalyticsEndpoint" name="test_live_analytics_branch_leaderboard_structure" time="0.209" /><testcase classname="backend.tests.test_iteration18_pos_analytics_zatca.TestPOSAnalyticsEndpoint" name="test_live_analytics_top_cashiers_structure" time="0.095" /><testcase classname="backend.tests.test_iteration18_pos_analytics_zatca.TestPOSAnalyticsEndpoint" name="test_live_analytics_payment_modes_structure" time="0.112" /><testcase classname="backend.tests.test_iteration18_pos_analytics_zatca.TestPOSAnalyticsEndpoint" name="test_live_analytics_hourly_chart_structure" time="0.094" /><testcase classname="backend.tests.test_iteration18_pos_analytics_zatca.TestPOSAnalyticsEndpoint" name="test_live_analytics_recent_sales_structure" time="0.128" /><testcase classname="backend.tests.test_iteration18_pos_analytics_zatca.TestZATCAInvoiceEndpoints" name="test_invoices_endpoint_returns_200" time="0.417" /><testcase classname="backend.tests.test_iteration18_pos_analytics_zatca.TestZATCAInvoiceEndpoints" name="test_invoices_have_vat_fields" time="0.086" /><testcase classname="backend.tests.test_iteration18_pos_analytics_zatca.TestZATCAInvoiceEndpoints" name="test_create_invoice_with_vat" time="0.196" /><testcase classname="backend.tests.test_iteration18_pos_analytics_zatca.TestZATCAInvoiceEndpoints" name="test_zatca_qr_endpoint_returns_qr_data" time="0.232" /><testcase classname="backend.tests.test_iteration18_pos_analytics_zatca.TestZATCAInvoiceEndpoints" name="test_zatca_qr_data_is_base64" time="0.180" /><testcase classname="backend.tests.test_iteration18_pos_analytics_zatca.TestZATCAInvoiceEndpoints" name="test_zatca_qr_not_found_returns_404" time="0.111" /><testcase classname="backend.tests.test_iteration18_pos_analytics_zatca.TestCompanySettingsVAT" name="test_company_settings_endpoint_exists" time="0.427" /><testcase classname="backend.tests.test_iteration18_pos_analytics_zatca.TestCompanySettingsVAT" name="test_company_settings_has_vat_fields" time="0.084" /><testcase classname="backend.tests.test_iteration18_pos_analytics_zatca.TestCleanup" name="test_cleanup_test_invoices" time="0.558" /></testsuite></testsuites>