<?xml version="1.0" encoding="utf-8"?><testsuites name="pytest tests"><testsuite name="pytest" errors="0" failures="0" skipped="0" tests="9" time="4.243" timestamp="2026-03-10T20:22:46.532274+00:00" hostname="agent-env-033c6b5e-3bd8-41fb-94e6-396812ce83b4"><testcase classname="backend.tests.test_iter122_quick_entry_categories.TestAuth" name="test_login_success" time="0.512" /><testcase classname="backend.tests.test_iter122_quick_entry_categories.TestQuickEntryDateHandling" name="test_sale_with_late_night_datetime_preserves_date" time="0.675" /><testcase classname="backend.tests.test_iter122_quick_entry_categories.TestQuickEntryDateHandling" name="test_regular_sale_submission" time="0.262" /><testcase classname="backend.tests.test_iter122_quick_entry_categories.TestMenuCategories" name="test_get_menu_categories" time="0.392" /><testcase classname="backend.tests.test_iter122_quick_entry_categories.TestMenuCategories" name="test_create_custom_category" time="0.184" /><testcase classname="backend.tests.test_iter122_quick_entry_categories.TestMenuCategories" name="test_delete_custom_category" time="0.263" /><testcase classname="backend.tests.test_iter122_quick_entry_categories.TestMenuCategories" name="test_category_appears_in_filter_dropdown" time="0.095" /><testcase classname="backend.tests.test_iter122_quick_entry_categories.TestExpenses" name="test_expense_with_correct_date" time="0.667" /><testcase classname="backend.tests.test_iter122_quick_entry_categories.TestCategoryDuplicatePrevention" name="test_duplicate_category_prevention" time="1.070" /></testsuite></testsuites>