<?xml version="1.0" encoding="utf-8"?><testsuites name="pytest tests"><testsuite name="pytest" errors="0" failures="0" skipped="0" tests="17" time="20.358" timestamp="2026-03-11T11:12:32.976073+00:00" hostname="agent-env-f8e2b66b-9ce9-4447-87cb-452cac534427"><testcase classname="backend.tests.test_iter132_staffing_insights.TestStaffingInsightsAPI" name="test_01_staffing_insights_returns_200" time="0.554" /><testcase classname="backend.tests.test_iter132_staffing_insights.TestStaffingInsightsAPI" name="test_02_staffing_insights_structure" time="0.099" /><testcase classname="backend.tests.test_iter132_staffing_insights.TestStaffingInsightsAPI" name="test_03_peak_hours_structure" time="0.102" /><testcase classname="backend.tests.test_iter132_staffing_insights.TestStaffingInsightsAPI" name="test_04_daily_coverage_structure" time="0.087" /><testcase classname="backend.tests.test_iter132_staffing_insights.TestStaffingInsightsAPI" name="test_05_shift_demand_structure" time="0.093" /><testcase classname="backend.tests.test_iter132_staffing_insights.TestStaffingInsightsAPI" name="test_06_suggestions_structure" time="0.157" /><testcase classname="backend.tests.test_iter132_staffing_insights.TestStaffingInsightsAPI" name="test_07_staffing_insights_with_week_start" time="0.107" /><testcase classname="backend.tests.test_iter132_staffing_insights.TestStaffingInsightsAPI" name="test_08_staffing_insights_requires_branch_id" time="0.081" /><testcase classname="backend.tests.test_iter132_staffing_insights.TestStaffingInsightsAPI" name="test_09_staffing_insights_requires_auth" time="0.103" /><testcase classname="backend.tests.test_iter132_staffing_insights.TestAIRecommendEnhanced" name="test_01_ai_recommend_endpoint_exists" time="9.948" /><testcase classname="backend.tests.test_iter132_staffing_insights.TestAIRecommendEnhanced" name="test_02_ai_recommend_response_structure" time="8.359" /><testcase classname="backend.tests.test_iter132_staffing_insights.TestAIRecommendEnhanced" name="test_03_ai_recommend_requires_branch_id" time="0.111" /><testcase classname="backend.tests.test_iter132_staffing_insights.TestAIRecommendEnhanced" name="test_04_ai_recommend_requires_auth" time="0.083" /><testcase classname="backend.tests.test_iter132_staffing_insights.TestNoCoverageSuggestions" name="test_01_no_coverage_suggestions_generated" time="0.084" /><testcase classname="backend.tests.test_iter132_staffing_insights.TestDataIntegrity" name="test_01_verify_branch_id_in_response" time="0.083" /><testcase classname="backend.tests.test_iter132_staffing_insights.TestDataIntegrity" name="test_02_verify_hourly_labels_format" time="0.092" /><testcase classname="backend.tests.test_iter132_staffing_insights.TestDataIntegrity" name="test_03_verify_daily_names" time="0.086" /></testsuite></testsuites>