<?xml version="1.0" encoding="utf-8"?><testsuites name="pytest tests"><testsuite name="pytest" errors="0" failures="0" skipped="0" tests="13" time="1.786" timestamp="2026-03-08T13:29:54.413585+00:00" hostname="agent-env-c91c47a1-8330-492f-bdd6-fadffd95ce2f"><testcase classname="backend.tests.test_iter107_date_quick_filter.TestDateQuickFilterBackend" name="test_sales_api_without_date_filter" time="0.462" /><testcase classname="backend.tests.test_iter107_date_quick_filter.TestDateQuickFilterBackend" name="test_sales_api_with_this_month_filter" time="0.080" /><testcase classname="backend.tests.test_iter107_date_quick_filter.TestDateQuickFilterBackend" name="test_sales_api_with_today_filter" time="0.072" /><testcase classname="backend.tests.test_iter107_date_quick_filter.TestDateQuickFilterBackend" name="test_sales_api_with_yesterday_filter" time="0.085" /><testcase classname="backend.tests.test_iter107_date_quick_filter.TestDateQuickFilterBackend" name="test_sales_api_with_custom_range_filter" time="0.110" /><testcase classname="backend.tests.test_iter107_date_quick_filter.TestDateQuickFilterBackend" name="test_expenses_api_without_date_filter" time="0.087" /><testcase classname="backend.tests.test_iter107_date_quick_filter.TestDateQuickFilterBackend" name="test_expenses_api_with_this_month_filter" time="0.088" /><testcase classname="backend.tests.test_iter107_date_quick_filter.TestDateQuickFilterBackend" name="test_expenses_api_with_today_filter" time="0.098" /><testcase classname="backend.tests.test_iter107_date_quick_filter.TestDateQuickFilterBackend" name="test_expenses_api_with_custom_range_filter" time="0.083" /><testcase classname="backend.tests.test_iter107_date_quick_filter.TestDateQuickFilterBackend" name="test_sales_date_filter_returns_correct_data" time="0.202" /><testcase classname="backend.tests.test_iter107_date_quick_filter.TestDateQuickFilterBackend" name="test_expenses_date_filter_returns_correct_data" time="0.129" /><testcase classname="backend.tests.test_iter107_date_quick_filter.TestDateQuickFilterBackend" name="test_sales_api_pagination_with_date_filter" time="0.085" /><testcase classname="backend.tests.test_iter107_date_quick_filter.TestDateQuickFilterBackend" name="test_expenses_api_pagination_with_date_filter" time="0.078" /></testsuite></testsuites>