<?xml version="1.0" encoding="utf-8"?><testsuites name="pytest tests"><testsuite name="pytest" errors="0" failures="0" skipped="0" tests="17" time="3.610" timestamp="2026-03-03T21:47:36.265990+00:00" hostname="agent-env-96f17788-a470-4994-bd93-bf5688621033"><testcase classname="backend.tests.test_iter75_features.TestLoginAndZustandIntegration" name="test_login_returns_correct_structure" time="0.462" /><testcase classname="backend.tests.test_iter75_features.TestLoginAndZustandIntegration" name="test_login_invalid_credentials" time="0.096" /><testcase classname="backend.tests.test_iter75_features.TestSalesPagination" name="test_sales_default_pagination" time="0.443" /><testcase classname="backend.tests.test_iter75_features.TestSalesPagination" name="test_sales_custom_pagination" time="0.081" /><testcase classname="backend.tests.test_iter75_features.TestSalesPagination" name="test_sales_page_2" time="0.074" /><testcase classname="backend.tests.test_iter75_features.TestSalesPagination" name="test_sales_date_filter_with_pagination" time="0.093" /><testcase classname="backend.tests.test_iter75_features.TestExpensesPagination" name="test_expenses_default_pagination" time="0.111" /><testcase classname="backend.tests.test_iter75_features.TestExpensesPagination" name="test_expenses_custom_pagination" time="0.114" /><testcase classname="backend.tests.test_iter75_features.TestExpensesPagination" name="test_expenses_date_filter_with_pagination" time="0.102" /><testcase classname="backend.tests.test_iter75_features.TestSupplierShareStatement" name="test_share_statement_requires_channel" time="0.214" /><testcase classname="backend.tests.test_iter75_features.TestSupplierShareStatement" name="test_share_statement_email_channel" time="0.244" /><testcase classname="backend.tests.test_iter75_features.TestSupplierShareStatement" name="test_share_statement_whatsapp_channel" time="0.582" /><testcase classname="backend.tests.test_iter75_features.TestSupplierShareStatement" name="test_share_statement_both_channels" time="0.425" /><testcase classname="backend.tests.test_iter75_features.TestDashboardStatsOnlineSales" name="test_dashboard_stats_has_online_sales" time="0.096" /><testcase classname="backend.tests.test_iter75_features.TestSupplierLedger" name="test_supplier_ledger_returns_data" time="0.177" /><testcase classname="backend.tests.test_iter75_features.TestBranches" name="test_branches_list" time="0.080" /><testcase classname="backend.tests.test_iter75_features.TestSupplierNames" name="test_supplier_names" time="0.073" /></testsuite></testsuites>