<?xml version="1.0" encoding="utf-8"?><testsuites name="pytest tests"><testsuite name="pytest" errors="0" failures="0" skipped="0" tests="43" time="22.276" timestamp="2026-02-26T13:05:44.019868+00:00" hostname="agent-env-6e26c97c-21be-490d-8d35-0b001d557b5c"><testcase classname="tests.test_iteration14_refactored_api.TestHealthAndRootEndpoint" name="test_api_root" time="0.608" /><testcase classname="tests.test_iteration14_refactored_api.TestAdminAuthentication" name="test_admin_login_success" time="0.812" /><testcase classname="tests.test_iteration14_refactored_api.TestAdminAuthentication" name="test_admin_login_invalid_password" time="0.664" /><testcase classname="tests.test_iteration14_refactored_api.TestAdminAuthentication" name="test_get_current_user_admin" time="1.092" /><testcase classname="tests.test_iteration14_refactored_api.TestEmployeeAuthentication" name="test_employee_login_success" time="0.631" /><testcase classname="tests.test_iteration14_refactored_api.TestEmployeeAuthentication" name="test_get_current_user_employee" time="1.057" /><testcase classname="tests.test_iteration14_refactored_api.TestBranchesRouter" name="test_list_branches" time="1.057" /><testcase classname="tests.test_iteration14_refactored_api.TestBranchesRouter" name="test_create_branch" time="0.412" /><testcase classname="tests.test_iteration14_refactored_api.TestSalesRouter" name="test_list_sales" time="0.426" /><testcase classname="tests.test_iteration14_refactored_api.TestSalesRouter" name="test_create_sale" time="0.411" /><testcase classname="tests.test_iteration14_refactored_api.TestExpensesRouter" name="test_list_expenses" time="0.431" /><testcase classname="tests.test_iteration14_refactored_api.TestExpensesRouter" name="test_create_expense" time="0.420" /><testcase classname="tests.test_iteration14_refactored_api.TestCustomersRouter" name="test_list_customers" time="0.410" /><testcase classname="tests.test_iteration14_refactored_api.TestCustomersRouter" name="test_customers_balance" time="0.404" /><testcase classname="tests.test_iteration14_refactored_api.TestSuppliersRouter" name="test_list_suppliers" time="0.419" /><testcase classname="tests.test_iteration14_refactored_api.TestSuppliersRouter" name="test_supplier_payments" time="0.417" /><testcase classname="tests.test_iteration14_refactored_api.TestEmployeesRouter" name="test_list_employees" time="0.416" /><testcase classname="tests.test_iteration14_refactored_api.TestEmployeesRouter" name="test_salary_payments" time="0.413" /><testcase classname="tests.test_iteration14_refactored_api.TestEmployeesRouter" name="test_leaves" time="0.455" /><testcase classname="tests.test_iteration14_refactored_api.TestEmployeesRouter" name="test_items" time="0.411" /><testcase classname="tests.test_iteration14_refactored_api.TestEmployeesRouter" name="test_notifications" time="0.446" /><testcase classname="tests.test_iteration14_refactored_api.TestDashboardRouter" name="test_dashboard_stats" time="0.413" /><testcase classname="tests.test_iteration14_refactored_api.TestReportsRouter" name="test_credit_sales_report" time="0.496" /><testcase classname="tests.test_iteration14_refactored_api.TestReportsRouter" name="test_branch_cashbank_report" time="0.472" /><testcase classname="tests.test_iteration14_refactored_api.TestReportsRouter" name="test_supplier_balance_report" time="0.416" /><testcase classname="tests.test_iteration14_refactored_api.TestReportsRouter" name="test_item_pnl_report" time="0.438" /><testcase classname="tests.test_iteration14_refactored_api.TestDocumentsRouter" name="test_list_documents" time="0.428" /><testcase classname="tests.test_iteration14_refactored_api.TestInvoicesRouter" name="test_list_invoices" time="0.433" /><testcase classname="tests.test_iteration14_refactored_api.TestJobTitlesRouter" name="test_list_job_titles" time="0.409" /><testcase classname="tests.test_iteration14_refactored_api.TestShiftsRouter" name="test_list_shifts" time="0.439" /><testcase classname="tests.test_iteration14_refactored_api.TestShiftsRouter" name="test_list_shift_assignments" time="0.451" /><testcase classname="tests.test_iteration14_refactored_api.TestStockRouter" name="test_stock_balance" time="0.417" /><testcase classname="tests.test_iteration14_refactored_api.TestStockRouter" name="test_stock_entries" time="0.535" /><testcase classname="tests.test_iteration14_refactored_api.TestPartnersRouter" name="test_list_partners" time="0.424" /><testcase classname="tests.test_iteration14_refactored_api.TestCashTransfersRouter" name="test_list_cash_transfers" time="0.423" /><testcase classname="tests.test_iteration14_refactored_api.TestRecurringExpensesRouter" name="test_list_recurring_expenses" time="0.426" /><testcase classname="tests.test_iteration14_refactored_api.TestBankStatementsRouter" name="test_list_bank_statements" time="0.421" /><testcase classname="tests.test_iteration14_refactored_api.TestCategoriesRouter" name="test_list_categories" time="0.467" /><testcase classname="tests.test_iteration14_refactored_api.TestUsersRouter" name="test_list_users_admin" time="0.427" /><testcase classname="tests.test_iteration14_refactored_api.TestSettingsRouter" name="test_company_settings" time="0.414" /><testcase classname="tests.test_iteration14_refactored_api.TestEmployeeSelfService" name="test_my_employee_profile" time="1.133" /><testcase classname="tests.test_iteration14_refactored_api.TestEmployeeSelfService" name="test_my_payments" time="0.431" /><testcase classname="tests.test_iteration14_refactored_api.TestEmployeeSelfService" name="test_my_leaves" time="0.439" /></testsuite></testsuites>