<?xml version="1.0" encoding="utf-8"?><testsuites name="pytest tests"><testsuite name="pytest" errors="0" failures="1" skipped="0" tests="11" time="1.809" timestamp="2026-03-01T11:32:50.767504+00:00" hostname="agent-env-9b7c7f5c-69a4-4440-a300-04a26d605ca5"><testcase classname="tests.test_performance_report_iter51.TestPerformanceReportAPI" name="test_performance_report_without_auth" time="0.268"><failure message="AssertionError: Expected 401, got 403&#10;assert 403 == 401&#10; +  where 403 = &lt;Response [403]&gt;.status_code">tests/test_performance_report_iter51.py:34: in test_performance_report_without_auth
    assert response.status_code == 401, f"Expected 401, got {response.status_code}"
E   AssertionError: Expected 401, got 403
E   assert 403 == 401
E    +  where 403 = &lt;Response [403]&gt;.status_code</failure></testcase><testcase classname="tests.test_performance_report_iter51.TestPerformanceReportAPI" name="test_performance_report_default_period" time="0.613" /><testcase classname="tests.test_performance_report_iter51.TestPerformanceReportAPI" name="test_performance_report_kpi_structure" time="0.101" /><testcase classname="tests.test_performance_report_iter51.TestPerformanceReportAPI" name="test_performance_report_period_7_days" time="0.085" /><testcase classname="tests.test_performance_report_iter51.TestPerformanceReportAPI" name="test_performance_report_period_60_days" time="0.100" /><testcase classname="tests.test_performance_report_iter51.TestPerformanceReportAPI" name="test_performance_report_period_90_days" time="0.092" /><testcase classname="tests.test_performance_report_iter51.TestPerformanceReportAPI" name="test_sales_trend_structure" time="0.089" /><testcase classname="tests.test_performance_report_iter51.TestPerformanceReportAPI" name="test_branch_ranking_structure" time="0.122" /><testcase classname="tests.test_performance_report_iter51.TestPerformanceReportAPI" name="test_employee_performance_structure" time="0.088" /><testcase classname="tests.test_performance_report_iter51.TestPerformanceReportAPI" name="test_expense_breakdown_structure" time="0.081" /><testcase classname="tests.test_performance_report_iter51.TestPerformanceReportAPI" name="test_payment_distribution_structure" time="0.091" /></testsuite></testsuites>