<?xml version="1.0" encoding="utf-8"?><testsuites name="pytest tests"><testsuite name="pytest" errors="0" failures="0" skipped="0" tests="9" time="1.915" timestamp="2026-03-11T19:49:26.353174+00:00" hostname="agent-env-cb1bf3e3-ee94-4183-ae01-5306cd56e2df"><testcase classname="backend.tests.test_iter135_expenses_filter_pagination.TestExpensesFilterFix" name="test_01_expenses_endpoint_accepts_branch_id_param" time="0.637" /><testcase classname="backend.tests.test_iter135_expenses_filter_pagination.TestExpensesFilterFix" name="test_02_expenses_endpoint_accepts_category_param" time="0.089" /><testcase classname="backend.tests.test_iter135_expenses_filter_pagination.TestExpensesFilterFix" name="test_03_expenses_endpoint_accepts_payment_mode_param" time="0.092" /><testcase classname="backend.tests.test_iter135_expenses_filter_pagination.TestExpensesFilterFix" name="test_04_expenses_branch_and_date_combo_filter" time="0.101" /><testcase classname="backend.tests.test_iter135_expenses_filter_pagination.TestExpensesFilterFix" name="test_05_expenses_pagination_structure" time="0.106" /><testcase classname="backend.tests.test_iter135_expenses_filter_pagination.TestExpensesFilterFix" name="test_06_create_test_expense_for_filter_verification" time="0.093" /><testcase classname="backend.tests.test_iter135_expenses_filter_pagination.TestExpensesFilterFix" name="test_07_verify_created_expense_found_by_branch_filter" time="0.136" /><testcase classname="backend.tests.test_iter135_expenses_filter_pagination.TestExpensesFilterFix" name="test_08_cleanup_test_expense" time="0.190" /><testcase classname="backend.tests.test_iter135_expenses_filter_pagination.TestSalesPagination" name="test_01_sales_pagination_structure" time="0.343" /></testsuite></testsuites>