<?xml version="1.0" encoding="utf-8"?><testsuites name="pytest tests"><testsuite name="pytest" errors="0" failures="1" skipped="0" tests="14" time="12.222" timestamp="2026-02-28T22:57:48.909707+00:00" hostname="agent-env-7083286e-9e22-469e-aa79-c22d20942f88"><testcase classname="backend.tests.test_iteration43_loans_pos_roles.TestLoanManagementSystem" name="test_01_loan_stats_endpoint" time="1.797" /><testcase classname="backend.tests.test_iteration43_loans_pos_roles.TestLoanManagementSystem" name="test_02_get_all_loans" time="0.415" /><testcase classname="backend.tests.test_iteration43_loans_pos_roles.TestLoanManagementSystem" name="test_03_create_loan" time="0.418" /><testcase classname="backend.tests.test_iteration43_loans_pos_roles.TestLoanManagementSystem" name="test_04_get_loan_detail" time="0.430" /><testcase classname="backend.tests.test_iteration43_loans_pos_roles.TestLoanManagementSystem" name="test_05_approve_loan" time="0.846" /><testcase classname="backend.tests.test_iteration43_loans_pos_roles.TestLoanManagementSystem" name="test_06_record_installment" time="0.860" /><testcase classname="backend.tests.test_iteration43_loans_pos_roles.TestLoanManagementSystem" name="test_07_get_loans_filtered_by_status" time="0.422" /><testcase classname="backend.tests.test_iteration43_loans_pos_roles.TestLoanManagementSystem" name="test_08_create_and_reject_loan" time="1.257" /><testcase classname="backend.tests.test_iteration43_loans_pos_roles.TestLoanManagementSystem" name="test_09_delete_pending_loan" time="1.236" /><testcase classname="backend.tests.test_iteration43_loans_pos_roles.TestPOSRoleSeparation" name="test_01_cashier_login_returns_pos_role" time="1.078" /><testcase classname="backend.tests.test_iteration43_loans_pos_roles.TestPOSRoleSeparation" name="test_02_employee_has_pos_role_field" time="0.413" /><testcase classname="backend.tests.test_iteration43_loans_pos_roles.TestPOSRoleSeparation" name="test_03_update_employee_pos_role" time="0.829"><failure message="AssertionError: Failed to update employee: {&quot;detail&quot;:[{&quot;type&quot;:&quot;missing&quot;,&quot;loc&quot;:[&quot;body&quot;,&quot;name&quot;],&quot;msg&quot;:&quot;Field required&quot;,&quot;input&quot;:{&quot;pos_role&quot;:&quot;waiter&quot;},&quot;url&quot;:&quot;https://errors.pydantic.dev/2.12/v/missing&quot;}]}&#10;assert 422 == 200&#10; +  where 422 = &lt;Response [422]&gt;.status_code">backend/tests/test_iteration43_loans_pos_roles.py:282: in test_03_update_employee_pos_role
    assert update_res.status_code == 200, f"Failed to update employee: {update_res.text}"
E   AssertionError: Failed to update employee: {"detail":[{"type":"missing","loc":["body","name"],"msg":"Field required","input":{"pos_role":"waiter"},"url":"https://errors.pydantic.dev/2.12/v/missing"}]}
E   assert 422 == 200
E    +  where 422 = &lt;Response [422]&gt;.status_code</failure></testcase><testcase classname="backend.tests.test_iteration43_loans_pos_roles.TestEmployeePortalLoans" name="test_01_my_loans_endpoint_exists" time="1.069" /><testcase classname="backend.tests.test_iteration43_loans_pos_roles.TestCleanup" name="test_cleanup_test_loans" time="1.051" /></testsuite></testsuites>