<?xml version="1.0" encoding="utf-8"?><testsuites name="pytest tests"><testsuite name="pytest" errors="0" failures="0" skipped="0" tests="7" time="4.124" timestamp="2026-03-10T21:40:50.071928+00:00" hostname="agent-env-033c6b5e-3bd8-41fb-94e6-396812ce83b4"><testcase classname="backend.tests.test_iter124_bug_fixes.TestIter124BugFixes" name="test_01_access_policies_delete_time_limit_disabled" time="0.683" /><testcase classname="backend.tests.test_iter124_bug_fixes.TestIter124BugFixes" name="test_02_admin_can_delete_old_expense" time="0.503" /><testcase classname="backend.tests.test_iter124_bug_fixes.TestIter124BugFixes" name="test_03_get_expenses_with_various_categories" time="0.405" /><testcase classname="backend.tests.test_iter124_bug_fixes.TestIter124BugFixes" name="test_04_partner_salary_with_custom_date" time="0.690" /><testcase classname="backend.tests.test_iter124_bug_fixes.TestIter124BugFixes" name="test_05_expense_date_format_no_z_suffix" time="0.482" /><testcase classname="backend.tests.test_iter124_bug_fixes.TestIter124BugFixes" name="test_06_sale_date_format_no_z_suffix" time="0.570" /><testcase classname="backend.tests.test_iter124_bug_fixes.TestIter124BugFixes" name="test_99_cleanup_test_data" time="0.681" /></testsuite></testsuites>