<?xml version="1.0" encoding="utf-8"?><testsuites name="pytest tests"><testsuite name="pytest" errors="0" failures="0" skipped="0" tests="7" time="6.622" timestamp="2026-03-08T21:41:28.892790+00:00" hostname="agent-env-0616989b-9338-4ee8-9578-09a1da143860"><testcase classname="backend.tests.test_iter111_features.TestPINRegeneration" name="test_get_employees_with_pins" time="1.300" /><testcase classname="backend.tests.test_iter111_features.TestPINRegeneration" name="test_pin_regeneration_for_employee_with_existing_pin" time="1.483" /><testcase classname="backend.tests.test_iter111_features.TestPlatformReconciliationSummary" name="test_summary_returns_expected_fee_fields" time="0.407" /><testcase classname="backend.tests.test_iter111_features.TestPlatformReconciliationSummary" name="test_platform_data_has_fee_fields" time="0.412" /><testcase classname="backend.tests.test_iter111_features.TestPlatformCRUDWithProcessingFee" name="test_create_platform_with_processing_fee" time="0.831" /><testcase classname="backend.tests.test_iter111_features.TestPlatformCRUDWithProcessingFee" name="test_update_platform_processing_fee" time="1.658" /><testcase classname="backend.tests.test_iter111_features.TestPlatformReconciliationFeeCalculation" name="test_expected_fee_calculation" time="0.424" /></testsuite></testsuites>