<?xml version="1.0" encoding="utf-8"?><testsuites name="pytest tests"><testsuite name="pytest" errors="0" failures="0" skipped="0" tests="16" time="3.908" timestamp="2026-02-26T23:33:05.933624+00:00" hostname="agent-env-1ba5290a-9b16-42a4-9e40-b9b4e16c0968"><testcase classname="backend.tests.test_iteration23_features.TestAuth" name="test_admin_login" time="0.543" /><testcase classname="backend.tests.test_iteration23_features.TestSchedulerConfigAPI" name="test_get_scheduler_config_returns_5_jobs" time="0.413" /><testcase classname="backend.tests.test_iteration23_features.TestSchedulerConfigAPI" name="test_weekly_digest_has_day_of_week_field" time="0.087" /><testcase classname="backend.tests.test_iteration23_features.TestSchedulerConfigAPI" name="test_monthly_digest_has_day_field" time="0.110" /><testcase classname="backend.tests.test_iteration23_features.TestSchedulerConfigAPI" name="test_update_weekly_digest_day_of_week" time="0.160" /><testcase classname="backend.tests.test_iteration23_features.TestSchedulerConfigAPI" name="test_update_monthly_digest_day" time="0.220" /><testcase classname="backend.tests.test_iteration23_features.TestSchedulerConfigAPI" name="test_trigger_weekly_digest" time="0.114" /><testcase classname="backend.tests.test_iteration23_features.TestSchedulerConfigAPI" name="test_trigger_monthly_digest" time="0.094" /><testcase classname="backend.tests.test_iteration23_features.TestSchedulerConfigAPI" name="test_scheduler_logs_after_trigger" time="0.082" /><testcase classname="backend.tests.test_iteration23_features.TestSchedulerConfigAPI" name="test_update_scheduler_job_channels" time="0.088" /><testcase classname="backend.tests.test_iteration23_features.TestSchedulerConfigAPI" name="test_update_scheduler_job_time" time="0.193" /><testcase classname="backend.tests.test_iteration23_features.TestDashboardStatsAPI" name="test_dashboard_stats_endpoint" time="0.428" /><testcase classname="backend.tests.test_iteration23_features.TestExpensesAPI" name="test_expenses_list" time="0.393" /><testcase classname="backend.tests.test_iteration23_features.TestEmployeesAPI" name="test_employees_list" time="0.428" /><testcase classname="backend.tests.test_iteration23_features.TestEmployeesAPI" name="test_employees_pending_summary" time="0.089" /><testcase classname="backend.tests.test_iteration23_features.TestStockAPI" name="test_stock_balance" time="0.386" /></testsuite></testsuites>