<?xml version="1.0" encoding="utf-8"?><testsuites name="pytest tests"><testsuite name="pytest" errors="0" failures="0" skipped="0" tests="13" time="7.785" timestamp="2026-03-11T12:03:48.251945+00:00" hostname="agent-env-f8e2b66b-9ce9-4447-87cb-452cac534427"><testcase classname="backend.tests.test_iter134_notifications.TestNotificationEndpoints" name="test_01_get_notifications_admin" time="0.757" /><testcase classname="backend.tests.test_iter134_notifications.TestNotificationEndpoints" name="test_02_get_notifications_operator" time="0.667" /><testcase classname="backend.tests.test_iter134_notifications.TestNotificationEndpoints" name="test_03_notifications_structure" time="0.677" /><testcase classname="backend.tests.test_iter134_notifications.TestNotificationEndpoints" name="test_04_mark_notification_read" time="0.774" /><testcase classname="backend.tests.test_iter134_notifications.TestNotificationEndpoints" name="test_05_mark_nonexistent_notification_returns_404" time="0.691" /><testcase classname="backend.tests.test_iter134_notifications.TestNotificationEndpoints" name="test_06_mark_all_notifications_read" time="0.825" /><testcase classname="backend.tests.test_iter134_notifications.TestNotificationEndpoints" name="test_07_notifications_require_auth" time="0.852" /><testcase classname="backend.tests.test_iter134_notifications.TestTaskReminderWhatsAppChannel" name="test_01_create_reminder_with_whatsapp_channel" time="0.405" /><testcase classname="backend.tests.test_iter134_notifications.TestTaskReminderWhatsAppChannel" name="test_02_get_reminders_shows_whatsapp_channel" time="0.352" /><testcase classname="backend.tests.test_iter134_notifications.TestTaskReminderWhatsAppChannel" name="test_03_cleanup_test_reminder" time="0.458" /><testcase classname="backend.tests.test_iter134_notifications.TestAIDutyPlannerWhatsAppDefault" name="test_01_verify_whatsapp_in_channel_options" time="0.429" /><testcase classname="backend.tests.test_iter134_notifications.TestEmployeePortalNotificationsIntegration" name="test_01_operator_can_access_notifications" time="0.420" /><testcase classname="backend.tests.test_iter134_notifications.TestEmployeePortalNotificationsIntegration" name="test_02_notifications_sorted_by_created_at" time="0.352" /></testsuite></testsuites>