<?xml version="1.0" encoding="utf-8"?><testsuites name="pytest tests"><testsuite name="pytest" errors="0" failures="0" skipped="0" tests="10" time="53.234" timestamp="2026-03-04T22:54:42.452523+00:00" hostname="agent-env-e7e49360-367a-40c1-a1d6-3e067b58d0fc"><testcase classname="backend.tests.test_iter88_remote_dvr_features.TestAuth" name="test_login_success" time="0.329" /><testcase classname="backend.tests.test_iter88_remote_dvr_features.TestCCTVRemoteDVRFeatures" name="test_dvrs_created_with_connection_type" time="1.399" /><testcase classname="backend.tests.test_iter88_remote_dvr_features.TestCCTVRemoteDVRFeatures" name="test_snapshot_remote_dvr_returns_connection_error" time="10.102" /><testcase classname="backend.tests.test_iter88_remote_dvr_features.TestCCTVRemoteDVRFeatures" name="test_snapshot_local_dvr_returns_connection_error" time="10.110" /><testcase classname="backend.tests.test_iter88_remote_dvr_features.TestCCTVRemoteDVRFeatures" name="test_snapshot_cloud_dvr_with_ip_attempts_connection" time="10.116" /><testcase classname="backend.tests.test_iter88_remote_dvr_features.TestCCTVRemoteDVRFeatures" name="test_snapshot_cloud_dvr_without_ip_returns_helpful_message" time="0.098" /><testcase classname="backend.tests.test_iter88_remote_dvr_features.TestCCTVRemoteDVRFeatures" name="test_stream_info_remote_dvr_returns_type_remote" time="5.074" /><testcase classname="backend.tests.test_iter88_remote_dvr_features.TestCCTVRemoteDVRFeatures" name="test_stream_info_local_dvr_returns_type_local" time="5.211" /><testcase classname="backend.tests.test_iter88_remote_dvr_features.TestCCTVRemoteDVRFeatures" name="test_stream_info_cloud_dvr_returns_type_cloud" time="5.114" /><testcase classname="backend.tests.test_iter88_remote_dvr_features.TestCCTVRemoteDVRFeatures" name="test_stream_info_has_rtsp_urls_for_dvr_with_ip" time="5.579" /></testsuite></testsuites>