<?xml version="1.0" encoding="utf-8"?><testsuites name="pytest tests"><testsuite name="pytest" errors="0" failures="0" skipped="0" tests="9" time="5.115" timestamp="2026-03-05T09:34:53.748416+00:00" hostname="agent-env-e7e49360-367a-40c1-a1d6-3e067b58d0fc"><testcase classname="backend.tests.test_iter90_platform_sales_fix.TestPlatformSalesFix" name="test_platforms_list_returns_sales_totals" time="0.497" /><testcase classname="backend.tests.test_iter90_platform_sales_fix.TestPlatformSalesFix" name="test_platforms_summary_returns_correct_totals" time="0.432" /><testcase classname="backend.tests.test_iter90_platform_sales_fix.TestPlatformSalesFix" name="test_platforms_branch_summary" time="0.479" /><testcase classname="backend.tests.test_iter90_platform_sales_fix.TestPlatformSalesFix" name="test_platform_specific_sales" time="0.508" /><testcase classname="backend.tests.test_iter90_platform_sales_fix.TestPlatformSalesFix" name="test_platform_reconciliation" time="0.508" /><testcase classname="backend.tests.test_iter90_platform_sales_fix.TestPOSOnlineSaleCreation" name="test_create_online_sale_with_platform_id_and_payment_mode" time="0.693" /><testcase classname="backend.tests.test_iter90_platform_sales_fix.TestPOSOnlineSaleCreation" name="test_created_online_sale_appears_in_platform_summary" time="0.910" /><testcase classname="backend.tests.test_iter90_platform_sales_fix.TestPlatformPaymentsCalculation" name="test_calculate_platform_payment" time="0.521" /><testcase classname="backend.tests.test_iter90_platform_sales_fix.TestPlatformPaymentsCalculation" name="test_platform_payments_list" time="0.434" /></testsuite></testsuites>