<?xml version="1.0" encoding="utf-8"?><testsuites name="pytest tests"><testsuite name="pytest" errors="0" failures="0" skipped="0" tests="18" time="7.656" timestamp="2026-02-28T21:16:46.236995+00:00" hostname="agent-env-d1a4c56b-370b-453e-b50d-8cffb22cf191"><testcase classname="backend.tests.test_iteration40_zatca_settings.TestZatcaSettingsAPI" name="test_auth_works" time="0.379" /><testcase classname="backend.tests.test_iteration40_zatca_settings.TestZatcaSettingsAPI" name="test_get_zatca_settings_returns_200" time="0.374" /><testcase classname="backend.tests.test_iteration40_zatca_settings.TestZatcaSettingsAPI" name="test_get_zatca_settings_structure" time="0.351" /><testcase classname="backend.tests.test_iteration40_zatca_settings.TestZatcaSettingsAPI" name="test_get_zatca_settings_defaults" time="0.390" /><testcase classname="backend.tests.test_iteration40_zatca_settings.TestZatcaSettingsAPI" name="test_save_zatca_settings_returns_200" time="0.393" /><testcase classname="backend.tests.test_iteration40_zatca_settings.TestZatcaSettingsAPI" name="test_save_zatca_settings_persistence" time="0.414" /><testcase classname="backend.tests.test_iteration40_zatca_settings.TestZatcaSettingsAPI" name="test_save_zatca_settings_masks_secrets" time="0.412" /><testcase classname="backend.tests.test_iteration40_zatca_settings.TestZatcaSettingsAPI" name="test_save_zatca_settings_preserves_masked_secrets" time="0.475" /><testcase classname="backend.tests.test_iteration40_zatca_settings.TestZatcaSettingsAPI" name="test_zatca_test_connection_no_settings" time="0.352" /><testcase classname="backend.tests.test_iteration40_zatca_settings.TestZatcaSettingsAPI" name="test_zatca_test_connection_disabled" time="0.447" /><testcase classname="backend.tests.test_iteration40_zatca_settings.TestZatcaSettingsAPI" name="test_zatca_test_connection_no_csid" time="0.412" /><testcase classname="backend.tests.test_iteration40_zatca_settings.TestZatcaSettingsAPI" name="test_zatca_test_connection_invalid_csid_format" time="0.485" /><testcase classname="backend.tests.test_iteration40_zatca_settings.TestZatcaSettingsAPI" name="test_zatca_test_connection_valid_sandbox" time="0.429" /><testcase classname="backend.tests.test_iteration40_zatca_settings.TestZatcaSettingsAPI" name="test_zatca_test_connection_valid_production" time="0.428" /><testcase classname="backend.tests.test_iteration40_zatca_settings.TestZatcaSettingsAPI" name="test_zatca_status_returns_200" time="0.343" /><testcase classname="backend.tests.test_iteration40_zatca_settings.TestZatcaSettingsAPI" name="test_zatca_status_structure" time="0.348" /><testcase classname="backend.tests.test_iteration40_zatca_settings.TestZatcaSettingsAPI" name="test_zatca_status_reflects_settings" time="0.404" /><testcase classname="backend.tests.test_iteration40_zatca_settings.TestZatcaSettingsAPI" name="test_zatca_status_statistics_types" time="0.742" /></testsuite></testsuites>