<?xml version="1.0" encoding="utf-8"?><testsuites name="pytest tests"><testsuite name="pytest" errors="0" failures="0" skipped="0" tests="16" time="15.106" timestamp="2026-02-10T20:58:41.126798+00:00" hostname="agent-env-cd4e4a73-70d0-4612-869d-b83f00621fd3"><testcase classname="backend.tests.test_iteration7.TestSubCategories" name="test_create_parent_category" time="1.208" /><testcase classname="backend.tests.test_iteration7.TestSubCategories" name="test_create_sub_category_with_parent_id" time="0.795" /><testcase classname="backend.tests.test_iteration7.TestSubCategories" name="test_get_categories_returns_parent_id_field" time="0.351" /><testcase classname="backend.tests.test_iteration7.TestSubCategories" name="test_create_expense_subcategory" time="0.912" /><testcase classname="backend.tests.test_iteration7.TestSupplierSubCategory" name="test_create_supplier_with_sub_category" time="0.357" /><testcase classname="backend.tests.test_iteration7.TestSupplierSubCategory" name="test_get_suppliers_returns_sub_category" time="0.458" /><testcase classname="backend.tests.test_iteration7.TestExpenseSubCategory" name="test_create_expense_with_sub_category" time="0.459" /><testcase classname="backend.tests.test_iteration7.TestDocumentFileAttachment" name="test_create_document" time="0.351" /><testcase classname="backend.tests.test_iteration7.TestDocumentFileAttachment" name="test_upload_file_to_document" time="0.833" /><testcase classname="backend.tests.test_iteration7.TestDocumentFileAttachment" name="test_download_file_from_document" time="1.027" /><testcase classname="backend.tests.test_iteration7.TestPayslipGeneration" name="test_generate_payslip_returns_pdf" time="1.225" /><testcase classname="backend.tests.test_iteration7.TestPayslipGeneration" name="test_payslip_has_signature_area" time="0.918" /><testcase classname="backend.tests.test_iteration7.TestCompanyLogoUpload" name="test_upload_company_logo" time="0.451" /><testcase classname="backend.tests.test_iteration7.TestCleanup" name="test_cleanup_test_suppliers" time="0.900" /><testcase classname="backend.tests.test_iteration7.TestCleanup" name="test_cleanup_test_categories" time="1.853" /><testcase classname="backend.tests.test_iteration7.TestCleanup" name="test_cleanup_test_expenses" time="2.935" /></testsuite></testsuites>