<?xml version="1.0" encoding="utf-8"?><testsuites name="pytest tests"><testsuite name="pytest" errors="0" failures="0" skipped="0" tests="7" time="2.011" timestamp="2026-03-13T00:15:53.785352+00:00" hostname="agent-env-841bf039-d4af-4b80-b869-b82d4773e5e1"><testcase classname="backend.tests.test_iter142_bug_fixes.TestExportWithDates" name="test_export_expenses_with_dates_excel" time="0.429" /><testcase classname="backend.tests.test_iter142_bug_fixes.TestExportWithDates" name="test_export_expenses_with_dates_pdf" time="0.084" /><testcase classname="backend.tests.test_iter142_bug_fixes.TestExportWithDates" name="test_export_sales_with_dates" time="0.087" /><testcase classname="backend.tests.test_iter142_bug_fixes.TestExportWithDates" name="test_export_without_dates_works" time="0.097" /><testcase classname="backend.tests.test_iter142_bug_fixes.TestExpensesAPI" name="test_get_expenses_returns_supplier_id" time="0.404" /><testcase classname="backend.tests.test_iter142_bug_fixes.TestDailySummary" name="test_get_daily_summary" time="0.406" /><testcase classname="backend.tests.test_iter142_bug_fixes.TestSuppliersForLookup" name="test_get_suppliers" time="0.402" /></testsuite></testsuites>