<?xml version="1.0" encoding="utf-8"?><testsuites name="pytest tests"><testsuite name="pytest" errors="0" failures="0" skipped="0" tests="9" time="8.658" timestamp="2026-02-28T22:40:41.228375+00:00" hostname="agent-env-7083286e-9e22-469e-aa79-c22d20942f88"><testcase classname="backend.tests.test_iteration42_table_enhancements.TestTableEnhancements" name="test_get_sections_returns_five_sections" time="1.095" /><testcase classname="backend.tests.test_iteration42_table_enhancements.TestTableEnhancements" name="test_get_tables_returns_twenty_tables" time="0.539" /><testcase classname="backend.tests.test_iteration42_table_enhancements.TestTableEnhancements" name="test_tables_have_correct_sections" time="0.411" /><testcase classname="backend.tests.test_iteration42_table_enhancements.TestTableEnhancements" name="test_table_stats_shows_correct_totals" time="0.406" /><testcase classname="backend.tests.test_iteration42_table_enhancements.TestTableEnhancements" name="test_order_status_active_public_endpoint" time="0.411" /><testcase classname="backend.tests.test_iteration42_table_enhancements.TestTableEnhancements" name="test_start_order_includes_table_number_in_order" time="1.242" /><testcase classname="backend.tests.test_iteration42_table_enhancements.TestTableEnhancements" name="test_order_status_includes_table_info_for_dine_in_orders" time="3.699" /><testcase classname="backend.tests.test_iteration42_table_enhancements.TestWaiterPINLogin" name="test_waiter_pin_login" time="0.404" /><testcase classname="backend.tests.test_iteration42_table_enhancements" name="test_api_health" time="0.397" /></testsuite></testsuites>