<?xml version="1.0" encoding="utf-8"?><testsuites name="pytest tests"><testsuite name="pytest" errors="0" failures="0" skipped="0" tests="21" time="13.464" timestamp="2026-02-26T13:37:38.790120+00:00" hostname="agent-env-6e26c97c-21be-490d-8d35-0b001d557b5c"><testcase classname="backend.tests.test_iteration16_p3_p4_features.TestSchedulerConfigAPI" name="test_get_scheduler_config_returns_3_default_jobs" time="1.267" /><testcase classname="backend.tests.test_iteration16_p3_p4_features.TestSchedulerConfigAPI" name="test_get_scheduler_config_jobs_have_labels" time="0.465" /><testcase classname="backend.tests.test_iteration16_p3_p4_features.TestSchedulerConfigAPI" name="test_update_scheduler_config_enabled_flag" time="1.403" /><testcase classname="backend.tests.test_iteration16_p3_p4_features.TestSchedulerConfigAPI" name="test_update_scheduler_config_time" time="0.897" /><testcase classname="backend.tests.test_iteration16_p3_p4_features.TestSchedulerConfigAPI" name="test_update_scheduler_config_channels" time="0.840" /><testcase classname="backend.tests.test_iteration16_p3_p4_features.TestSchedulerTriggerAPI" name="test_trigger_daily_sales_job" time="0.815" /><testcase classname="backend.tests.test_iteration16_p3_p4_features.TestSchedulerTriggerAPI" name="test_trigger_low_stock_job" time="0.658" /><testcase classname="backend.tests.test_iteration16_p3_p4_features.TestSchedulerTriggerAPI" name="test_trigger_expense_summary_job" time="0.661" /><testcase classname="backend.tests.test_iteration16_p3_p4_features.TestSchedulerLogsAPI" name="test_get_scheduler_logs" time="0.418" /><testcase classname="backend.tests.test_iteration16_p3_p4_features.TestStockConsumptionReportAPI" name="test_get_consumption_report" time="0.435" /><testcase classname="backend.tests.test_iteration16_p3_p4_features.TestStockConsumptionReportAPI" name="test_get_consumption_report_with_days_param" time="0.436" /><testcase classname="backend.tests.test_iteration16_p3_p4_features.TestStockConsumptionReportAPI" name="test_get_consumption_report_with_branch_filter" time="0.856" /><testcase classname="backend.tests.test_iteration16_p3_p4_features.TestStockProfitabilityReportAPI" name="test_get_profitability_report" time="0.406" /><testcase classname="backend.tests.test_iteration16_p3_p4_features.TestStockProfitabilityReportAPI" name="test_profitability_report_with_branch_filter" time="0.845" /><testcase classname="backend.tests.test_iteration16_p3_p4_features.TestStockWastageReportAPI" name="test_get_wastage_report" time="0.455" /><testcase classname="backend.tests.test_iteration16_p3_p4_features.TestStockWastageReportAPI" name="test_wastage_report_with_days_param" time="0.432" /><testcase classname="backend.tests.test_iteration16_p3_p4_features.TestNoRegressions" name="test_dashboard_stats" time="0.427" /><testcase classname="backend.tests.test_iteration16_p3_p4_features.TestNoRegressions" name="test_sales_endpoint" time="0.408" /><testcase classname="backend.tests.test_iteration16_p3_p4_features.TestNoRegressions" name="test_employees_endpoint" time="0.425" /><testcase classname="backend.tests.test_iteration16_p3_p4_features.TestNoRegressions" name="test_stock_balance_endpoint" time="0.422" /><testcase classname="backend.tests.test_iteration16_p3_p4_features.TestNoRegressions" name="test_settings_email_endpoint" time="0.403" /></testsuite></testsuites>