<?xml version="1.0" encoding="utf-8"?><testsuites name="pytest tests"><testsuite name="pytest" errors="0" failures="0" skipped="0" tests="13" time="2.669" timestamp="2026-03-05T22:51:16.312159+00:00" hostname="agent-env-fca5334e-7e1f-427e-96ed-547f138126eb"><testcase classname="backend.tests.test_iter99_module_tours_auto_archive.TestAuth" name="test_admin_login" time="0.419" /><testcase classname="backend.tests.test_iter99_module_tours_auto_archive.TestDataManagementStats" name="test_get_data_stats" time="0.430" /><testcase classname="backend.tests.test_iter99_module_tours_auto_archive.TestDataManagementStats" name="test_stats_contain_required_fields" time="0.104" /><testcase classname="backend.tests.test_iter99_module_tours_auto_archive.TestAutoArchiveSettings" name="test_get_auto_archive_settings" time="0.100" /><testcase classname="backend.tests.test_iter99_module_tours_auto_archive.TestAutoArchiveSettings" name="test_update_auto_archive_settings" time="0.302" /><testcase classname="backend.tests.test_iter99_module_tours_auto_archive.TestAutoArchiveSettings" name="test_auto_archive_toggle_collections" time="0.268" /><testcase classname="backend.tests.test_iter99_module_tours_auto_archive.TestDataExport" name="test_export_sales_collection" time="0.078" /><testcase classname="backend.tests.test_iter99_module_tours_auto_archive.TestDataExport" name="test_export_expenses_collection" time="0.095" /><testcase classname="backend.tests.test_iter99_module_tours_auto_archive.TestDataExport" name="test_export_notifications_collection" time="0.090" /><testcase classname="backend.tests.test_iter99_module_tours_auto_archive.TestDataExport" name="test_export_invalid_collection_returns_error" time="0.096" /><testcase classname="backend.tests.test_iter99_module_tours_auto_archive.TestAccessControl" name="test_data_management_requires_admin" time="0.380" /><testcase classname="backend.tests.test_iter99_module_tours_auto_archive.TestSchedulerConfig" name="test_get_scheduler_config" time="0.092" /><testcase classname="backend.tests.test_iter99_module_tours_auto_archive.TestSchedulerConfig" name="test_get_scheduler_logs" time="0.081" /></testsuite></testsuites>