<?xml version="1.0" encoding="utf-8"?><testsuites name="pytest tests"><testsuite name="pytest" errors="0" failures="1" skipped="0" tests="19" time="7.263" timestamp="2026-02-26T21:17:58.848612+00:00" hostname="agent-env-6e26c97c-21be-490d-8d35-0b001d557b5c"><testcase classname="backend.tests.test_iteration19_stock_transfers.TestStockTransferWorkflow" name="test_01_get_transfers_returns_list" time="0.700" /><testcase classname="backend.tests.test_iteration19_stock_transfers.TestStockTransferWorkflow" name="test_02_create_transfer_success" time="0.625" /><testcase classname="backend.tests.test_iteration19_stock_transfers.TestStockTransferWorkflow" name="test_03_create_transfer_validation_same_branch" time="0.106" /><testcase classname="backend.tests.test_iteration19_stock_transfers.TestStockTransferWorkflow" name="test_04_create_transfer_validation_missing_items" time="0.058" /><testcase classname="backend.tests.test_iteration19_stock_transfers.TestStockTransferWorkflow" name="test_05_create_transfer_validation_missing_branches" time="0.098" /><testcase classname="backend.tests.test_iteration19_stock_transfers.TestStockTransferWorkflow" name="test_06_approve_transfer" time="0.499" /><testcase classname="backend.tests.test_iteration19_stock_transfers.TestStockTransferWorkflow" name="test_07_approve_already_approved_fails" time="0.487" /><testcase classname="backend.tests.test_iteration19_stock_transfers.TestStockTransferWorkflow" name="test_08_complete_approved_transfer" time="0.525" /><testcase classname="backend.tests.test_iteration19_stock_transfers.TestStockTransferWorkflow" name="test_09_complete_pending_fails" time="0.491" /><testcase classname="backend.tests.test_iteration19_stock_transfers.TestStockTransferWorkflow" name="test_10_reject_transfer_with_reason" time="0.454" /><testcase classname="backend.tests.test_iteration19_stock_transfers.TestStockTransferWorkflow" name="test_11_reject_approved_fails" time="0.630" /><testcase classname="backend.tests.test_iteration19_stock_transfers.TestStockTransferWorkflow" name="test_12_delete_pending_transfer" time="0.419" /><testcase classname="backend.tests.test_iteration19_stock_transfers.TestStockTransferWorkflow" name="test_13_delete_rejected_transfer" time="0.421" /><testcase classname="backend.tests.test_iteration19_stock_transfers.TestStockTransferWorkflow" name="test_14_delete_completed_fails" time="0.525" /><testcase classname="backend.tests.test_iteration19_stock_transfers.TestStockTransferWorkflow" name="test_15_full_transfer_workflow" time="0.522" /><testcase classname="backend.tests.test_iteration19_stock_transfers.TestRegressions" name="test_16_dashboard_still_works" time="0.411"><failure message="assert 404 == 200&#10; +  where 404 = &lt;Response [404]&gt;.status_code">backend/tests/test_iteration19_stock_transfers.py:453: in test_16_dashboard_still_works
    assert response.status_code == 200
E   assert 404 == 200
E    +  where 404 = &lt;Response [404]&gt;.status_code</failure></testcase><testcase classname="backend.tests.test_iteration19_stock_transfers.TestRegressions" name="test_17_stock_api_still_works" time="0.047" /><testcase classname="backend.tests.test_iteration19_stock_transfers.TestRegressions" name="test_18_branches_api_still_works" time="0.041" /><testcase classname="backend.tests.test_iteration19_stock_transfers.TestRegressions" name="test_19_sales_api_still_works" time="0.048" /></testsuite></testsuites>