<?xml version="1.0" encoding="utf-8"?><testsuites name="pytest tests"><testsuite name="pytest" errors="0" failures="0" skipped="0" tests="11" time="9.722" timestamp="2026-03-07T21:26:15.252664+00:00" hostname="agent-env-4226ddf7-5838-4d74-a7e9-8608ef3b9fbc"><testcase classname="backend.tests.test_iter104_dashboard_daily_summary_tours.TestDashboardBranchFiltering" name="test_dashboard_stats_without_branch_filter" time="1.523" /><testcase classname="backend.tests.test_iter104_dashboard_daily_summary_tours.TestDashboardBranchFiltering" name="test_dashboard_stats_with_branch_filter" time="0.944" /><testcase classname="backend.tests.test_iter104_dashboard_daily_summary_tours.TestTodayVsYesterdayBranchFiltering" name="test_today_vs_yesterday_without_branch_filter" time="1.228" /><testcase classname="backend.tests.test_iter104_dashboard_daily_summary_tours.TestTodayVsYesterdayBranchFiltering" name="test_today_vs_yesterday_with_branch_filter" time="0.844" /><testcase classname="backend.tests.test_iter104_dashboard_daily_summary_tours.TestDailySummaryRangeEndpoint" name="test_daily_summary_range_basic" time="1.114" /><testcase classname="backend.tests.test_iter104_dashboard_daily_summary_tours.TestDailySummaryRangeEndpoint" name="test_daily_summary_range_totals_structure" time="0.446" /><testcase classname="backend.tests.test_iter104_dashboard_daily_summary_tours.TestDailySummaryRangeEndpoint" name="test_daily_summary_range_daily_breakdown" time="0.452" /><testcase classname="backend.tests.test_iter104_dashboard_daily_summary_tours.TestDailySummaryRangeEndpoint" name="test_daily_summary_range_with_branch_filter" time="0.880" /><testcase classname="backend.tests.test_iter104_dashboard_daily_summary_tours.TestExistingSingleDaySummary" name="test_single_day_summary" time="1.184" /><testcase classname="backend.tests.test_iter104_dashboard_daily_summary_tours.TestQuickAccessButtonPaths" name="test_cashier_route_exists" time="0.718" /><testcase classname="backend.tests.test_iter104_dashboard_daily_summary_tours.TestModuleTours" name="test_module_tours_configured" time="0.000" /></testsuite></testsuites>