<?xml version="1.0" encoding="utf-8"?><testsuites name="pytest tests"><testsuite name="pytest" errors="0" failures="1" skipped="0" tests="16" time="22.391" timestamp="2026-02-26T13:57:41.701014+00:00" hostname="agent-env-6e26c97c-21be-490d-8d35-0b001d557b5c"><testcase classname="backend.tests.test_iteration17_new_features.TestPOSFeature" name="test_branches_endpoint" time="1.291" /><testcase classname="backend.tests.test_iteration17_new_features.TestPOSFeature" name="test_customers_endpoint" time="0.408" /><testcase classname="backend.tests.test_iteration17_new_features.TestPOSFeature" name="test_categories_endpoint" time="0.712" /><testcase classname="backend.tests.test_iteration17_new_features.TestPOSFeature" name="test_dashboard_stats_endpoint" time="0.433" /><testcase classname="backend.tests.test_iteration17_new_features.TestPOSFeature" name="test_create_pos_sale" time="0.992"><failure message="AssertionError: Failed to create POS sale: {&quot;detail&quot;:[{&quot;type&quot;:&quot;missing&quot;,&quot;loc&quot;:[&quot;body&quot;,&quot;sale_type&quot;],&quot;msg&quot;:&quot;Field required&quot;,&quot;input&quot;:{&quot;amount&quot;:100.0,&quot;payment_mode&quot;:&quot;cash&quot;,&quot;branch_id&quot;:&quot;1c348f2b-294e-4353-bac1-0e32f759f109&quot;,&quot;description&quot;:&quot;TEST_POS_Sale&quot;,&quot;date&quot;:&quot;2026-01-15T12:00:00Z&quot;},&quot;url&quot;:&quot;https://errors.pydantic.dev/2.12/v/missing&quot;},{&quot;type&quot;:&quot;missing&quot;,&quot;loc&quot;:[&quot;body&quot;,&quot;payment_details&quot;],&quot;msg&quot;:&quot;Field required&quot;,&quot;input&quot;:{&quot;amount&quot;:100.0,&quot;payment_mode&quot;:&quot;cash&quot;,&quot;branch_id&quot;:&quot;1c348f2b-294e-4353-bac1-0e32f759f109&quot;,&quot;description&quot;:&quot;TEST_POS_Sale&quot;,&quot;date&quot;:&quot;2026-01-15T12:00:00Z&quot;},&quot;url&quot;:&quot;https://errors.pydantic.dev/2.12/v/missing&quot;}]}&#10;assert 422 in [200, 201]&#10; +  where 422 = &lt;Response [422]&gt;.status_code">backend/tests/test_iteration17_new_features.py:102: in test_create_pos_sale
    assert response.status_code in [200, 201], f"Failed to create POS sale: {response.text}"
E   AssertionError: Failed to create POS sale: {"detail":[{"type":"missing","loc":["body","sale_type"],"msg":"Field required","input":{"amount":100.0,"payment_mode":"cash","branch_id":"1c348f2b-294e-4353-bac1-0e32f759f109","description":"TEST_POS_Sale","date":"2026-01-15T12:00:00Z"},"url":"https://errors.pydantic.dev/2.12/v/missing"},{"type":"missing","loc":["body","payment_details"],"msg":"Field required","input":{"amount":100.0,"payment_mode":"cash","branch_id":"1c348f2b-294e-4353-bac1-0e32f759f109","description":"TEST_POS_Sale","date":"2026-01-15T12:00:00Z"},"url":"https://errors.pydantic.dev/2.12/v/missing"}]}
E   assert 422 in [200, 201]
E    +  where 422 = &lt;Response [422]&gt;.status_code</failure></testcase><testcase classname="backend.tests.test_iteration17_new_features.TestPOSFeature" name="test_create_pos_expense" time="0.825" /><testcase classname="backend.tests.test_iteration17_new_features.TestEmployeeResignation" name="test_employees_list_has_status_field" time="1.066" /><testcase classname="backend.tests.test_iteration17_new_features.TestEmployeeResignation" name="test_settlement_endpoint" time="0.397" /><testcase classname="backend.tests.test_iteration17_new_features.TestEmployeeResignation" name="test_resign_endpoint_exists" time="1.744" /><testcase classname="backend.tests.test_iteration17_new_features.TestEmployeeResignation" name="test_complete_exit_endpoint_exists" time="2.115" /><testcase classname="backend.tests.test_iteration17_new_features.TestAIShiftRecommendation" name="test_ai_recommend_endpoint_exists" time="9.469" /><testcase classname="backend.tests.test_iteration17_new_features.TestAIShiftRecommendation" name="test_shifts_endpoint" time="0.554" /><testcase classname="backend.tests.test_iteration17_new_features.TestAIShiftRecommendation" name="test_shift_assignments_endpoint" time="0.426" /><testcase classname="backend.tests.test_iteration17_new_features.TestRegressions" name="test_dashboard_loads" time="1.020" /><testcase classname="backend.tests.test_iteration17_new_features.TestRegressions" name="test_sales_endpoint" time="0.404" /><testcase classname="backend.tests.test_iteration17_new_features.TestRegressions" name="test_employees_endpoint" time="0.437" /></testsuite></testsuites>