<?xml version="1.0" encoding="utf-8"?><testsuites name="pytest tests"><testsuite name="pytest" errors="0" failures="0" skipped="0" tests="13" time="5.215" timestamp="2026-03-05T23:18:17.590396+00:00" hostname="agent-env-fca5334e-7e1f-427e-96ed-547f138126eb"><testcase classname="backend.tests.test_iter100_new_features.TestHealthAndAuth" name="test_api_root_endpoint" time="0.140" /><testcase classname="backend.tests.test_iter100_new_features.TestHealthAndAuth" name="test_admin_login" time="0.344" /><testcase classname="backend.tests.test_iter100_new_features.TestSmartArchiveRecommendations" name="test_recommendations_endpoint_returns_health_score" time="0.406" /><testcase classname="backend.tests.test_iter100_new_features.TestSmartArchiveRecommendations" name="test_recommendations_endpoint_returns_recommendations_array" time="0.401" /><testcase classname="backend.tests.test_iter100_new_features.TestSmartArchiveRecommendations" name="test_recommendations_endpoint_returns_analyzed_metadata" time="0.414" /><testcase classname="backend.tests.test_iter100_new_features.TestAutoArchiveSettings" name="test_get_auto_archive_settings" time="0.393" /><testcase classname="backend.tests.test_iter100_new_features.TestAutoArchiveSettings" name="test_toggle_auto_archive_settings" time="0.591" /><testcase classname="backend.tests.test_iter100_new_features.TestDataManagementStats" name="test_data_management_stats_returns_7_collections" time="0.401" /><testcase classname="backend.tests.test_iter100_new_features.TestDataManagementStats" name="test_data_management_stats_structure" time="0.404" /><testcase classname="backend.tests.test_iter100_new_features.TestExistingModuleTours" name="test_sales_api_accessible" time="0.396" /><testcase classname="backend.tests.test_iter100_new_features.TestExistingModuleTours" name="test_stock_balance_api_accessible" time="0.405" /><testcase classname="backend.tests.test_iter100_new_features.TestExistingModuleTours" name="test_employees_api_accessible" time="0.387" /><testcase classname="backend.tests.test_iter100_new_features.TestExistingModuleTours" name="test_dashboard_stats_accessible" time="0.407" /></testsuite></testsuites>