<?xml version="1.0" encoding="utf-8"?><testsuites name="pytest tests"><testsuite name="pytest" errors="0" failures="0" skipped="0" tests="7" time="2.492" timestamp="2026-03-04T10:38:12.162148+00:00" hostname="agent-env-96f17788-a470-4994-bd93-bf5688621033"><testcase classname="backend.tests.test_supplier_reminders_iter78.TestSupplierReminderConfig" name="test_get_reminder_config_returns_defaults" time="0.851" /><testcase classname="backend.tests.test_supplier_reminders_iter78.TestSupplierReminderConfig" name="test_save_reminder_config" time="0.191" /><testcase classname="backend.tests.test_supplier_reminders_iter78.TestSupplierReminderTest" name="test_run_reminder_test" time="0.572" /><testcase classname="backend.tests.test_supplier_reminders_iter78.TestSupplierReminderHistory" name="test_get_reminder_history" time="0.080" /><testcase classname="backend.tests.test_supplier_reminders_iter78.TestSupplierReminderIntegration" name="test_config_toggle_thresholds" time="0.203" /><testcase classname="backend.tests.test_supplier_reminders_iter78.TestSupplierReminderIntegration" name="test_add_remove_recipients" time="0.371" /><testcase classname="backend.tests.test_supplier_reminders_iter78.TestSupplierReminderTestEndpointDetails" name="test_test_endpoint_returns_supplier_summary" time="0.092" /></testsuite></testsuites>