<?xml version="1.0" encoding="utf-8"?><testsuites name="pytest tests"><testsuite name="pytest" errors="0" failures="0" skipped="0" tests="13" time="1.958" timestamp="2026-03-09T11:40:39.903703+00:00" hostname="agent-env-1b956cd3-b940-4e15-bd6f-264d8859db69"><testcase classname="backend.tests.test_iter119_dashboard_daily_summary_fix.TestDashboardDailySummaryFix" name="test_dashboard_stats_returns_cash_bank_online" time="0.459" /><testcase classname="backend.tests.test_iter119_dashboard_daily_summary_fix.TestDashboardDailySummaryFix" name="test_dashboard_stats_expense_by_category" time="0.089" /><testcase classname="backend.tests.test_iter119_dashboard_daily_summary_fix.TestDashboardDailySummaryFix" name="test_daily_summary_single_day_march_5" time="0.098" /><testcase classname="backend.tests.test_iter119_dashboard_daily_summary_fix.TestDashboardDailySummaryFix" name="test_daily_summary_payment_breakdown" time="0.094" /><testcase classname="backend.tests.test_iter119_dashboard_daily_summary_fix.TestDashboardDailySummaryFix" name="test_daily_summary_range_not_doubled" time="0.114" /><testcase classname="backend.tests.test_iter119_dashboard_daily_summary_fix.TestDashboardDailySummaryFix" name="test_daily_summary_range_payment_breakdown" time="0.084" /><testcase classname="backend.tests.test_iter119_dashboard_daily_summary_fix.TestDashboardDailySummaryFix" name="test_daily_breakdown_in_range" time="0.085" /><testcase classname="backend.tests.test_iter119_dashboard_daily_summary_fix.TestDashboardDailySummaryFix" name="test_sales_api_returns_data" time="0.093" /><testcase classname="backend.tests.test_iter119_dashboard_daily_summary_fix.TestDashboardDailySummaryFix" name="test_sales_final_amount_calculation" time="0.109" /><testcase classname="backend.tests.test_iter119_dashboard_daily_summary_fix.TestDashboardDailySummaryFix" name="test_today_vs_yesterday_endpoint" time="0.095" /><testcase classname="backend.tests.test_iter119_dashboard_daily_summary_fix.TestDashboardDailySummaryFix" name="test_export_center_still_works" time="0.081" /><testcase classname="backend.tests.test_iter119_dashboard_daily_summary_fix.TestLoginFlow" name="test_login_with_admin_credentials" time="0.324" /><testcase classname="backend.tests.test_iter119_dashboard_daily_summary_fix.TestLoginFlow" name="test_login_with_invalid_credentials" time="0.109" /></testsuite></testsuites>