<?xml version="1.0" encoding="utf-8"?><testsuites name="pytest tests"><testsuite name="pytest" errors="0" failures="0" skipped="0" tests="10" time="1.845" timestamp="2026-03-09T08:50:35.398183+00:00" hostname="agent-env-0616989b-9338-4ee8-9578-09a1da143860"><testcase classname="backend.tests.test_iter116_duplicate_report.TestDuplicateReportScan" name="test_scan_duplicates_default_30_days" time="0.750" /><testcase classname="backend.tests.test_iter116_duplicate_report.TestDuplicateReportScan" name="test_scan_duplicates_custom_days_7" time="0.112" /><testcase classname="backend.tests.test_iter116_duplicate_report.TestDuplicateReportScan" name="test_scan_duplicates_custom_days_90" time="0.103" /><testcase classname="backend.tests.test_iter116_duplicate_report.TestDuplicateReportScan" name="test_scan_duplicates_sales_structure" time="0.124" /><testcase classname="backend.tests.test_iter116_duplicate_report.TestDuplicateReportScan" name="test_scan_duplicates_expenses_structure" time="0.120" /><testcase classname="backend.tests.test_iter116_duplicate_report.TestDuplicateReportScan" name="test_scan_duplicates_supplier_payments_structure" time="0.106" /><testcase classname="backend.tests.test_iter116_duplicate_report.TestDuplicateReportScan" name="test_scan_requires_authentication" time="0.093" /><testcase classname="backend.tests.test_iter116_duplicate_report.TestDuplicateReportScan" name="test_scan_summary_counts_match" time="0.108" /><testcase classname="backend.tests.test_iter116_duplicate_report.TestAnomalyDetectionAccess" name="test_anomaly_history_endpoint" time="0.092" /><testcase classname="backend.tests.test_iter116_duplicate_report.TestAnomalyDetectionAccess" name="test_anomaly_scan_endpoint" time="0.101" /></testsuite></testsuites>