<?xml version="1.0" encoding="utf-8"?><testsuites name="pytest tests"><testsuite name="pytest" errors="0" failures="0" skipped="0" tests="6" time="4.644" timestamp="2026-03-10T22:23:14.370195+00:00" hostname="agent-env-033c6b5e-3bd8-41fb-94e6-396812ce83b4"><testcase classname="backend.tests.test_iter126_supplier_credit_balance.TestSupplierCreditBalance" name="test_01_credit_payment_mode_increases_credit" time="0.773" /><testcase classname="backend.tests.test_iter126_supplier_credit_balance.TestSupplierCreditBalance" name="test_02_cash_payment_mode_decreases_credit" time="0.831" /><testcase classname="backend.tests.test_iter126_supplier_credit_balance.TestSupplierCreditBalance" name="test_03_bank_payment_mode_decreases_credit" time="0.708" /><testcase classname="backend.tests.test_iter126_supplier_credit_balance.TestSupplierCreditBalance" name="test_04_delete_credit_payment_reverses_increase" time="0.624" /><testcase classname="backend.tests.test_iter126_supplier_credit_balance.TestSupplierCreditBalance" name="test_05_delete_cash_payment_reverses_decrease" time="0.741" /><testcase classname="backend.tests.test_iter126_supplier_credit_balance.TestSupplierCreditBalance" name="test_06_full_flow_credit_then_cash_then_verify" time="0.846" /></testsuite></testsuites>