<?xml version="1.0" encoding="utf-8"?><testsuites name="pytest tests"><testsuite name="pytest" errors="0" failures="0" skipped="0" tests="18" time="3.395" timestamp="2026-03-04T19:43:25.539498+00:00" hostname="agent-env-b29314e0-139f-4d8a-ba4c-2518c2e184ab"><testcase classname="backend.tests.test_iter84_new_features.TestSupplierReturns" name="test_get_supplier_returns" time="0.502" /><testcase classname="backend.tests.test_iter84_new_features.TestSupplierReturns" name="test_create_supplier_return_credit" time="0.189" /><testcase classname="backend.tests.test_iter84_new_features.TestSupplierReturns" name="test_create_supplier_return_cash_refund" time="0.088" /><testcase classname="backend.tests.test_iter84_new_features.TestSupplierReturns" name="test_create_supplier_return_full_invoice" time="0.117" /><testcase classname="backend.tests.test_iter84_new_features.TestSupplierReturns" name="test_delete_supplier_return" time="0.192" /><testcase classname="backend.tests.test_iter84_new_features.TestSupplierReturns" name="test_supplier_returns_invalid_supplier" time="0.132" /><testcase classname="backend.tests.test_iter84_new_features.TestBillImageUpload" name="test_upload_bill_image" time="0.133" /><testcase classname="backend.tests.test_iter84_new_features.TestExpenseRefunds" name="test_create_expense_refund" time="0.080" /><testcase classname="backend.tests.test_iter84_new_features.TestExpenseRefunds" name="test_get_expense_refunds" time="0.088" /><testcase classname="backend.tests.test_iter84_new_features.TestScheduledReports" name="test_get_scheduled_reports" time="0.104" /><testcase classname="backend.tests.test_iter84_new_features.TestScheduledReports" name="test_create_scheduled_report" time="0.113" /><testcase classname="backend.tests.test_iter84_new_features.TestScheduledReports" name="test_update_scheduled_report" time="0.185" /><testcase classname="backend.tests.test_iter84_new_features.TestScheduledReports" name="test_send_now_scheduled_report" time="0.172" /><testcase classname="backend.tests.test_iter84_new_features.TestScheduledReports" name="test_delete_scheduled_report" time="0.204" /><testcase classname="backend.tests.test_iter84_new_features.TestEmployeeStatusFilter" name="test_get_employees" time="0.089" /><testcase classname="backend.tests.test_iter84_new_features.TestEmployeeStatusFilter" name="test_employee_has_status_field" time="0.102" /><testcase classname="backend.tests.test_iter84_new_features.TestCleanup" name="test_cleanup_test_returns" time="0.428" /><testcase classname="backend.tests.test_iter84_new_features.TestCleanup" name="test_cleanup_test_scheduled_reports" time="0.338" /></testsuite></testsuites>