<?xml version="1.0" encoding="utf-8"?><testsuites name="pytest tests"><testsuite name="pytest" errors="0" failures="0" skipped="0" tests="52" time="78.714" timestamp="2026-02-10T13:05:37.982518+00:00" hostname="agent-env-cd4e4a73-70d0-4612-869d-b83f00621fd3"><testcase classname="backend.tests.test_api.TestApiHealth" name="test_api_root_returns_200" time="1.520" /><testcase classname="backend.tests.test_api.TestAuth" name="test_login_with_valid_credentials" time="0.687" /><testcase classname="backend.tests.test_api.TestAuth" name="test_login_with_invalid_credentials" time="0.677" /><testcase classname="backend.tests.test_api.TestAuth" name="test_register_duplicate_email_rejected" time="0.445" /><testcase classname="backend.tests.test_api.TestAuthenticatedEndpoints" name="test_get_current_user" time="1.352" /><testcase classname="backend.tests.test_api.TestAuthenticatedEndpoints" name="test_dashboard_stats_returns_correct_structure" time="1.157" /><testcase classname="backend.tests.test_api.TestBranches" name="test_get_branches" time="1.039" /><testcase classname="backend.tests.test_api.TestBranches" name="test_create_branch" time="1.835" /><testcase classname="backend.tests.test_api.TestCustomers" name="test_create_and_get_customer" time="1.837" /><testcase classname="backend.tests.test_api.TestCustomers" name="test_update_customer" time="2.600" /><testcase classname="backend.tests.test_api.TestCustomers" name="test_delete_customer" time="1.585" /><testcase classname="backend.tests.test_api.TestSuppliers" name="test_create_supplier_with_category" time="1.732" /><testcase classname="backend.tests.test_api.TestSuppliers" name="test_pay_supplier_credit" time="2.363" /><testcase classname="backend.tests.test_api.TestCategories" name="test_get_supplier_categories" time="1.166" /><testcase classname="backend.tests.test_api.TestCategories" name="test_get_expense_categories" time="1.459" /><testcase classname="backend.tests.test_api.TestCategories" name="test_create_category" time="1.621" /><testcase classname="backend.tests.test_api.TestSales" name="test_create_sale_with_split_payment" time="2.827" /><testcase classname="backend.tests.test_api.TestSales" name="test_create_credit_sale" time="2.511" /><testcase classname="backend.tests.test_api.TestSales" name="test_receive_credit_payment" time="3.564" /><testcase classname="backend.tests.test_api.TestExpenses" name="test_create_expense" time="1.282" /><testcase classname="backend.tests.test_api.TestExpenses" name="test_get_expenses" time="1.045" /><testcase classname="backend.tests.test_api.TestReports" name="test_credit_sales_report" time="1.038" /><testcase classname="backend.tests.test_api.TestReports" name="test_supplier_report" time="0.938" /><testcase classname="backend.tests.test_api.TestReports" name="test_category_report" time="1.351" /><testcase classname="backend.tests.test_api.TestUsers" name="test_get_users_as_admin" time="1.057" /><testcase classname="backend.tests.test_api.TestUsers" name="test_create_user_as_admin" time="2.135" /><testcase classname="backend.tests.test_api.TestExport" name="test_export_pdf" time="1.020" /><testcase classname="backend.tests.test_api.TestExport" name="test_export_excel" time="1.433" /><testcase classname="backend.tests.test_iteration3.TestNewReportEndpoints" name="test_branch_cashbank_report_endpoint" time="1.160" /><testcase classname="backend.tests.test_iteration3.TestNewReportEndpoints" name="test_supplier_balance_report_all_time" time="1.130" /><testcase classname="backend.tests.test_iteration3.TestNewReportEndpoints" name="test_supplier_balance_report_with_period_today" time="0.942" /><testcase classname="backend.tests.test_iteration3.TestNewReportEndpoints" name="test_supplier_balance_report_with_period_month" time="1.460" /><testcase classname="backend.tests.test_iteration3.TestNewReportEndpoints" name="test_supplier_balance_report_with_period_year" time="1.049" /><testcase classname="backend.tests.test_iteration3.TestGenericExportEndpoint" name="test_export_sales_excel" time="1.485" /><testcase classname="backend.tests.test_iteration3.TestGenericExportEndpoint" name="test_export_sales_pdf" time="1.337" /><testcase classname="backend.tests.test_iteration3.TestGenericExportEndpoint" name="test_export_expenses_excel" time="1.264" /><testcase classname="backend.tests.test_iteration3.TestGenericExportEndpoint" name="test_export_expenses_pdf" time="1.042" /><testcase classname="backend.tests.test_iteration3.TestGenericExportEndpoint" name="test_export_supplier_payments_excel" time="1.145" /><testcase classname="backend.tests.test_iteration3.TestGenericExportEndpoint" name="test_export_supplier_payments_pdf" time="1.462" /><testcase classname="backend.tests.test_iteration3.TestGenericExportEndpoint" name="test_export_customers_excel" time="1.134" /><testcase classname="backend.tests.test_iteration3.TestGenericExportEndpoint" name="test_export_customers_pdf" time="1.043" /><testcase classname="backend.tests.test_iteration3.TestGenericExportEndpoint" name="test_export_suppliers_excel" time="1.252" /><testcase classname="backend.tests.test_iteration3.TestGenericExportEndpoint" name="test_export_suppliers_pdf" time="0.916" /><testcase classname="backend.tests.test_iteration3.TestGenericExportEndpoint" name="test_export_invalid_type" time="1.433" /><testcase classname="backend.tests.test_iteration3.TestBranchSelectionInPayments" name="test_supplier_payment_with_branch_id" time="2.805" /><testcase classname="backend.tests.test_iteration3.TestBranchSelectionInPayments" name="test_supplier_payment_without_branch_id" time="2.177" /><testcase classname="backend.tests.test_iteration3.TestBranchSelectionInPayments" name="test_expense_with_branch_id" time="2.120" /><testcase classname="backend.tests.test_iteration3.TestBranchSelectionInPayments" name="test_expense_without_branch_id" time="1.411" /><testcase classname="backend.tests.test_iteration3.TestPaySupplierCreditWithBranch" name="test_pay_credit_with_branch_id" time="4.134" /><testcase classname="backend.tests.test_iteration3.TestExistingReportEndpoints" name="test_credit_sales_report" time="1.055" /><testcase classname="backend.tests.test_iteration3.TestExistingReportEndpoints" name="test_supplier_report" time="1.041" /><testcase classname="backend.tests.test_iteration3.TestExistingReportEndpoints" name="test_supplier_categories_report" time="1.345" /></testsuite></testsuites>