<?xml version="1.0" encoding="utf-8"?><testsuites name="pytest tests"><testsuite name="pytest" errors="0" failures="0" skipped="0" tests="23" time="3.749" timestamp="2026-03-15T13:12:53.009870+00:00" hostname="agent-env-0638f3fd-5458-4d11-8e66-4e42b92cd22a"><testcase classname="backend.tests.test_iter146_rbac_stripe_analytics.TestRoleTemplatesGet" name="test_get_role_templates_returns_system_templates" time="0.452" /><testcase classname="backend.tests.test_iter146_rbac_stripe_analytics.TestRoleTemplatesGet" name="test_get_role_templates_requires_admin" time="0.313" /><testcase classname="backend.tests.test_iter146_rbac_stripe_analytics.TestRoleTemplatesCreate" name="test_create_custom_role_template" time="0.051" /><testcase classname="backend.tests.test_iter146_rbac_stripe_analytics.TestRoleTemplatesCreate" name="test_create_role_template_name_required" time="0.045" /><testcase classname="backend.tests.test_iter146_rbac_stripe_analytics.TestRoleTemplatesCreate" name="test_create_duplicate_name_rejected" time="0.085" /><testcase classname="backend.tests.test_iter146_rbac_stripe_analytics.TestRoleTemplatesUpdate" name="test_update_role_template_permissions" time="0.088" /><testcase classname="backend.tests.test_iter146_rbac_stripe_analytics.TestRoleTemplatesUpdate" name="test_update_nonexistent_template_404" time="0.052" /><testcase classname="backend.tests.test_iter146_rbac_stripe_analytics.TestRoleTemplatesDelete" name="test_delete_custom_template" time="0.082" /><testcase classname="backend.tests.test_iter146_rbac_stripe_analytics.TestRoleTemplatesDelete" name="test_cannot_delete_system_template" time="0.090" /><testcase classname="backend.tests.test_iter146_rbac_stripe_analytics.TestTenantAnalytics" name="test_get_analytics_super_admin" time="0.105" /><testcase classname="backend.tests.test_iter146_rbac_stripe_analytics.TestTenantAnalytics" name="test_get_analytics_regular_admin_forbidden" time="0.051" /><testcase classname="backend.tests.test_iter146_rbac_stripe_analytics.TestTenantAnalytics" name="test_analytics_monthly_growth_structure" time="0.055" /><testcase classname="backend.tests.test_iter146_rbac_stripe_analytics.TestTenantAnalytics" name="test_analytics_revenue_by_plan_structure" time="0.055" /><testcase classname="backend.tests.test_iter146_rbac_stripe_analytics.TestStripeCheckout" name="test_create_checkout_session_starter" time="0.732" /><testcase classname="backend.tests.test_iter146_rbac_stripe_analytics.TestStripeCheckout" name="test_create_checkout_session_business" time="0.528" /><testcase classname="backend.tests.test_iter146_rbac_stripe_analytics.TestStripeCheckout" name="test_checkout_invalid_plan_rejected" time="0.049" /><testcase classname="backend.tests.test_iter146_rbac_stripe_analytics.TestStripeCheckout" name="test_checkout_requires_admin" time="0.042" /><testcase classname="backend.tests.test_iter146_rbac_stripe_analytics.TestPaymentHistory" name="test_get_payment_history" time="0.042" /><testcase classname="backend.tests.test_iter146_rbac_stripe_analytics.TestPaymentHistory" name="test_payment_history_requires_admin" time="0.044" /><testcase classname="backend.tests.test_iter146_rbac_stripe_analytics.TestRegression" name="test_login_super_admin_still_works" time="0.273" /><testcase classname="backend.tests.test_iter146_rbac_stripe_analytics.TestRegression" name="test_login_operator_still_works" time="0.269" /><testcase classname="backend.tests.test_iter146_rbac_stripe_analytics.TestRegression" name="test_dashboard_endpoint_accessible" time="0.054" /><testcase classname="backend.tests.test_iter146_rbac_stripe_analytics.TestRegression" name="test_branches_endpoint_accessible" time="0.044" /></testsuite></testsuites>