<?xml version="1.0" encoding="utf-8"?><testsuites name="pytest tests"><testsuite name="pytest" errors="0" failures="0" skipped="0" tests="13" time="2.703" timestamp="2026-03-04T19:14:15.043642+00:00" hostname="agent-env-b29314e0-139f-4d8a-ba4c-2518c2e184ab"><testcase classname="backend.tests.test_iter83_features.TestOnlinePlatformSales" name="test_dashboard_stats_includes_online_sales" time="0.498" /><testcase classname="backend.tests.test_iter83_features.TestOnlinePlatformSales" name="test_online_sale_submission" time="0.374" /><testcase classname="backend.tests.test_iter83_features.TestBrandingSettings" name="test_get_branding" time="0.116" /><testcase classname="backend.tests.test_iter83_features.TestBrandingSettings" name="test_update_branding" time="0.183" /><testcase classname="backend.tests.test_iter83_features.TestBrandingSettings" name="test_upload_logo" time="0.082" /><testcase classname="backend.tests.test_iter83_features.TestPDFGeneration" name="test_generate_sales_pdf" time="0.104" /><testcase classname="backend.tests.test_iter83_features.TestPDFGeneration" name="test_generate_expenses_pdf" time="0.098" /><testcase classname="backend.tests.test_iter83_features.TestPDFGeneration" name="test_generate_pnl_pdf" time="0.086" /><testcase classname="backend.tests.test_iter83_features.TestPDFGeneration" name="test_generate_supplier_statement_pdf_requires_supplier" time="0.073" /><testcase classname="backend.tests.test_iter83_features.TestVirtualizedTableEndpoints" name="test_sales_list_endpoint" time="0.406" /><testcase classname="backend.tests.test_iter83_features.TestVirtualizedTableEndpoints" name="test_expenses_list_endpoint" time="0.098" /><testcase classname="backend.tests.test_iter83_features.TestVirtualizedTableEndpoints" name="test_stock_balance_endpoint" time="0.077" /><testcase classname="backend.tests.test_iter83_features.TestCleanup" name="test_cleanup_test_sales" time="0.385" /></testsuite></testsuites>