<?xml version="1.0" encoding="utf-8"?><testsuites name="pytest tests"><testsuite name="pytest" errors="0" failures="0" skipped="0" tests="16" time="3.489" timestamp="2026-02-26T10:06:09.612273+00:00" hostname="agent-env-e29be632-7b8b-4f04-8d4b-d3a79a84442f"><testcase classname="backend.tests.test_stock_management.TestStockManagement" name="test_get_items" time="0.773" /><testcase classname="backend.tests.test_stock_management.TestStockManagement" name="test_create_item_chicken_breast" time="0.219" /><testcase classname="backend.tests.test_stock_management.TestStockManagement" name="test_create_item_rice" time="0.134" /><testcase classname="backend.tests.test_stock_management.TestStockManagement" name="test_get_items_shows_new_items" time="0.147" /><testcase classname="backend.tests.test_stock_management.TestStockManagement" name="test_create_stock_entry_chicken" time="0.264" /><testcase classname="backend.tests.test_stock_management.TestStockManagement" name="test_create_stock_entry_rice" time="0.125" /><testcase classname="backend.tests.test_stock_management.TestStockManagement" name="test_get_stock_entries" time="0.104" /><testcase classname="backend.tests.test_stock_management.TestStockManagement" name="test_get_stock_balance_all" time="0.123" /><testcase classname="backend.tests.test_stock_management.TestStockManagement" name="test_get_stock_balance_by_branch" time="0.111" /><testcase classname="backend.tests.test_stock_management.TestStockManagement" name="test_create_stock_usage_bulk" time="0.108" /><testcase classname="backend.tests.test_stock_management.TestStockManagement" name="test_stock_balance_after_usage" time="0.101" /><testcase classname="backend.tests.test_stock_management.TestStockManagement" name="test_get_stock_usage" time="0.098" /><testcase classname="backend.tests.test_stock_management.TestStockManagement" name="test_low_stock_detection" time="0.260" /><testcase classname="backend.tests.test_stock_management.TestStockManagement" name="test_cleanup_test_data" time="0.237" /><testcase classname="backend.tests.test_stock_management.TestBranchesAndSuppliers" name="test_branches_exist" time="0.416" /><testcase classname="backend.tests.test_stock_management.TestBranchesAndSuppliers" name="test_suppliers_endpoint" time="0.118" /></testsuite></testsuites>