<?xml version="1.0" encoding="utf-8"?><testsuites name="pytest tests"><testsuite name="pytest" errors="0" failures="0" skipped="0" tests="11" time="5.355" timestamp="2026-03-13T00:39:38.518247+00:00" hostname="agent-env-841bf039-d4af-4b80-b869-b82d4773e5e1"><testcase classname="backend.tests.test_iter143_bug_fixes.TestExportWithDates" name="test_export_expenses_with_date_range_excel" time="0.851" /><testcase classname="backend.tests.test_iter143_bug_fixes.TestExportWithDates" name="test_export_expenses_with_date_range_pdf" time="0.411" /><testcase classname="backend.tests.test_iter143_bug_fixes.TestExportWithDates" name="test_export_sales_with_date_range" time="0.379" /><testcase classname="backend.tests.test_iter143_bug_fixes.TestSupplierReportCustomDate" name="test_supplier_report_all_time" time="0.395" /><testcase classname="backend.tests.test_iter143_bug_fixes.TestSupplierReportCustomDate" name="test_supplier_report_with_custom_date_range" time="0.435" /><testcase classname="backend.tests.test_iter143_bug_fixes.TestSupplierReportCustomDate" name="test_supplier_report_with_period_today" time="0.409" /><testcase classname="backend.tests.test_iter143_bug_fixes.TestSupplierReportCustomDate" name="test_supplier_report_with_period_month" time="0.426" /><testcase classname="backend.tests.test_iter143_bug_fixes.TestExpensesBranchFilter" name="test_get_branches" time="0.400" /><testcase classname="backend.tests.test_iter143_bug_fixes.TestExpensesBranchFilter" name="test_expenses_filter_by_branch" time="0.495" /><testcase classname="backend.tests.test_iter143_bug_fixes.TestExpensesBranchFilter" name="test_expenses_filter_by_date_and_branch" time="0.460" /><testcase classname="backend.tests.test_iter143_bug_fixes.TestDailySummary" name="test_daily_summary_with_branch" time="0.571" /></testsuite></testsuites>