<?xml version="1.0" encoding="utf-8"?><testsuites name="pytest tests"><testsuite name="pytest" errors="0" failures="2" skipped="0" tests="17" time="4.246" timestamp="2026-03-01T10:31:38.216912+00:00" hostname="agent-env-7bcc125f-62f3-4078-a9fb-4d909ae965bb"><testcase classname="backend.tests.test_iteration48_new_features.TestBankAutoMatchEngine" name="test_get_bank_statements" time="0.645" /><testcase classname="backend.tests.test_iteration48_new_features.TestBankAutoMatchEngine" name="test_auto_match_with_no_statement" time="0.085" /><testcase classname="backend.tests.test_iteration48_new_features.TestBankAutoMatchEngine" name="test_get_matches_with_no_statement" time="0.089" /><testcase classname="backend.tests.test_iteration48_new_features.TestBankAutoMatchEngine" name="test_confirm_match_nonexistent" time="0.116" /><testcase classname="backend.tests.test_iteration48_new_features.TestBankAutoMatchEngine" name="test_reject_match_nonexistent" time="0.107" /><testcase classname="backend.tests.test_iteration48_new_features.TestBankAutoMatchWithRealStatement" name="test_auto_match_on_real_statement" time="0.199" /><testcase classname="backend.tests.test_iteration48_new_features.TestBankAutoMatchWithRealStatement" name="test_get_matches_after_auto_match" time="0.196" /><testcase classname="backend.tests.test_iteration48_new_features.TestNotificationPreferencesChannel" name="test_get_preferences_has_channels" time="0.082"><failure message="AssertionError: assert ('channel_push' in {'daily_summary': False, 'document_expiry': True, 'expense_anomalies': False, 'leave_requests': False, ...} or None is not None)&#10; +  where None = &lt;built-in method get of dict object at 0xfab459ddd900&gt;('channel_push')&#10; +    where &lt;built-in method get of dict object at 0xfab459ddd900&gt; = {'daily_summary': False, 'document_expiry': True, 'expense_anomalies': False, 'leave_requests': False, ...}.get">backend/tests/test_iteration48_new_features.py:167: in test_get_preferences_has_channels
    assert "channel_push" in data or data.get("channel_push") is not None
E   AssertionError: assert ('channel_push' in {'daily_summary': False, 'document_expiry': True, 'expense_anomalies': False, 'leave_requests': False, ...} or None is not None)
E    +  where None = &lt;built-in method get of dict object at 0xfab459ddd900&gt;('channel_push')
E    +    where &lt;built-in method get of dict object at 0xfab459ddd900&gt; = {'daily_summary': False, 'document_expiry': True, 'expense_anomalies': False, 'leave_requests': False, ...}.get</failure></testcase><testcase classname="backend.tests.test_iteration48_new_features.TestNotificationPreferencesChannel" name="test_update_preferences_with_channels" time="0.202" /><testcase classname="backend.tests.test_iteration48_new_features.TestNotificationPreferencesChannel" name="test_disable_whatsapp_channel" time="0.192" /><testcase classname="backend.tests.test_iteration48_new_features.TestDailyDigestEmail" name="test_trigger_daily_digest" time="0.374" /><testcase classname="backend.tests.test_iteration48_new_features.TestDailyDigestEmail" name="test_ai_reports_list_includes_daily_digest" time="0.109" /><testcase classname="backend.tests.test_iteration48_new_features.TestDailyDigestEmail" name="test_scheduler_config_includes_daily_digest" time="0.088" /><testcase classname="backend.tests.test_iteration48_new_features.TestSchedulerTriggers" name="test_trigger_other_ai_reports" time="1.229" /><testcase classname="backend.tests.test_iteration48_new_features.TestSchedulerTriggers" name="test_trigger_invalid_report_type" time="0.083"><failure message="assert 500 == 400&#10; +  where 500 = &lt;Response [500]&gt;.status_code">backend/tests/test_iteration48_new_features.py:316: in test_trigger_invalid_report_type
    assert response.status_code == 400
E   assert 500 == 400
E    +  where 500 = &lt;Response [500]&gt;.status_code</failure></testcase><testcase classname="backend.tests.test_iteration48_new_features.TestReconciliationEndpoints" name="test_get_reconciliation_for_statement" time="0.252" /><testcase classname="backend.tests.test_iteration48_new_features.TestVapidKeyEndpoint" name="test_get_vapid_key" time="0.096" /></testsuite></testsuites>