<?xml version="1.0" encoding="utf-8"?><testsuites name="pytest tests"><testsuite name="pytest" errors="0" failures="0" skipped="0" tests="20" time="2.382" timestamp="2026-02-27T01:40:36.839929+00:00" hostname="agent-env-a55846b6-ae03-4a97-ac33-6becfe8b1d26"><testcase classname="backend.tests.test_iteration27_predictive_analytics.TestExpenseForecast" name="test_expense_forecast_returns_200" time="0.081" /><testcase classname="backend.tests.test_iteration27_predictive_analytics.TestExpenseForecast" name="test_expense_forecast_structure" time="0.188" /><testcase classname="backend.tests.test_iteration27_predictive_analytics.TestExpenseForecast" name="test_expense_forecast_categories_structure" time="0.095" /><testcase classname="backend.tests.test_iteration27_predictive_analytics.TestStockReorder" name="test_stock_reorder_returns_200" time="0.076" /><testcase classname="backend.tests.test_iteration27_predictive_analytics.TestStockReorder" name="test_stock_reorder_structure" time="0.073" /><testcase classname="backend.tests.test_iteration27_predictive_analytics.TestStockReorder" name="test_stock_reorder_predictions_structure" time="0.100" /><testcase classname="backend.tests.test_iteration27_predictive_analytics.TestRevenueTrends" name="test_revenue_trends_returns_200" time="0.089" /><testcase classname="backend.tests.test_iteration27_predictive_analytics.TestRevenueTrends" name="test_revenue_trends_structure" time="0.117" /><testcase classname="backend.tests.test_iteration27_predictive_analytics.TestRevenueTrends" name="test_revenue_trends_growth_structure" time="0.087" /><testcase classname="backend.tests.test_iteration27_predictive_analytics.TestCustomerChurn" name="test_customer_churn_returns_200" time="0.091" /><testcase classname="backend.tests.test_iteration27_predictive_analytics.TestCustomerChurn" name="test_customer_churn_structure" time="0.085" /><testcase classname="backend.tests.test_iteration27_predictive_analytics.TestCustomerChurn" name="test_customer_churn_summary_structure" time="0.073" /><testcase classname="backend.tests.test_iteration27_predictive_analytics.TestCustomerChurn" name="test_customer_churn_customer_structure" time="0.085" /><testcase classname="backend.tests.test_iteration27_predictive_analytics.TestMarginOptimizer" name="test_margin_optimizer_returns_200" time="0.088" /><testcase classname="backend.tests.test_iteration27_predictive_analytics.TestMarginOptimizer" name="test_margin_optimizer_structure" time="0.074" /><testcase classname="backend.tests.test_iteration27_predictive_analytics.TestMarginOptimizer" name="test_margin_optimizer_items_structure" time="0.076" /><testcase classname="backend.tests.test_iteration27_predictive_analytics.TestSchedulerEodSummary" name="test_scheduler_config_returns_200" time="0.078" /><testcase classname="backend.tests.test_iteration27_predictive_analytics.TestSchedulerEodSummary" name="test_scheduler_has_eod_summary_job" time="0.073" /><testcase classname="backend.tests.test_iteration27_predictive_analytics.TestSchedulerEodSummary" name="test_scheduler_eod_can_be_enabled" time="0.136" /><testcase classname="backend.tests.test_iteration27_predictive_analytics.TestSchedulerEodSummary" name="test_scheduler_eod_can_update_time" time="0.135" /></testsuite></testsuites>