<?xml version="1.0" encoding="utf-8"?><testsuites name="pytest tests"><testsuite name="pytest" errors="0" failures="0" skipped="2" tests="28" time="38.759" timestamp="2026-02-10T11:40:54.651923+00:00" hostname="agent-env-cd4e4a73-70d0-4612-869d-b83f00621fd3"><testcase classname="backend.tests.test_api.TestApiHealth" name="test_api_root_returns_200" time="0.474" /><testcase classname="backend.tests.test_api.TestAuth" name="test_login_with_valid_credentials" time="0.985" /><testcase classname="backend.tests.test_api.TestAuth" name="test_login_with_invalid_credentials" time="0.681" /><testcase classname="backend.tests.test_api.TestAuth" name="test_register_duplicate_email_rejected" time="0.342" /><testcase classname="backend.tests.test_api.TestAuthenticatedEndpoints" name="test_get_current_user" time="1.120" /><testcase classname="backend.tests.test_api.TestAuthenticatedEndpoints" name="test_dashboard_stats_returns_correct_structure" time="1.120" /><testcase classname="backend.tests.test_api.TestBranches" name="test_get_branches" time="0.938" /><testcase classname="backend.tests.test_api.TestBranches" name="test_create_branch" time="2.131" /><testcase classname="backend.tests.test_api.TestCustomers" name="test_create_and_get_customer" time="1.804" /><testcase classname="backend.tests.test_api.TestCustomers" name="test_update_customer" time="1.619" /><testcase classname="backend.tests.test_api.TestCustomers" name="test_delete_customer" time="2.196" /><testcase classname="backend.tests.test_api.TestSuppliers" name="test_create_supplier_with_category" time="1.786" /><testcase classname="backend.tests.test_api.TestSuppliers" name="test_pay_supplier_credit" time="1.938" /><testcase classname="backend.tests.test_api.TestCategories" name="test_get_supplier_categories" time="1.127" /><testcase classname="backend.tests.test_api.TestCategories" name="test_get_expense_categories" time="0.913" /><testcase classname="backend.tests.test_api.TestCategories" name="test_create_category" time="1.778" /><testcase classname="backend.tests.test_api.TestSales" name="test_create_sale_with_split_payment" time="2.911" /><testcase classname="backend.tests.test_api.TestSales" name="test_create_credit_sale" time="2.256" /><testcase classname="backend.tests.test_api.TestSales" name="test_receive_credit_payment" time="3.080" /><testcase classname="backend.tests.test_api.TestExpenses" name="test_create_expense" time="1.259" /><testcase classname="backend.tests.test_api.TestExpenses" name="test_get_expenses" time="1.022" /><testcase classname="backend.tests.test_api.TestReports" name="test_credit_sales_report" time="0.931" /><testcase classname="backend.tests.test_api.TestReports" name="test_supplier_report" time="1.112" /><testcase classname="backend.tests.test_api.TestReports" name="test_category_report" time="1.021" /><testcase classname="backend.tests.test_api.TestUsers" name="test_get_users_as_admin" time="0.662"><skipped type="pytest.skip" message="User is not admin">/app/backend/tests/test_api.py:531: User is not admin</skipped></testcase><testcase classname="backend.tests.test_api.TestUsers" name="test_create_user_as_admin" time="0.568"><skipped type="pytest.skip" message="User is not admin">/app/backend/tests/test_api.py:543: User is not admin</skipped></testcase><testcase classname="backend.tests.test_api.TestExport" name="test_export_pdf" time="1.447" /><testcase classname="backend.tests.test_api.TestExport" name="test_export_excel" time="1.469" /></testsuite></testsuites>