<?xml version="1.0" encoding="utf-8"?><testsuites name="pytest tests"><testsuite name="pytest" errors="0" failures="0" skipped="0" tests="14" time="2.685" timestamp="2026-03-04T12:56:44.486189+00:00" hostname="agent-env-7bbb7332-ac68-4a46-af4e-d898ccbebe11"><testcase classname="backend.tests.test_customer_portal_iter81.TestCustomerPortalRegistration" name="test_register_new_customer" time="0.164" /><testcase classname="backend.tests.test_customer_portal_iter81.TestCustomerPortalRegistration" name="test_register_duplicate_email_fails" time="0.114" /><testcase classname="backend.tests.test_customer_portal_iter81.TestCustomerPortalLogin" name="test_login_success" time="0.202" /><testcase classname="backend.tests.test_customer_portal_iter81.TestCustomerPortalLogin" name="test_login_invalid_password" time="0.328" /><testcase classname="backend.tests.test_customer_portal_iter81.TestCustomerPortalLogin" name="test_login_nonexistent_user" time="0.103" /><testcase classname="backend.tests.test_customer_portal_iter81.TestCustomerPortalProfile" name="test_get_profile_success" time="0.255" /><testcase classname="backend.tests.test_customer_portal_iter81.TestCustomerPortalProfile" name="test_get_profile_invalid_token" time="0.081" /><testcase classname="backend.tests.test_customer_portal_iter81.TestCustomerPortalOrders" name="test_get_orders" time="0.247" /><testcase classname="backend.tests.test_customer_portal_iter81.TestCustomerPortalOrders" name="test_get_orders_pagination" time="0.110" /><testcase classname="backend.tests.test_customer_portal_iter81.TestCustomerPortalStatements" name="test_get_statements" time="0.177" /><testcase classname="backend.tests.test_customer_portal_iter81.TestCustomerPortalStatements" name="test_get_statements_with_date_filter" time="0.098" /><testcase classname="backend.tests.test_customer_portal_iter81.TestCustomerPortalInvoices" name="test_get_invoices" time="0.182" /><testcase classname="backend.tests.test_customer_portal_iter81.TestCustomerPortalLoyalty" name="test_get_loyalty_info" time="0.219" /><testcase classname="backend.tests.test_customer_portal_iter81.TestCustomerPortalLogout" name="test_logout" time="0.279" /></testsuite></testsuites>