<?xml version="1.0" encoding="utf-8"?><testsuites name="pytest tests"><testsuite name="pytest" errors="0" failures="0" skipped="0" tests="16" time="2.932" timestamp="2026-03-04T13:18:34.248579+00:00" hostname="agent-env-7bbb7332-ac68-4a46-af4e-d898ccbebe11"><testcase classname="backend.tests.test_order_tracking_iter82.TestOrderTrackingConfig" name="test_get_tracking_config" time="0.152" /><testcase classname="backend.tests.test_order_tracking_iter82.TestOrderTrackingConfig" name="test_update_tracking_config" time="0.086" /><testcase classname="backend.tests.test_order_tracking_iter82.TestOrderTrackingConfig" name="test_restore_default_config" time="0.229" /><testcase classname="backend.tests.test_order_tracking_iter82.TestOrderTrackingRecent" name="test_get_recent_orders" time="0.090" /><testcase classname="backend.tests.test_order_tracking_iter82.TestOrderTrackingRecent" name="test_get_recent_orders_with_limit" time="0.090" /><testcase classname="backend.tests.test_order_tracking_iter82.TestOrderStatusUpdate" name="test_update_order_status_not_found" time="0.081" /><testcase classname="backend.tests.test_order_tracking_iter82.TestOrderStatusUpdate" name="test_update_order_status_invalid_status" time="0.130" /><testcase classname="backend.tests.test_order_tracking_iter82.TestOrderStatusUpdateWithAuth" name="test_update_existing_order_status" time="0.641" /><testcase classname="backend.tests.test_order_tracking_iter82.TestOrderStatusUpdateWithAuth" name="test_update_order_through_all_statuses" time="0.563" /><testcase classname="backend.tests.test_order_tracking_iter82.TestOrderStatusUpdateWithAuth" name="test_get_order_notifications_empty" time="0.103" /><testcase classname="backend.tests.test_order_tracking_iter82.TestOrderTrackingNotFound" name="test_get_order_tracking_not_found" time="0.100" /><testcase classname="backend.tests.test_order_tracking_iter82.TestStockPageZustand" name="test_branches_endpoint_for_stock" time="0.092" /><testcase classname="backend.tests.test_order_tracking_iter82.TestStockPageZustand" name="test_stock_balance_endpoint" time="0.081" /><testcase classname="backend.tests.test_order_tracking_iter82.TestStockPageZustand" name="test_items_endpoint" time="0.093" /><testcase classname="backend.tests.test_order_tracking_iter82.TestStockPageZustand" name="test_suppliers_endpoint" time="0.089" /><testcase classname="backend.tests.test_order_tracking_iter82.TestCleanup" name="test_cleanup_test_customers" time="0.184" /></testsuite></testsuites>