<?xml version="1.0" encoding="utf-8"?><testsuites name="pytest tests"><testsuite name="pytest" errors="0" failures="1" skipped="0" tests="22" time="4.788" timestamp="2026-03-02T12:05:34.998530+00:00" hostname="agent-env-f182d9d2-1b82-45c6-b773-4fe728f36998"><testcase classname="backend.tests.test_iter61_dashboard_tour_pdf_whatsapp_shift.TestWhatsAppChatbot" name="test_whatsapp_webhook_endpoint_exists" time="0.510" /><testcase classname="backend.tests.test_iter61_dashboard_tour_pdf_whatsapp_shift.TestWhatsAppChatbot" name="test_whatsapp_test_command_help" time="0.566" /><testcase classname="backend.tests.test_iter61_dashboard_tour_pdf_whatsapp_shift.TestWhatsAppChatbot" name="test_whatsapp_test_command_sales_today" time="0.096" /><testcase classname="backend.tests.test_iter61_dashboard_tour_pdf_whatsapp_shift.TestWhatsAppChatbot" name="test_whatsapp_test_command_sales_week" time="0.082" /><testcase classname="backend.tests.test_iter61_dashboard_tour_pdf_whatsapp_shift.TestWhatsAppChatbot" name="test_whatsapp_test_command_stock_low" time="0.108" /><testcase classname="backend.tests.test_iter61_dashboard_tour_pdf_whatsapp_shift.TestWhatsAppChatbot" name="test_whatsapp_test_command_expenses_today" time="0.095" /><testcase classname="backend.tests.test_iter61_dashboard_tour_pdf_whatsapp_shift.TestWhatsAppChatbot" name="test_whatsapp_test_command_summary" time="0.106" /><testcase classname="backend.tests.test_iter61_dashboard_tour_pdf_whatsapp_shift.TestWhatsAppChatbot" name="test_whatsapp_test_command_profit" time="0.095" /><testcase classname="backend.tests.test_iter61_dashboard_tour_pdf_whatsapp_shift.TestWhatsAppChatbot" name="test_whatsapp_test_command_unknown" time="0.080" /><testcase classname="backend.tests.test_iter61_dashboard_tour_pdf_whatsapp_shift.TestAIShiftScheduling" name="test_peak_hours_analysis" time="0.399" /><testcase classname="backend.tests.test_iter61_dashboard_tour_pdf_whatsapp_shift.TestAIShiftScheduling" name="test_generate_schedule" time="0.104" /><testcase classname="backend.tests.test_iter61_dashboard_tour_pdf_whatsapp_shift.TestAIShiftScheduling" name="test_get_schedules_list" time="0.083" /><testcase classname="backend.tests.test_iter61_dashboard_tour_pdf_whatsapp_shift.TestPDFBankStatementParsing" name="test_bank_statements_upload_pdf" time="0.484"><failure message="AssertionError: Unexpected status: 500, Internal Server Error&#10;assert 500 in [200, 400, 422]&#10; +  where 500 = &lt;Response [500]&gt;.status_code">backend/tests/test_iter61_dashboard_tour_pdf_whatsapp_shift.py:246: in test_bank_statements_upload_pdf
    assert response.status_code in [200, 400, 422], f"Unexpected status: {response.status_code}, {response.text}"
E   AssertionError: Unexpected status: 500, Internal Server Error
E   assert 500 in [200, 400, 422]
E    +  where 500 = &lt;Response [500]&gt;.status_code</failure></testcase><testcase classname="backend.tests.test_iter61_dashboard_tour_pdf_whatsapp_shift.TestPDFBankStatementParsing" name="test_bank_statements_list" time="0.292" /><testcase classname="backend.tests.test_iter61_dashboard_tour_pdf_whatsapp_shift.TestScheduleRetrieval" name="test_get_schedules_with_status_filter" time="0.465" /><testcase classname="backend.tests.test_iter61_dashboard_tour_pdf_whatsapp_shift.TestScheduleRetrieval" name="test_get_nonexistent_schedule" time="0.100" /><testcase classname="backend.tests.test_iter61_dashboard_tour_pdf_whatsapp_shift.TestPWAAssets" name="test_manifest_json_exists" time="0.091" /><testcase classname="backend.tests.test_iter61_dashboard_tour_pdf_whatsapp_shift.TestPWAAssets" name="test_manifest_has_shortcuts" time="0.080" /><testcase classname="backend.tests.test_iter61_dashboard_tour_pdf_whatsapp_shift.TestPWAAssets" name="test_service_worker_exists" time="0.091" /><testcase classname="backend.tests.test_iter61_dashboard_tour_pdf_whatsapp_shift.TestPWAAssets" name="test_offline_html_exists" time="0.207" /><testcase classname="backend.tests.test_iter61_dashboard_tour_pdf_whatsapp_shift.TestWhatsAppMessages" name="test_get_whatsapp_messages" time="0.408" /><testcase classname="backend.tests.test_iter61_dashboard_tour_pdf_whatsapp_shift.TestWhatsAppMessages" name="test_get_whatsapp_messages_with_phone_filter" time="0.078" /></testsuite></testsuites>