<?xml version="1.0" encoding="utf-8"?><testsuites name="pytest tests"><testsuite name="pytest" errors="0" failures="0" skipped="0" tests="14" time="12.902" timestamp="2026-02-28T22:58:50.919009+00:00" hostname="agent-env-7083286e-9e22-469e-aa79-c22d20942f88"><testcase classname="backend.tests.test_iteration43_loans_pos_roles.TestLoanManagementSystem" name="test_01_loan_stats_endpoint" time="1.772" /><testcase classname="backend.tests.test_iteration43_loans_pos_roles.TestLoanManagementSystem" name="test_02_get_all_loans" time="0.406" /><testcase classname="backend.tests.test_iteration43_loans_pos_roles.TestLoanManagementSystem" name="test_03_create_loan" time="0.428" /><testcase classname="backend.tests.test_iteration43_loans_pos_roles.TestLoanManagementSystem" name="test_04_get_loan_detail" time="0.401" /><testcase classname="backend.tests.test_iteration43_loans_pos_roles.TestLoanManagementSystem" name="test_05_approve_loan" time="0.822" /><testcase classname="backend.tests.test_iteration43_loans_pos_roles.TestLoanManagementSystem" name="test_06_record_installment" time="0.840" /><testcase classname="backend.tests.test_iteration43_loans_pos_roles.TestLoanManagementSystem" name="test_07_get_loans_filtered_by_status" time="0.414" /><testcase classname="backend.tests.test_iteration43_loans_pos_roles.TestLoanManagementSystem" name="test_08_create_and_reject_loan" time="1.273" /><testcase classname="backend.tests.test_iteration43_loans_pos_roles.TestLoanManagementSystem" name="test_09_delete_pending_loan" time="1.270" /><testcase classname="backend.tests.test_iteration43_loans_pos_roles.TestPOSRoleSeparation" name="test_01_cashier_login_returns_pos_role" time="1.058" /><testcase classname="backend.tests.test_iteration43_loans_pos_roles.TestPOSRoleSeparation" name="test_02_employee_has_pos_role_field" time="0.399" /><testcase classname="backend.tests.test_iteration43_loans_pos_roles.TestPOSRoleSeparation" name="test_03_update_employee_pos_role" time="1.635" /><testcase classname="backend.tests.test_iteration43_loans_pos_roles.TestEmployeePortalLoans" name="test_01_my_loans_endpoint_exists" time="1.051" /><testcase classname="backend.tests.test_iteration43_loans_pos_roles.TestCleanup" name="test_cleanup_test_loans" time="1.051" /></testsuite></testsuites>