<?xml version="1.0" encoding="utf-8"?><testsuites name="pytest tests"><testsuite name="pytest" errors="0" failures="0" skipped="0" tests="11" time="1.985" timestamp="2026-03-04T10:24:19.013771+00:00" hostname="agent-env-96f17788-a470-4994-bd93-bf5688621033"><testcase classname="tests.test_iter77_backlog_features.TestSupplierAgingReport" name="test_get_aging_report" time="0.534" /><testcase classname="tests.test_iter77_backlog_features.TestSupplierAgingReport" name="test_get_aging_report_with_branch_filter" time="0.146" /><testcase classname="tests.test_iter77_backlog_features.TestSupplierAgingExport" name="test_export_aging_pdf" time="0.125" /><testcase classname="tests.test_iter77_backlog_features.TestSupplierAgingExport" name="test_export_aging_excel" time="0.255" /><testcase classname="tests.test_iter77_backlog_features.TestTrendComparison" name="test_get_trend_comparison" time="0.103" /><testcase classname="tests.test_iter77_backlog_features.TestCCTVMonitoringSchedules" name="test_get_monitoring_schedules" time="0.088" /><testcase classname="tests.test_iter77_backlog_features.TestCCTVMonitoringSchedules" name="test_create_monitoring_schedule" time="0.121" /><testcase classname="tests.test_iter77_backlog_features.TestCCTVMotionAlerts" name="test_get_motion_alerts" time="0.098" /><testcase classname="tests.test_iter77_backlog_features.TestCCTVMotionAlerts" name="test_create_motion_alert" time="0.088" /><testcase classname="tests.test_iter77_backlog_features.TestBranchFilterPropagation" name="test_assets_endpoint_with_branch_filter" time="0.155" /><testcase classname="tests.test_iter77_backlog_features.TestBranchFilterPropagation" name="test_documents_endpoint_with_branch_filter" time="0.128" /></testsuite></testsuites>