<?xml version="1.0" encoding="utf-8"?><testsuites name="pytest tests"><testsuite name="pytest" errors="0" failures="0" skipped="0" tests="8" time="4.378" timestamp="2026-03-10T22:49:41.552476+00:00" hostname="agent-env-033c6b5e-3bd8-41fb-94e6-396812ce83b4"><testcase classname="backend.tests.test_iter128_menu_modifiers.TestMenuModifiers" name="test_01_create_menu_item_with_modifiers" time="0.575" /><testcase classname="backend.tests.test_iter128_menu_modifiers.TestMenuModifiers" name="test_02_get_menu_items_with_modifiers" time="0.224" /><testcase classname="backend.tests.test_iter128_menu_modifiers.TestMenuModifiers" name="test_03_get_single_menu_item_modifiers" time="0.088" /><testcase classname="backend.tests.test_iter128_menu_modifiers.TestMenuModifiers" name="test_04_update_menu_item_modifiers" time="0.173" /><testcase classname="backend.tests.test_iter128_menu_modifiers.TestMenuModifiers" name="test_05_verify_modifiers_persist_after_update" time="0.087" /><testcase classname="backend.tests.test_iter128_menu_modifiers.TestMenuModifiers" name="test_06_create_menu_item_without_modifiers" time="0.074" /><testcase classname="backend.tests.test_iter128_menu_modifiers.TestMenuModifiers" name="test_07_cashier_view_menu_with_modifiers" time="0.158" /><testcase classname="backend.tests.test_iter128_menu_modifiers.TestMenuModifiers" name="test_08_cleanup_test_items" time="2.852" /></testsuite></testsuites>