<?xml version="1.0" encoding="utf-8"?><testsuites name="pytest tests"><testsuite name="pytest" errors="0" failures="0" skipped="0" tests="16" time="8.779" timestamp="2026-03-02T08:56:06.746849+00:00" hostname="agent-env-9ac1b4ca-4161-4bc8-a977-f435882844b6"><testcase classname="backend.tests.test_rbac_iteration56.TestRBACSetup" name="test_api_connection" time="0.261" /><testcase classname="backend.tests.test_rbac_iteration56.TestRBACSetup" name="test_admin_login" time="0.468" /><testcase classname="backend.tests.test_rbac_iteration56.TestAdminFullAccess" name="test_admin_access_sales" time="0.408" /><testcase classname="backend.tests.test_rbac_iteration56.TestAdminFullAccess" name="test_admin_access_expenses" time="0.394" /><testcase classname="backend.tests.test_rbac_iteration56.TestAdminFullAccess" name="test_admin_access_customers" time="0.388" /><testcase classname="backend.tests.test_rbac_iteration56.TestAdminFullAccess" name="test_admin_access_suppliers" time="0.407" /><testcase classname="backend.tests.test_rbac_iteration56.TestAdminFullAccess" name="test_admin_access_employees" time="0.425" /><testcase classname="backend.tests.test_rbac_iteration56.TestAdminFullAccess" name="test_admin_access_users" time="0.445" /><testcase classname="backend.tests.test_rbac_iteration56.TestAdminFullAccess" name="test_admin_can_create_customer" time="0.466" /><testcase classname="backend.tests.test_rbac_iteration56.TestUserManagement" name="test_create_user_with_dict_permissions" time="0.683" /><testcase classname="backend.tests.test_rbac_iteration56.TestUserManagement" name="test_update_user_permissions" time="0.767" /><testcase classname="backend.tests.test_rbac_iteration56.TestPermissionEnforcement" name="test_create_limited_user_and_verify_permissions" time="1.369" /><testcase classname="backend.tests.test_rbac_iteration56.TestPermissionNormalization" name="test_old_list_permissions_still_work" time="0.382" /><testcase classname="backend.tests.test_rbac_iteration56.TestBranchFiltering" name="test_branch_filter_applied" time="1.035" /><testcase classname="backend.tests.test_rbac_iteration56.TestRBACCleanup" name="test_cleanup_test_users" time="0.362" /><testcase classname="backend.tests.test_rbac_iteration56.TestRBACCleanup" name="test_cleanup_test_customers" time="0.380" /></testsuite></testsuites>