<?xml version="1.0" encoding="utf-8"?><testsuites name="pytest tests"><testsuite name="pytest" errors="0" failures="0" skipped="0" tests="13" time="6.274" timestamp="2026-03-03T21:01:33.382889+00:00" hostname="agent-env-96f17788-a470-4994-bd93-bf5688621033"><testcase classname="backend.tests.test_supplier_ledger_iter74.TestAuthAndSetup" name="test_auth_works" time="0.662" /><testcase classname="backend.tests.test_supplier_ledger_iter74.TestSupplierTotalPurchases" name="test_suppliers_list_has_total_purchases" time="0.395" /><testcase classname="backend.tests.test_supplier_ledger_iter74.TestSupplierLedger" name="test_get_supplier_ledger" time="0.458" /><testcase classname="backend.tests.test_supplier_ledger_iter74.TestSupplierLedger" name="test_get_supplier_ledger_with_date_filter" time="0.435" /><testcase classname="backend.tests.test_supplier_ledger_iter74.TestSupplierLedger" name="test_ledger_running_balance_calculation" time="0.437" /><testcase classname="backend.tests.test_supplier_ledger_iter74.TestSupplierLedgerExport" name="test_export_ledger_pdf" time="0.485" /><testcase classname="backend.tests.test_supplier_ledger_iter74.TestSupplierLedgerExport" name="test_export_ledger_excel" time="0.457" /><testcase classname="backend.tests.test_supplier_ledger_iter74.TestSupplierLedgerExport" name="test_export_ledger_with_date_filter" time="0.574" /><testcase classname="backend.tests.test_supplier_ledger_iter74.TestSupplierBankAccounts" name="test_create_supplier_with_bank_accounts" time="0.452" /><testcase classname="backend.tests.test_supplier_ledger_iter74.TestSupplierBankAccounts" name="test_update_supplier_bank_accounts" time="0.483" /><testcase classname="backend.tests.test_supplier_ledger_iter74.TestSupplierBankAccounts" name="test_suppliers_list_contains_bank_accounts" time="0.416" /><testcase classname="backend.tests.test_supplier_ledger_iter74.TestDashboardOnlineSales" name="test_dashboard_stats_has_online_sales" time="0.408" /><testcase classname="backend.tests.test_supplier_ledger_iter74.TestSupplierTotalPurchasesEndpoint" name="test_get_supplier_total_purchases" time="0.450" /></testsuite></testsuites>