<?xml version="1.0" encoding="utf-8"?><testsuites name="pytest tests"><testsuite name="pytest" errors="0" failures="0" skipped="0" tests="13" time="2.465" timestamp="2026-03-03T19:40:34.101084+00:00" hostname="agent-env-29bbcc5e-e258-4ead-ad11-00b5b229cf1c"><testcase classname="backend.tests.test_p3_features_iter72.TestSalesForecastAPI" name="test_sales_forecast_endpoint_exists" time="0.688" /><testcase classname="backend.tests.test_p3_features_iter72.TestSalesForecastAPI" name="test_sales_forecast_returns_correct_structure" time="0.112" /><testcase classname="backend.tests.test_p3_features_iter72.TestSalesForecastAPI" name="test_sales_forecast_summary_fields" time="0.151" /><testcase classname="backend.tests.test_p3_features_iter72.TestSalesForecastAPI" name="test_sales_forecast_with_days_parameter" time="0.507" /><testcase classname="backend.tests.test_p3_features_iter72.TestSalesForecastAPI" name="test_sales_forecast_day_of_week_pattern" time="0.088" /><testcase classname="backend.tests.test_p3_features_iter72.TestSalesForecastAPI" name="test_sales_forecast_historical_data" time="0.101" /><testcase classname="backend.tests.test_p3_features_iter72.TestSalesForecastAPI" name="test_sales_forecast_individual_day_structure" time="0.090" /><testcase classname="backend.tests.test_p3_features_iter72.TestSalesForecastAPI" name="test_sales_forecast_confidence_interval" time="0.104" /><testcase classname="backend.tests.test_p3_features_iter72.TestSalesForecastAPI" name="test_sales_forecast_requires_authentication" time="0.101" /><testcase classname="backend.tests.test_p3_features_iter72.TestSalesPageAPI" name="test_sales_endpoint" time="0.089" /><testcase classname="backend.tests.test_p3_features_iter72.TestSalesPageAPI" name="test_branches_endpoint" time="0.076" /><testcase classname="backend.tests.test_p3_features_iter72.TestExpensesPageAPI" name="test_expenses_endpoint" time="0.090" /><testcase classname="backend.tests.test_p3_features_iter72.TestExpensesPageAPI" name="test_categories_endpoint" time="0.087" /></testsuite></testsuites>