<?xml version="1.0" encoding="utf-8"?><testsuites name="pytest tests"><testsuite name="pytest" errors="0" failures="1" skipped="0" tests="15" time="6.607" timestamp="2026-03-15T20:39:06.189790+00:00" hostname="agent-env-88060cea-bd11-40d6-be32-d55b2ab5d3b6"><testcase classname="backend.tests.test_iter148_supplier_platform_bugs.TestAuth" name="test_super_admin_login" time="0.560" /><testcase classname="backend.tests.test_iter148_supplier_platform_bugs.TestAuth" name="test_operator_login" time="0.332" /><testcase classname="backend.tests.test_iter148_supplier_platform_bugs.TestPlatformsTenantIsolation" name="test_get_platforms_returns_data" time="0.419" /><testcase classname="backend.tests.test_iter148_supplier_platform_bugs.TestPlatformsTenantIsolation" name="test_platforms_have_required_fields" time="0.379" /><testcase classname="backend.tests.test_iter148_supplier_platform_bugs.TestPlatformsTenantIsolation" name="test_platform_calculated_fields" time="0.398" /><testcase classname="backend.tests.test_iter148_supplier_platform_bugs.TestSuppliersCreditCalculation" name="test_get_suppliers_returns_data" time="0.356" /><testcase classname="backend.tests.test_iter148_supplier_platform_bugs.TestSuppliersCreditCalculation" name="test_supplier_credit_fields" time="0.413" /><testcase classname="backend.tests.test_iter148_supplier_platform_bugs.TestSuppliersCreditCalculation" name="test_supplier_names_endpoint" time="0.365" /><testcase classname="backend.tests.test_iter148_supplier_platform_bugs.TestSupplierPaymentsTenantFilter" name="test_get_supplier_payments" time="0.467" /><testcase classname="backend.tests.test_iter148_supplier_platform_bugs.TestSupplierPaymentsTenantFilter" name="test_supplier_payments_pagination" time="0.428" /><testcase classname="backend.tests.test_iter148_supplier_platform_bugs.TestSupplierPaymentCreditMode" name="test_create_supplier_payment_credit_mode" time="0.484" /><testcase classname="backend.tests.test_iter148_supplier_platform_bugs.TestSupplierPaymentCreditMode" name="test_create_supplier_payment_cash_mode" time="0.449" /><testcase classname="backend.tests.test_iter148_supplier_platform_bugs.TestExpensesCreditIncrease" name="test_expense_with_credit_mode_increases_balance" time="0.618" /><testcase classname="backend.tests.test_iter148_supplier_platform_bugs.TestRecalculateBalances" name="test_recalculate_endpoint" time="0.385" /><testcase classname="backend.tests.test_iter148_supplier_platform_bugs.TestDeleteSupplierPaymentReversal" name="test_delete_reversal_logic" time="0.387"><failure message="TypeError: argument of type 'NoneType' is not iterable">backend/tests/test_iter148_supplier_platform_bugs.py:390: in test_delete_reversal_logic
    test_payments = [p for p in payments if "TEST_ITER148" in p.get("notes", "")]
                    ^^^^^^^^^^^^^^^^^^^^^^^^^^^^^^^^^^^^^^^^^^^^^^^^^^^^^^^^^^^^^
backend/tests/test_iter148_supplier_platform_bugs.py:390: in &lt;listcomp&gt;
    test_payments = [p for p in payments if "TEST_ITER148" in p.get("notes", "")]
                                            ^^^^^^^^^^^^^^^^^^^^^^^^^^^^^^^^^^^^
E   TypeError: argument of type 'NoneType' is not iterable</failure></testcase></testsuite></testsuites>