<?xml version="1.0" encoding="utf-8"?><testsuites name="pytest tests"><testsuite name="pytest" errors="0" failures="0" skipped="0" tests="16" time="9.957" timestamp="2026-03-04T20:31:10.159672+00:00" hostname="agent-env-b29314e0-139f-4d8a-ba4c-2518c2e184ab"><testcase classname="tests.test_iter85_eos_zustand_smtp.TestEndOfServiceBenefits" name="test_get_employees_list" time="0.600" /><testcase classname="tests.test_iter85_eos_zustand_smtp.TestEndOfServiceBenefits" name="test_settlement_endpoint_structure" time="0.183" /><testcase classname="tests.test_iter85_eos_zustand_smtp.TestEndOfServiceBenefits" name="test_settlement_calculation_logic" time="0.170" /><testcase classname="tests.test_iter85_eos_zustand_smtp.TestScheduledReportsAndEmail" name="test_list_scheduled_reports" time="0.403" /><testcase classname="tests.test_iter85_eos_zustand_smtp.TestScheduledReportsAndEmail" name="test_create_and_send_scheduled_report" time="6.066" /><testcase classname="tests.test_iter85_eos_zustand_smtp.TestDashboardRegression" name="test_dashboard_stats" time="0.423" /><testcase classname="tests.test_iter85_eos_zustand_smtp.TestZustandBranchStore" name="test_branches_endpoint" time="0.428" /><testcase classname="tests.test_iter85_eos_zustand_smtp.TestZustandMigratedPages" name="test_sales_endpoint" time="0.440" /><testcase classname="tests.test_iter85_eos_zustand_smtp.TestZustandMigratedPages" name="test_expenses_endpoint" time="0.103" /><testcase classname="tests.test_iter85_eos_zustand_smtp.TestZustandMigratedPages" name="test_supplier_payments_endpoint" time="0.096" /><testcase classname="tests.test_iter85_eos_zustand_smtp.TestZustandMigratedPages" name="test_invoices_endpoint" time="0.077" /><testcase classname="tests.test_iter85_eos_zustand_smtp.TestZustandMigratedPages" name="test_stock_endpoint" time="0.084" /><testcase classname="tests.test_iter85_eos_zustand_smtp.TestZustandMigratedPages" name="test_stock_balance_endpoint" time="0.093" /><testcase classname="tests.test_iter85_eos_zustand_smtp.TestZustandMigratedPages" name="test_cash_transfers_endpoint" time="0.073" /><testcase classname="tests.test_iter85_eos_zustand_smtp.TestZustandMigratedPages" name="test_fines_endpoint" time="0.131" /><testcase classname="tests.test_iter85_eos_zustand_smtp.TestEmployeeStatusFilter" name="test_employees_have_status_field" time="0.434" /></testsuite></testsuites>