<?xml version="1.0" encoding="utf-8"?><testsuites name="pytest tests"><testsuite name="pytest" errors="0" failures="0" skipped="0" tests="11" time="1.946" timestamp="2026-03-11T20:52:30.126558+00:00" hostname="agent-env-cb1bf3e3-ee94-4183-ae01-5306cd56e2df"><testcase classname="backend.tests.test_iter136_dashboard_compare_schedule.TestDashboardPeriodCompare" name="test_01_period_compare_day" time="0.599" /><testcase classname="backend.tests.test_iter136_dashboard_compare_schedule.TestDashboardPeriodCompare" name="test_02_period_compare_week" time="0.096" /><testcase classname="backend.tests.test_iter136_dashboard_compare_schedule.TestDashboardPeriodCompare" name="test_03_period_compare_month" time="0.093" /><testcase classname="backend.tests.test_iter136_dashboard_compare_schedule.TestDashboardPeriodCompare" name="test_04_period_compare_with_branch_filter" time="0.204" /><testcase classname="backend.tests.test_iter136_dashboard_compare_schedule.TestMenuItemSchedule" name="test_05_create_menu_item_with_schedule" time="0.086" /><testcase classname="backend.tests.test_iter136_dashboard_compare_schedule.TestMenuItemSchedule" name="test_06_get_menu_item_with_schedule" time="0.110" /><testcase classname="backend.tests.test_iter136_dashboard_compare_schedule.TestMenuItemSchedule" name="test_07_update_menu_item_schedule_to_hide" time="0.180" /><testcase classname="backend.tests.test_iter136_dashboard_compare_schedule.TestMenuItemSchedule" name="test_08_disable_menu_item_schedule" time="0.122" /><testcase classname="backend.tests.test_iter136_dashboard_compare_schedule.TestMenuItemSchedule" name="test_09_cleanup_test_menu_item" time="0.090" /><testcase classname="backend.tests.test_iter136_dashboard_compare_schedule.TestCashierPOSMenuFiltering" name="test_10_cashier_menu_returns_schedule_field" time="0.102" /><testcase classname="backend.tests.test_iter136_dashboard_compare_schedule.TestCashierPOSMenuFiltering" name="test_11_menu_all_includes_schedule_data" time="0.123" /></testsuite></testsuites>