<?xml version="1.0" encoding="utf-8"?><testsuites name="pytest tests"><testsuite name="pytest" errors="0" failures="0" skipped="0" tests="14" time="6.237" timestamp="2026-03-08T13:11:26.125091+00:00" hostname="agent-env-c91c47a1-8330-492f-bdd6-fadffd95ce2f"><testcase classname="backend.tests.test_iter106_daily_grouping_pagination.TestSalesAndExpensesPagination" name="test_sales_api_returns_paginated_structure" time="0.524" /><testcase classname="backend.tests.test_iter106_daily_grouping_pagination.TestSalesAndExpensesPagination" name="test_sales_api_respects_page_parameter" time="0.431" /><testcase classname="backend.tests.test_iter106_daily_grouping_pagination.TestSalesAndExpensesPagination" name="test_sales_api_respects_limit_parameter" time="0.452" /><testcase classname="backend.tests.test_iter106_daily_grouping_pagination.TestSalesAndExpensesPagination" name="test_sales_api_calculates_pages_correctly" time="0.388" /><testcase classname="backend.tests.test_iter106_daily_grouping_pagination.TestSalesAndExpensesPagination" name="test_sales_data_has_required_fields" time="0.386" /><testcase classname="backend.tests.test_iter106_daily_grouping_pagination.TestSalesAndExpensesPagination" name="test_expenses_api_returns_paginated_structure" time="0.474" /><testcase classname="backend.tests.test_iter106_daily_grouping_pagination.TestSalesAndExpensesPagination" name="test_expenses_api_respects_page_parameter" time="0.476" /><testcase classname="backend.tests.test_iter106_daily_grouping_pagination.TestSalesAndExpensesPagination" name="test_expenses_api_respects_limit_parameter" time="0.407" /><testcase classname="backend.tests.test_iter106_daily_grouping_pagination.TestSalesAndExpensesPagination" name="test_expenses_api_calculates_pages_correctly" time="0.438" /><testcase classname="backend.tests.test_iter106_daily_grouping_pagination.TestSalesAndExpensesPagination" name="test_expenses_data_has_required_fields" time="0.387" /><testcase classname="backend.tests.test_iter106_daily_grouping_pagination.TestSalesAndExpensesPagination" name="test_sales_api_default_pagination" time="0.392" /><testcase classname="backend.tests.test_iter106_daily_grouping_pagination.TestSalesAndExpensesPagination" name="test_expenses_api_default_pagination" time="0.432" /><testcase classname="backend.tests.test_iter106_daily_grouping_pagination.TestSalesAndExpensesPagination" name="test_sales_api_page_beyond_total" time="0.445" /><testcase classname="backend.tests.test_iter106_daily_grouping_pagination.TestSalesAndExpensesPagination" name="test_expenses_api_page_beyond_total" time="0.441" /></testsuite></testsuites>