<?xml version="1.0" encoding="utf-8"?><testsuites name="pytest tests"><testsuite name="pytest" errors="0" failures="0" skipped="0" tests="19" time="2.286" timestamp="2026-03-09T10:52:36.631008+00:00" hostname="agent-env-1b956cd3-b940-4e15-bd6f-264d8859db69"><testcase classname="backend.tests.test_iter118_export_center.TestExportCenterReportTypes" name="test_get_report_types_returns_200" time="0.429" /><testcase classname="backend.tests.test_iter118_export_center.TestExportCenterReportTypes" name="test_get_report_types_returns_8_types" time="0.093" /><testcase classname="backend.tests.test_iter118_export_center.TestExportCenterReportTypes" name="test_get_report_types_structure" time="0.095" /><testcase classname="backend.tests.test_iter118_export_center.TestExportCenterHistory" name="test_get_history_returns_200" time="0.080" /><testcase classname="backend.tests.test_iter118_export_center.TestExportCenterHistory" name="test_get_history_returns_list" time="0.078" /><testcase classname="backend.tests.test_iter118_export_center.TestExportCenterGenerate" name="test_generate_sales_excel_export" time="0.092" /><testcase classname="backend.tests.test_iter118_export_center.TestExportCenterGenerate" name="test_generate_expenses_pdf_export" time="0.106" /><testcase classname="backend.tests.test_iter118_export_center.TestExportCenterGenerate" name="test_generate_profit_loss_export" time="0.118" /><testcase classname="backend.tests.test_iter118_export_center.TestExportCenterGenerate" name="test_generate_daily_summary_export" time="0.085" /><testcase classname="backend.tests.test_iter118_export_center.TestExportCenterGenerate" name="test_generate_customers_export" time="0.080" /><testcase classname="backend.tests.test_iter118_export_center.TestExportCenterGenerate" name="test_generate_employees_export" time="0.096" /><testcase classname="backend.tests.test_iter118_export_center.TestExportCenterGenerate" name="test_generate_stock_export" time="0.099" /><testcase classname="backend.tests.test_iter118_export_center.TestExportCenterGenerate" name="test_generate_supplier_payments_export" time="0.093" /><testcase classname="backend.tests.test_iter118_export_center.TestExportCenterGenerate" name="test_generate_invalid_report_type_returns_400" time="0.084" /><testcase classname="backend.tests.test_iter118_export_center.TestExportCenterGenerate" name="test_generate_all_time_sales_export" time="0.111" /><testcase classname="backend.tests.test_iter118_export_center.TestExportCenterHistoryAfterGeneration" name="test_history_updated_after_export" time="0.201" /><testcase classname="backend.tests.test_iter118_export_center.TestExportCenterAuthentication" name="test_report_types_requires_auth" time="0.074" /><testcase classname="backend.tests.test_iter118_export_center.TestExportCenterAuthentication" name="test_history_requires_auth" time="0.075" /><testcase classname="backend.tests.test_iter118_export_center.TestExportCenterAuthentication" name="test_generate_requires_auth" time="0.087" /></testsuite></testsuites>