<?xml version="1.0" encoding="utf-8"?><testsuites name="pytest tests"><testsuite name="pytest" errors="0" failures="1" skipped="0" tests="17" time="3.639" timestamp="2026-03-02T11:06:59.958689+00:00" hostname="agent-env-f182d9d2-1b82-45c6-b773-4fe728f36998"><testcase classname="backend.tests.test_iter60_quick_actions_whatsapp_cctv.TestWhatsAppNotificationEndpoints" name="test_whatsapp_send_low_stock_alert_endpoint_exists" time="0.754" /><testcase classname="backend.tests.test_iter60_quick_actions_whatsapp_cctv.TestWhatsAppNotificationEndpoints" name="test_whatsapp_send_leave_notification_endpoint_exists" time="0.109" /><testcase classname="backend.tests.test_iter60_quick_actions_whatsapp_cctv.TestWhatsAppNotificationEndpoints" name="test_whatsapp_send_salary_notification_endpoint_exists" time="0.089" /><testcase classname="backend.tests.test_iter60_quick_actions_whatsapp_cctv.TestCCTVFaceRegistration" name="test_cctv_faces_register_multiple_endpoint_exists" time="0.605" /><testcase classname="backend.tests.test_iter60_quick_actions_whatsapp_cctv.TestCCTVFaceRegistration" name="test_cctv_faces_training_status_endpoint" time="0.115" /><testcase classname="backend.tests.test_iter60_quick_actions_whatsapp_cctv.TestCCTVFaceRegistration" name="test_cctv_faces_training_status_with_branch_filter" time="0.202" /><testcase classname="backend.tests.test_iter60_quick_actions_whatsapp_cctv.TestDashboardLayout" name="test_dashboard_stats_endpoint" time="0.424" /><testcase classname="backend.tests.test_iter60_quick_actions_whatsapp_cctv.TestDashboardLayout" name="test_dashboard_layout_get" time="0.073" /><testcase classname="backend.tests.test_iter60_quick_actions_whatsapp_cctv.TestDashboardLayout" name="test_dashboard_layout_save_with_quick_actions" time="0.083" /><testcase classname="backend.tests.test_iter60_quick_actions_whatsapp_cctv.TestBankParserFormats" name="test_bank_parser_imports" time="0.309" /><testcase classname="backend.tests.test_iter60_quick_actions_whatsapp_cctv.TestBankParserFormats" name="test_emirates_nbd_parser_class_exists" time="0.000" /><testcase classname="backend.tests.test_iter60_quick_actions_whatsapp_cctv.TestBankParserFormats" name="test_rakbank_parser_class_exists" time="0.000" /><testcase classname="backend.tests.test_iter60_quick_actions_whatsapp_cctv.TestBankParserFormats" name="test_dib_parser_class_exists" time="0.000" /><testcase classname="backend.tests.test_iter60_quick_actions_whatsapp_cctv.TestBankParserFormats" name="test_get_parser_returns_uae_parsers" time="0.000" /><testcase classname="backend.tests.test_iter60_quick_actions_whatsapp_cctv.TestPredictiveEndpoints" name="test_inventory_demand_prediction" time="0.527"><failure message="AssertionError: assert 'forecasts' in {'forecast_period': 'Next 14 days', 'items': [], 'items_at_risk': 0, 'total_items_tracked': 0}">backend/tests/test_iter60_quick_actions_whatsapp_cctv.py:262: in test_inventory_demand_prediction
    assert "forecasts" in data
E   AssertionError: assert 'forecasts' in {'forecast_period': 'Next 14 days', 'items': [], 'items_at_risk': 0, 'total_items_tracked': 0}</failure></testcase><testcase classname="backend.tests.test_iter60_quick_actions_whatsapp_cctv.TestPredictiveEndpoints" name="test_peak_hours_prediction" time="0.092" /><testcase classname="backend.tests.test_iter60_quick_actions_whatsapp_cctv.TestPredictiveEndpoints" name="test_customer_clv_prediction" time="0.101" /></testsuite></testsuites>