<?xml version="1.0" encoding="utf-8"?><testsuites name="pytest tests"><testsuite name="pytest" errors="0" failures="0" skipped="0" tests="14" time="2.623" timestamp="2026-03-02T13:40:58.483197+00:00" hostname="agent-env-9275c5c8-3c0a-4276-ab3f-d6b432644841"><testcase classname="backend.tests.test_iter64_assets_liabilities.TestAssetTypes" name="test_get_asset_types" time="0.550" /><testcase classname="backend.tests.test_iter64_assets_liabilities.TestAssetCRUD" name="test_create_asset" time="0.105" /><testcase classname="backend.tests.test_iter64_assets_liabilities.TestAssetCRUD" name="test_get_assets_list" time="0.101" /><testcase classname="backend.tests.test_iter64_assets_liabilities.TestAssetCRUD" name="test_get_assets_with_filter" time="0.075" /><testcase classname="backend.tests.test_iter64_assets_liabilities.TestAssetCRUD" name="test_get_assets_with_status_filter" time="0.089" /><testcase classname="backend.tests.test_iter64_assets_liabilities.TestAssetStats" name="test_get_asset_stats" time="0.078" /><testcase classname="backend.tests.test_iter64_assets_liabilities.TestDepreciationReport" name="test_get_depreciation_report" time="0.089" /><testcase classname="backend.tests.test_iter64_assets_liabilities.TestLiabilitiesSummary" name="test_get_liabilities_summary" time="0.103" /><testcase classname="backend.tests.test_iter64_assets_liabilities.TestAssetMaintenance" name="test_create_and_log_maintenance" time="0.360" /><testcase classname="backend.tests.test_iter64_assets_liabilities.TestAssetUpdateDelete" name="test_update_asset" time="0.277" /><testcase classname="backend.tests.test_iter64_assets_liabilities.TestAssetUpdateDelete" name="test_delete_asset" time="0.296" /><testcase classname="backend.tests.test_iter64_assets_liabilities.TestAssetUpdateDelete" name="test_delete_nonexistent_asset" time="0.084" /><testcase classname="backend.tests.test_iter64_assets_liabilities.TestPartnerPLReport" name="test_get_partner_pl_report" time="0.100" /><testcase classname="backend.tests.test_iter64_assets_liabilities.TestCleanup" name="test_cleanup_test_assets" time="0.184" /></testsuite></testsuites>