<?xml version="1.0" encoding="utf-8"?><testsuites name="pytest tests"><testsuite name="pytest" errors="0" failures="1" skipped="4" tests="19" time="2.523" timestamp="2026-02-26T11:33:59.763719+00:00" hostname="agent-env-e29be632-7b8b-4f04-8d4b-d3a79a84442f"><testcase classname="backend.tests.test_iteration13_shifts_pnl.TestBackendRefactoring" name="test_login_endpoint" time="0.630" /><testcase classname="backend.tests.test_iteration13_shifts_pnl.TestBackendRefactoring" name="test_branches_endpoint" time="0.085" /><testcase classname="backend.tests.test_iteration13_shifts_pnl.TestBackendRefactoring" name="test_employees_endpoint" time="0.096" /><testcase classname="backend.tests.test_iteration13_shifts_pnl.TestBackendRefactoring" name="test_stock_endpoints" time="0.098"><failure message="assert 404 == 200&#10; +  where 404 = &lt;Response [404]&gt;.status_code">backend/tests/test_iteration13_shifts_pnl.py:93: in test_stock_endpoints
    assert resp.status_code == 200
E   assert 404 == 200
E    +  where 404 = &lt;Response [404]&gt;.status_code</failure></testcase><testcase classname="backend.tests.test_iteration13_shifts_pnl.TestShiftsCRUD" name="test_get_shifts_empty_or_list" time="0.105" /><testcase classname="backend.tests.test_iteration13_shifts_pnl.TestShiftsCRUD" name="test_create_shift_morning" time="0.334" /><testcase classname="backend.tests.test_iteration13_shifts_pnl.TestShiftsCRUD" name="test_create_shift_evening" time="0.087" /><testcase classname="backend.tests.test_iteration13_shifts_pnl.TestShiftsCRUD" name="test_get_shifts_by_branch" time="0.093" /><testcase classname="backend.tests.test_iteration13_shifts_pnl.TestShiftsCRUD" name="test_update_shift" time="0.106" /><testcase classname="backend.tests.test_iteration13_shifts_pnl.TestShiftAssignments" name="test_get_assignments_empty" time="0.094" /><testcase classname="backend.tests.test_iteration13_shifts_pnl.TestShiftAssignments" name="test_create_assignment" time="0.000"><skipped type="pytest.skip" message="No employees in branch to assign">/app/backend/tests/test_iteration13_shifts_pnl.py:198: No employees in branch to assign</skipped></testcase><testcase classname="backend.tests.test_iteration13_shifts_pnl.TestShiftAssignments" name="test_bulk_assignments" time="0.000"><skipped type="pytest.skip" message="No employees in branch">/app/backend/tests/test_iteration13_shifts_pnl.py:236: No employees in branch</skipped></testcase><testcase classname="backend.tests.test_iteration13_shifts_pnl.TestShiftAssignments" name="test_update_assignment_time_in_out" time="0.000"><skipped type="pytest.skip" message="No assignment to update">/app/backend/tests/test_iteration13_shifts_pnl.py:273: No assignment to update</skipped></testcase><testcase classname="backend.tests.test_iteration13_shifts_pnl.TestShiftAssignments" name="test_update_assignment_late" time="0.000"><skipped type="pytest.skip" message="No employees">/app/backend/tests/test_iteration13_shifts_pnl.py:292: No employees</skipped></testcase><testcase classname="backend.tests.test_iteration13_shifts_pnl.TestShiftAssignments" name="test_attendance_summary" time="0.135" /><testcase classname="backend.tests.test_iteration13_shifts_pnl.TestItemPnLReport" name="test_get_item_pnl_report" time="0.079" /><testcase classname="backend.tests.test_iteration13_shifts_pnl.TestItemPnLReport" name="test_item_pnl_row_structure" time="0.084" /><testcase classname="backend.tests.test_iteration13_shifts_pnl.TestItemPnLReport" name="test_item_pnl_with_branch_filter" time="0.084" /><testcase classname="backend.tests.test_iteration13_shifts_pnl.TestCleanup" name="test_cleanup_test_shifts" time="0.295" /></testsuite></testsuites>