<?xml version="1.0" encoding="utf-8"?><testsuites name="pytest tests"><testsuite name="pytest" errors="0" failures="0" skipped="0" tests="11" time="10.056" timestamp="2026-03-09T21:29:36.333817+00:00" hostname="agent-env-033c6b5e-3bd8-41fb-94e6-396812ce83b4"><testcase classname="backend.tests.test_iter121_daily_summary_bug_fix.TestDailySummaryRangeFix" name="test_daily_summary_range_returns_all_dates_in_range" time="1.406" /><testcase classname="backend.tests.test_iter121_daily_summary_bug_fix.TestDailySummaryRangeFix" name="test_daily_summary_range_dates_are_continuous" time="0.445" /><testcase classname="backend.tests.test_iter121_daily_summary_bug_fix.TestDailySummaryRangeFix" name="test_daily_sales_match_sales_endpoint" time="0.837" /><testcase classname="backend.tests.test_iter121_daily_summary_bug_fix.TestDailySummaryRangeFix" name="test_zero_data_days_have_zero_values" time="0.434" /><testcase classname="backend.tests.test_iter121_daily_summary_bug_fix.TestDailySummaryTotals" name="test_totals_match_daily_sum" time="1.118" /><testcase classname="backend.tests.test_iter121_daily_summary_bug_fix.TestDailySummaryTotals" name="test_net_profit_calculation" time="0.415" /><testcase classname="backend.tests.test_iter121_daily_summary_bug_fix.TestDailySummaryTotals" name="test_net_cash_and_bank_calculations" time="0.408" /><testcase classname="backend.tests.test_iter121_daily_summary_bug_fix.TestSingleDaySummary" name="test_single_day_summary_endpoint" time="1.065" /><testcase classname="backend.tests.test_iter121_daily_summary_bug_fix.TestSingleDaySummary" name="test_single_day_matches_range_day" time="0.839" /><testcase classname="backend.tests.test_iter121_daily_summary_bug_fix.TestExpenseByCategory" name="test_expense_by_category_present" time="1.064" /><testcase classname="backend.tests.test_iter121_daily_summary_bug_fix.TestBranchFiltering" name="test_branch_filter_works" time="1.888" /></testsuite></testsuites>