<?xml version="1.0" encoding="utf-8"?><testsuites name="pytest tests"><testsuite name="pytest" errors="0" failures="0" skipped="0" tests="8" time="4.177" timestamp="2026-03-08T21:17:39.795750+00:00" hostname="agent-env-c91c47a1-8330-492f-bdd6-fadffd95ce2f"><testcase classname="backend.tests.test_iter110_platform_reconciliation.TestPlatformReconciliation" name="test_get_platform_reconciliation_summary" time="0.591" /><testcase classname="backend.tests.test_iter110_platform_reconciliation.TestPlatformReconciliation" name="test_get_platform_reconciliation_summary_with_date_filter" time="0.415" /><testcase classname="backend.tests.test_iter110_platform_reconciliation.TestPlatformReconciliation" name="test_get_platform_reconciliation_history" time="0.414" /><testcase classname="backend.tests.test_iter110_platform_reconciliation.TestPlatformReconciliation" name="test_record_platform_payment_and_delete" time="0.791" /><testcase classname="backend.tests.test_iter110_platform_reconciliation.TestBankAccounts" name="test_get_bank_accounts_returns_three_accounts" time="0.395" /><testcase classname="backend.tests.test_iter110_platform_reconciliation.TestSalesAPI" name="test_get_sales_list" time="0.424" /><testcase classname="backend.tests.test_iter110_platform_reconciliation.TestSalesAPI" name="test_create_and_delete_sale" time="0.606" /><testcase classname="backend.tests.test_iter110_platform_reconciliation.TestPlatformsAPI" name="test_get_platforms" time="0.415" /></testsuite></testsuites>