<?xml version="1.0" encoding="utf-8"?><testsuites name="pytest tests"><testsuite name="pytest" errors="0" failures="0" skipped="0" tests="19" time="3.469" timestamp="2026-03-01T10:58:43.436371+00:00" hostname="agent-env-7bcc125f-62f3-4078-a9fb-4d909ae965bb"><testcase classname="backend.tests.test_task_reminders_iter49.TestTaskRemindersAPI" name="test_get_presets_returns_4_roles" time="0.407" /><testcase classname="backend.tests.test_task_reminders_iter49.TestTaskRemindersAPI" name="test_presets_have_required_fields" time="0.079" /><testcase classname="backend.tests.test_task_reminders_iter49.TestTaskRemindersAPI" name="test_create_single_reminder" time="0.093" /><testcase classname="backend.tests.test_task_reminders_iter49.TestTaskRemindersAPI" name="test_create_reminder_returns_all_fields" time="0.198" /><testcase classname="backend.tests.test_task_reminders_iter49.TestTaskRemindersAPI" name="test_bulk_create_presets_for_role" time="0.095" /><testcase classname="backend.tests.test_task_reminders_iter49.TestTaskRemindersAPI" name="test_bulk_create_invalid_role_fails" time="0.091" /><testcase classname="backend.tests.test_task_reminders_iter49.TestTaskRemindersAPI" name="test_list_all_reminders" time="0.072" /><testcase classname="backend.tests.test_task_reminders_iter49.TestTaskRemindersAPI" name="test_update_reminder_toggle_enabled" time="0.191" /><testcase classname="backend.tests.test_task_reminders_iter49.TestTaskRemindersAPI" name="test_update_reminder_change_interval" time="0.186" /><testcase classname="backend.tests.test_task_reminders_iter49.TestTaskRemindersAPI" name="test_update_nonexistent_reminder_returns_404" time="0.089" /><testcase classname="backend.tests.test_task_reminders_iter49.TestTaskRemindersAPI" name="test_delete_reminder" time="0.173" /><testcase classname="backend.tests.test_task_reminders_iter49.TestTaskRemindersAPI" name="test_delete_nonexistent_reminder_returns_404" time="0.081" /><testcase classname="backend.tests.test_task_reminders_iter49.TestTaskRemindersAPI" name="test_acknowledge_reminder" time="0.147" /><testcase classname="backend.tests.test_task_reminders_iter49.TestTaskRemindersAPI" name="test_get_acknowledgements_for_reminder" time="0.180" /><testcase classname="backend.tests.test_task_reminders_iter49.TestTaskRemindersAPI" name="test_get_my_reminders_employee" time="0.416" /><testcase classname="backend.tests.test_task_reminders_iter49.TestTaskRemindersAPI" name="test_get_my_reminders_admin" time="0.082" /><testcase classname="backend.tests.test_task_reminders_iter49.TestTaskRemindersAPI" name="test_get_reminder_history" time="0.089" /><testcase classname="backend.tests.test_task_reminders_iter49.TestTaskRemindersAPI" name="test_get_reminder_history_with_limit" time="0.078" /><testcase classname="backend.tests.test_task_reminders_iter49.TestTaskRemindersCleanup" name="test_cleanup_test_reminders" time="0.645" /></testsuite></testsuites>