<?xml version="1.0" encoding="utf-8"?><testsuites name="pytest tests"><testsuite name="pytest" errors="0" failures="36" skipped="0" tests="36" time="3.676" timestamp="2026-02-27T01:58:48.747949+00:00" hostname="agent-env-a55846b6-ae03-4a97-ac33-6becfe8b1d26"><testcase classname="backend.tests.test_iteration28_visualizations.TestHeatmapData" name="test_heatmap_returns_200" time="0.591"><failure message="AssertionError: Expected 200, got 401: {&quot;detail&quot;:&quot;Invalid authentication credentials&quot;}&#10;assert 401 == 200&#10; +  where 401 = &lt;Response [401]&gt;.status_code">backend/tests/test_iteration28_visualizations.py:54: in test_heatmap_returns_200
    assert response.status_code == 200, f"Expected 200, got {response.status_code}: {response.text}"
E   AssertionError: Expected 200, got 401: {"detail":"Invalid authentication credentials"}
E   assert 401 == 200
E    +  where 401 = &lt;Response [401]&gt;.status_code</failure></testcase><testcase classname="backend.tests.test_iteration28_visualizations.TestHeatmapData" name="test_heatmap_returns_array" time="0.092"><failure message="AssertionError: Heatmap should return an array&#10;assert False&#10; +  where False = isinstance({'detail': 'Invalid authentication credentials'}, list)">backend/tests/test_iteration28_visualizations.py:60: in test_heatmap_returns_array
    assert isinstance(data, list), "Heatmap should return an array"
E   AssertionError: Heatmap should return an array
E   assert False
E    +  where False = isinstance({'detail': 'Invalid authentication credentials'}, list)</failure></testcase><testcase classname="backend.tests.test_iteration28_visualizations.TestHeatmapData" name="test_heatmap_data_structure" time="0.073"><failure message="KeyError: 0">backend/tests/test_iteration28_visualizations.py:67: in test_heatmap_data_structure
    item = data[0]
           ^^^^^^^
E   KeyError: 0</failure></testcase><testcase classname="backend.tests.test_iteration28_visualizations.TestSalesFunnel" name="test_funnel_returns_200" time="0.092"><failure message="AssertionError: Expected 200, got 401: {&quot;detail&quot;:&quot;Invalid authentication credentials&quot;}&#10;assert 401 == 200&#10; +  where 401 = &lt;Response [401]&gt;.status_code">backend/tests/test_iteration28_visualizations.py:80: in test_funnel_returns_200
    assert response.status_code == 200, f"Expected 200, got {response.status_code}: {response.text}"
E   AssertionError: Expected 200, got 401: {"detail":"Invalid authentication credentials"}
E   assert 401 == 200
E    +  where 401 = &lt;Response [401]&gt;.status_code</failure></testcase><testcase classname="backend.tests.test_iteration28_visualizations.TestSalesFunnel" name="test_funnel_has_funnel_array" time="0.076"><failure message="AssertionError: Response should have 'funnel' key&#10;assert 'funnel' in {'detail': 'Invalid authentication credentials'}">backend/tests/test_iteration28_visualizations.py:86: in test_funnel_has_funnel_array
    assert "funnel" in data, "Response should have 'funnel' key"
E   AssertionError: Response should have 'funnel' key
E   assert 'funnel' in {'detail': 'Invalid authentication credentials'}</failure></testcase><testcase classname="backend.tests.test_iteration28_visualizations.TestSalesFunnel" name="test_funnel_has_5_stages" time="0.076"><failure message="KeyError: 'funnel'">backend/tests/test_iteration28_visualizations.py:93: in test_funnel_has_5_stages
    assert len(data["funnel"]) == 5, f"Expected 5 stages, got {len(data['funnel'])}"
               ^^^^^^^^^^^^^^
E   KeyError: 'funnel'</failure></testcase><testcase classname="backend.tests.test_iteration28_visualizations.TestSalesFunnel" name="test_funnel_has_summary" time="0.077"><failure message="AssertionError: Response should have 'summary' key&#10;assert 'summary' in {'detail': 'Invalid authentication credentials'}">backend/tests/test_iteration28_visualizations.py:102: in test_funnel_has_summary
    assert "summary" in data, "Response should have 'summary' key"
E   AssertionError: Response should have 'summary' key
E   assert 'summary' in {'detail': 'Invalid authentication credentials'}</failure></testcase><testcase classname="backend.tests.test_iteration28_visualizations.TestExpenseTreemap" name="test_treemap_returns_200" time="0.072"><failure message="AssertionError: Expected 200, got 401: {&quot;detail&quot;:&quot;Invalid authentication credentials&quot;}&#10;assert 401 == 200&#10; +  where 401 = &lt;Response [401]&gt;.status_code">backend/tests/test_iteration28_visualizations.py:116: in test_treemap_returns_200
    assert response.status_code == 200, f"Expected 200, got {response.status_code}: {response.text}"
E   AssertionError: Expected 200, got 401: {"detail":"Invalid authentication credentials"}
E   assert 401 == 200
E    +  where 401 = &lt;Response [401]&gt;.status_code</failure></testcase><testcase classname="backend.tests.test_iteration28_visualizations.TestExpenseTreemap" name="test_treemap_has_tree_array" time="0.093"><failure message="AssertionError: Response should have 'tree' key&#10;assert 'tree' in {'detail': 'Invalid authentication credentials'}">backend/tests/test_iteration28_visualizations.py:122: in test_treemap_has_tree_array
    assert "tree" in data, "Response should have 'tree' key"
E   AssertionError: Response should have 'tree' key
E   assert 'tree' in {'detail': 'Invalid authentication credentials'}</failure></testcase><testcase classname="backend.tests.test_iteration28_visualizations.TestExpenseTreemap" name="test_treemap_has_total_and_period" time="0.082"><failure message="AssertionError: Response should have 'total'&#10;assert 'total' in {'detail': 'Invalid authentication credentials'}">backend/tests/test_iteration28_visualizations.py:129: in test_treemap_has_total_and_period
    assert "total" in data, "Response should have 'total'"
E   AssertionError: Response should have 'total'
E   assert 'total' in {'detail': 'Invalid authentication credentials'}</failure></testcase><testcase classname="backend.tests.test_iteration28_visualizations.TestExpenseTreemap" name="test_treemap_months_filter" time="0.087"><failure message="AssertionError: Failed for months=1&#10;assert 401 == 200&#10; +  where 401 = &lt;Response [401]&gt;.status_code">backend/tests/test_iteration28_visualizations.py:136: in test_treemap_months_filter
    assert response.status_code == 200, f"Failed for months={months}"
E   AssertionError: Failed for months=1
E   assert 401 == 200
E    +  where 401 = &lt;Response [401]&gt;.status_code</failure></testcase><testcase classname="backend.tests.test_iteration28_visualizations.TestKPIGauges" name="test_gauges_returns_200" time="0.069"><failure message="AssertionError: Expected 200, got 401: {&quot;detail&quot;:&quot;Invalid authentication credentials&quot;}&#10;assert 401 == 200&#10; +  where 401 = &lt;Response [401]&gt;.status_code">backend/tests/test_iteration28_visualizations.py:147: in test_gauges_returns_200
    assert response.status_code == 200, f"Expected 200, got {response.status_code}: {response.text}"
E   AssertionError: Expected 200, got 401: {"detail":"Invalid authentication credentials"}
E   assert 401 == 200
E    +  where 401 = &lt;Response [401]&gt;.status_code</failure></testcase><testcase classname="backend.tests.test_iteration28_visualizations.TestKPIGauges" name="test_gauges_has_4_indicators" time="0.071"><failure message="AssertionError: Response should have 'gauges' key&#10;assert 'gauges' in {'detail': 'Invalid authentication credentials'}">backend/tests/test_iteration28_visualizations.py:153: in test_gauges_has_4_indicators
    assert "gauges" in data, "Response should have 'gauges' key"
E   AssertionError: Response should have 'gauges' key
E   assert 'gauges' in {'detail': 'Invalid authentication credentials'}</failure></testcase><testcase classname="backend.tests.test_iteration28_visualizations.TestKPIGauges" name="test_gauges_names" time="0.079"><failure message="KeyError: 'gauges'">backend/tests/test_iteration28_visualizations.py:160: in test_gauges_names
    gauge_names = [g["name"] for g in data["gauges"]]
                                      ^^^^^^^^^^^^^^
E   KeyError: 'gauges'</failure></testcase><testcase classname="backend.tests.test_iteration28_visualizations.TestKPIGauges" name="test_gauge_structure" time="0.069"><failure message="KeyError: 'gauges'">backend/tests/test_iteration28_visualizations.py:168: in test_gauge_structure
    for gauge in data["gauges"]:
                 ^^^^^^^^^^^^^^
E   KeyError: 'gauges'</failure></testcase><testcase classname="backend.tests.test_iteration28_visualizations.TestKPIGauges" name="test_gauges_has_month" time="0.067"><failure message="AssertionError: Response should have 'month'&#10;assert 'month' in {'detail': 'Invalid authentication credentials'}">backend/tests/test_iteration28_visualizations.py:181: in test_gauges_has_month
    assert "month" in data, "Response should have 'month'"
E   AssertionError: Response should have 'month'
E   assert 'month' in {'detail': 'Invalid authentication credentials'}</failure></testcase><testcase classname="backend.tests.test_iteration28_visualizations.TestBranchRadar" name="test_radar_returns_200" time="0.081"><failure message="AssertionError: Expected 200, got 401: {&quot;detail&quot;:&quot;Invalid authentication credentials&quot;}&#10;assert 401 == 200&#10; +  where 401 = &lt;Response [401]&gt;.status_code">backend/tests/test_iteration28_visualizations.py:190: in test_radar_returns_200
    assert response.status_code == 200, f"Expected 200, got {response.status_code}: {response.text}"
E   AssertionError: Expected 200, got 401: {"detail":"Invalid authentication credentials"}
E   assert 401 == 200
E    +  where 401 = &lt;Response [401]&gt;.status_code</failure></testcase><testcase classname="backend.tests.test_iteration28_visualizations.TestBranchRadar" name="test_radar_has_branches" time="0.073"><failure message="AssertionError: Response should have 'branches' key&#10;assert 'branches' in {'detail': 'Invalid authentication credentials'}">backend/tests/test_iteration28_visualizations.py:196: in test_radar_has_branches
    assert "branches" in data, "Response should have 'branches' key"
E   AssertionError: Response should have 'branches' key
E   assert 'branches' in {'detail': 'Invalid authentication credentials'}</failure></testcase><testcase classname="backend.tests.test_iteration28_visualizations.TestBranchRadar" name="test_radar_has_radar_data" time="0.078"><failure message="AssertionError: Response should have 'radar' key&#10;assert 'radar' in {'detail': 'Invalid authentication credentials'}">backend/tests/test_iteration28_visualizations.py:203: in test_radar_has_radar_data
    assert "radar" in data, "Response should have 'radar' key"
E   AssertionError: Response should have 'radar' key
E   assert 'radar' in {'detail': 'Invalid authentication credentials'}</failure></testcase><testcase classname="backend.tests.test_iteration28_visualizations.TestBranchRadar" name="test_radar_metrics" time="0.079"><failure message="KeyError: 'metrics'">backend/tests/test_iteration28_visualizations.py:211: in test_radar_metrics
    assert data["metrics"] == expected, f"Metrics mismatch: {data['metrics']}"
           ^^^^^^^^^^^^^^^
E   KeyError: 'metrics'</failure></testcase><testcase classname="backend.tests.test_iteration28_visualizations.TestBranchRadar" name="test_radar_branch_structure" time="0.093"><failure message="KeyError: 'branches'">backend/tests/test_iteration28_visualizations.py:217: in test_radar_branch_structure
    if len(data["branches"]) &gt; 0:
           ^^^^^^^^^^^^^^^^
E   KeyError: 'branches'</failure></testcase><testcase classname="backend.tests.test_iteration28_visualizations.TestCashflowWaterfall" name="test_waterfall_returns_200" time="0.072"><failure message="AssertionError: Expected 200, got 401: {&quot;detail&quot;:&quot;Invalid authentication credentials&quot;}&#10;assert 401 == 200&#10; +  where 401 = &lt;Response [401]&gt;.status_code">backend/tests/test_iteration28_visualizations.py:234: in test_waterfall_returns_200
    assert response.status_code == 200, f"Expected 200, got {response.status_code}: {response.text}"
E   AssertionError: Expected 200, got 401: {"detail":"Invalid authentication credentials"}
E   assert 401 == 200
E    +  where 401 = &lt;Response [401]&gt;.status_code</failure></testcase><testcase classname="backend.tests.test_iteration28_visualizations.TestCashflowWaterfall" name="test_waterfall_has_waterfall_array" time="0.070"><failure message="AssertionError: Response should have 'waterfall' key&#10;assert 'waterfall' in {'detail': 'Invalid authentication credentials'}">backend/tests/test_iteration28_visualizations.py:240: in test_waterfall_has_waterfall_array
    assert "waterfall" in data, "Response should have 'waterfall' key"
E   AssertionError: Response should have 'waterfall' key
E   assert 'waterfall' in {'detail': 'Invalid authentication credentials'}</failure></testcase><testcase classname="backend.tests.test_iteration28_visualizations.TestCashflowWaterfall" name="test_waterfall_has_net" time="0.124"><failure message="AssertionError: Response should have 'net'&#10;assert 'net' in {'detail': 'Invalid authentication credentials'}">backend/tests/test_iteration28_visualizations.py:247: in test_waterfall_has_net
    assert "net" in data, "Response should have 'net'"
E   AssertionError: Response should have 'net'
E   assert 'net' in {'detail': 'Invalid authentication credentials'}</failure></testcase><testcase classname="backend.tests.test_iteration28_visualizations.TestCashflowWaterfall" name="test_waterfall_step_structure" time="0.068"><failure message="KeyError: 'waterfall'">backend/tests/test_iteration28_visualizations.py:254: in test_waterfall_step_structure
    if len(data["waterfall"]) &gt; 0:
           ^^^^^^^^^^^^^^^^^
E   KeyError: 'waterfall'</failure></testcase><testcase classname="backend.tests.test_iteration28_visualizations.TestCashflowWaterfall" name="test_waterfall_has_income_expense_total" time="0.101"><failure message="KeyError: 'waterfall'">backend/tests/test_iteration28_visualizations.py:266: in test_waterfall_has_income_expense_total
    types = set(s["type"] for s in data["waterfall"])
                                   ^^^^^^^^^^^^^^^^^
E   KeyError: 'waterfall'</failure></testcase><testcase classname="backend.tests.test_iteration28_visualizations.TestMoneyFlow" name="test_money_flow_returns_200" time="0.077"><failure message="AssertionError: Expected 200, got 401: {&quot;detail&quot;:&quot;Invalid authentication credentials&quot;}&#10;assert 401 == 200&#10; +  where 401 = &lt;Response [401]&gt;.status_code">backend/tests/test_iteration28_visualizations.py:278: in test_money_flow_returns_200
    assert response.status_code == 200, f"Expected 200, got {response.status_code}: {response.text}"
E   AssertionError: Expected 200, got 401: {"detail":"Invalid authentication credentials"}
E   assert 401 == 200
E    +  where 401 = &lt;Response [401]&gt;.status_code</failure></testcase><testcase classname="backend.tests.test_iteration28_visualizations.TestMoneyFlow" name="test_money_flow_has_links" time="0.074"><failure message="AssertionError: Response should have 'links' key&#10;assert 'links' in {'detail': 'Invalid authentication credentials'}">backend/tests/test_iteration28_visualizations.py:284: in test_money_flow_has_links
    assert "links" in data, "Response should have 'links' key"
E   AssertionError: Response should have 'links' key
E   assert 'links' in {'detail': 'Invalid authentication credentials'}</failure></testcase><testcase classname="backend.tests.test_iteration28_visualizations.TestMoneyFlow" name="test_money_flow_has_totals" time="0.083"><failure message="AssertionError: Response should have 'total_revenue'&#10;assert 'total_revenue' in {'detail': 'Invalid authentication credentials'}">backend/tests/test_iteration28_visualizations.py:291: in test_money_flow_has_totals
    assert "total_revenue" in data, "Response should have 'total_revenue'"
E   AssertionError: Response should have 'total_revenue'
E   assert 'total_revenue' in {'detail': 'Invalid authentication credentials'}</failure></testcase><testcase classname="backend.tests.test_iteration28_visualizations.TestMoneyFlow" name="test_money_flow_link_structure" time="0.072"><failure message="KeyError: 'links'">backend/tests/test_iteration28_visualizations.py:301: in test_money_flow_link_structure
    if len(data["links"]) &gt; 0:
           ^^^^^^^^^^^^^
E   KeyError: 'links'</failure></testcase><testcase classname="backend.tests.test_iteration28_visualizations.TestTimeSeriesCompare" name="test_timeseries_returns_200" time="0.075"><failure message="AssertionError: Expected 200, got 401: {&quot;detail&quot;:&quot;Invalid authentication credentials&quot;}&#10;assert 401 == 200&#10; +  where 401 = &lt;Response [401]&gt;.status_code">backend/tests/test_iteration28_visualizations.py:314: in test_timeseries_returns_200
    assert response.status_code == 200, f"Expected 200, got {response.status_code}: {response.text}"
E   AssertionError: Expected 200, got 401: {"detail":"Invalid authentication credentials"}
E   assert 401 == 200
E    +  where 401 = &lt;Response [401]&gt;.status_code</failure></testcase><testcase classname="backend.tests.test_iteration28_visualizations.TestTimeSeriesCompare" name="test_timeseries_has_periods" time="0.078"><failure message="AssertionError: Response should have 'periods' key&#10;assert 'periods' in {'detail': 'Invalid authentication credentials'}">backend/tests/test_iteration28_visualizations.py:320: in test_timeseries_has_periods
    assert "periods" in data, "Response should have 'periods' key"
E   AssertionError: Response should have 'periods' key
E   assert 'periods' in {'detail': 'Invalid authentication credentials'}</failure></testcase><testcase classname="backend.tests.test_iteration28_visualizations.TestTimeSeriesCompare" name="test_timeseries_default_3_periods" time="0.086"><failure message="KeyError: 'periods'">backend/tests/test_iteration28_visualizations.py:327: in test_timeseries_default_3_periods
    assert len(data["periods"]) == 3, f"Expected 3 periods, got {len(data['periods'])}"
               ^^^^^^^^^^^^^^^
E   KeyError: 'periods'</failure></testcase><testcase classname="backend.tests.test_iteration28_visualizations.TestTimeSeriesCompare" name="test_timeseries_periods_param" time="0.072"><failure message="AssertionError: Failed for periods=2&#10;assert 401 == 200&#10; +  where 401 = &lt;Response [401]&gt;.status_code">backend/tests/test_iteration28_visualizations.py:333: in test_timeseries_periods_param
    assert response.status_code == 200, f"Failed for periods={periods}"
E   AssertionError: Failed for periods=2
E   assert 401 == 200
E    +  where 401 = &lt;Response [401]&gt;.status_code</failure></testcase><testcase classname="backend.tests.test_iteration28_visualizations.TestTimeSeriesCompare" name="test_timeseries_period_structure" time="0.072"><failure message="KeyError: 'periods'">backend/tests/test_iteration28_visualizations.py:341: in test_timeseries_period_structure
    if len(data["periods"]) &gt; 0:
           ^^^^^^^^^^^^^^^
E   KeyError: 'periods'</failure></testcase><testcase classname="backend.tests.test_iteration28_visualizations.TestTimeSeriesCompare" name="test_timeseries_daily_structure" time="0.072"><failure message="KeyError: 'periods'">backend/tests/test_iteration28_visualizations.py:352: in test_timeseries_daily_structure
    if len(data["periods"]) &gt; 0 and len(data["periods"][0]["daily"]) &gt; 0:
           ^^^^^^^^^^^^^^^
E   KeyError: 'periods'</failure></testcase></testsuite></testsuites>