<?xml version="1.0" encoding="utf-8"?><testsuites name="pytest tests"><testsuite name="pytest" errors="0" failures="0" skipped="0" tests="9" time="4.256" timestamp="2026-02-26T09:24:38.994675+00:00" hostname="agent-env-e29be632-7b8b-4f04-8d4b-d3a79a84442f"><testcase classname="backend.tests.test_iteration9.TestExpenseForBranch" name="test_01_login_with_admin_credentials" time="0.846" /><testcase classname="backend.tests.test_iteration9.TestExpenseForBranch" name="test_02_verify_branches_exist" time="0.379" /><testcase classname="backend.tests.test_iteration9.TestExpenseForBranch" name="test_03_create_cross_branch_expense" time="0.412" /><testcase classname="backend.tests.test_iteration9.TestExpenseForBranch" name="test_04_verify_expense_in_list" time="0.479" /><testcase classname="backend.tests.test_iteration9.TestExpenseForBranch" name="test_05_branch_dues_endpoint_returns_expense_dues" time="0.456" /><testcase classname="backend.tests.test_iteration9.TestExpenseForBranch" name="test_06_branch_dues_net_endpoint" time="0.408" /><testcase classname="backend.tests.test_iteration9.TestExpenseForBranch" name="test_07_create_expense_same_branch" time="0.408" /><testcase classname="backend.tests.test_iteration9.TestExpenseForBranch" name="test_08_create_expense_empty_string_for_branch" time="0.418" /><testcase classname="backend.tests.test_iteration9.TestExpensesEndpoint" name="test_get_expenses_returns_expense_for_branch_field" time="0.381" /></testsuite></testsuites>