<?xml version="1.0" encoding="utf-8"?><testsuites name="pytest tests"><testsuite name="pytest" errors="0" failures="0" skipped="0" tests="12" time="12.912" timestamp="2026-03-05T12:13:26.550700+00:00" hostname="agent-env-9efb9676-6abf-4087-a561-9ebe75388318"><testcase classname="backend.tests.test_iteration95_ai_insights.TestCustomerPagination" name="test_customers_returns_paginated_format" time="1.284" /><testcase classname="backend.tests.test_iteration95_ai_insights.TestCustomerPagination" name="test_customers_pagination_params" time="0.461" /><testcase classname="backend.tests.test_iteration95_ai_insights.TestCustomerPagination" name="test_customers_balance_endpoint" time="0.436" /><testcase classname="backend.tests.test_iteration95_ai_insights.TestAIInsightsEndpoints" name="test_dashboard_insights_endpoint" time="3.395" /><testcase classname="backend.tests.test_iteration95_ai_insights.TestAIInsightsEndpoints" name="test_stock_insights_endpoint" time="1.572" /><testcase classname="backend.tests.test_iteration95_ai_insights.TestAIInsightsEndpoints" name="test_sales_trends_insights_endpoint" time="2.194" /><testcase classname="backend.tests.test_iteration95_ai_insights.TestAIInsightsEndpoints" name="test_ai_insights_require_authentication" time="1.324" /><testcase classname="backend.tests.test_iteration95_ai_insights.TestPagesWithCustomerData" name="test_sales_endpoint" time="0.465" /><testcase classname="backend.tests.test_iteration95_ai_insights.TestPagesWithCustomerData" name="test_invoices_endpoint" time="0.420" /><testcase classname="backend.tests.test_iteration95_ai_insights.TestPagesWithCustomerData" name="test_platforms_endpoint" time="0.411" /><testcase classname="backend.tests.test_iteration95_ai_insights.TestActivityLogs" name="test_activity_logs_endpoint" time="0.422" /><testcase classname="backend.tests.test_iteration95_ai_insights.TestDashboardEndpoint" name="test_dashboard_stats" time="0.420" /></testsuite></testsuites>