<?xml version="1.0" encoding="utf-8"?><testsuites name="pytest tests"><testsuite name="pytest" errors="0" failures="0" skipped="0" tests="17" time="9.553" timestamp="2026-03-03T11:55:01.344424+00:00" hostname="agent-env-4b6186cc-27bd-41c9-93d5-f5b5c119299a"><testcase classname="backend.tests.test_rbac_iteration67.TestAdminProtection" name="test_admin_login_success" time="0.838" /><testcase classname="backend.tests.test_rbac_iteration67.TestAdminProtection" name="test_cannot_delete_protected_admin_self" time="1.605" /><testcase classname="backend.tests.test_rbac_iteration67.TestAdminProtection" name="test_cannot_reset_protected_admin_password" time="0.405" /><testcase classname="backend.tests.test_rbac_iteration67.TestOperatorLogin" name="test_operator_login_success" time="0.678" /><testcase classname="backend.tests.test_rbac_iteration67.TestOperatorLogin" name="test_operator_has_correct_permissions" time="1.134" /><testcase classname="backend.tests.test_rbac_iteration67.TestStockPermissions" name="test_admin_can_access_stock_entries" time="0.423" /><testcase classname="backend.tests.test_rbac_iteration67.TestStockPermissions" name="test_operator_cannot_access_stock_entries" time="0.435" /><testcase classname="backend.tests.test_rbac_iteration67.TestStockPermissions" name="test_operator_cannot_access_stock_usage" time="0.415" /><testcase classname="backend.tests.test_rbac_iteration67.TestSettingsPermissions" name="test_admin_can_access_company_settings" time="0.410" /><testcase classname="backend.tests.test_rbac_iteration67.TestSettingsPermissions" name="test_operator_cannot_post_company_settings" time="0.406" /><testcase classname="backend.tests.test_rbac_iteration67.TestReportsPermissions" name="test_admin_can_access_credit_sales_report" time="0.423" /><testcase classname="backend.tests.test_rbac_iteration67.TestReportsPermissions" name="test_operator_cannot_access_reports" time="0.443" /><testcase classname="backend.tests.test_rbac_iteration67.TestSalesPermissions" name="test_admin_can_access_sales" time="0.442" /><testcase classname="backend.tests.test_rbac_iteration67.TestSalesPermissions" name="test_operator_can_access_sales" time="0.512" /><testcase classname="backend.tests.test_rbac_iteration67.TestUsersManagement" name="test_admin_can_list_users" time="0.414" /><testcase classname="backend.tests.test_rbac_iteration67.TestUsersManagement" name="test_operator_cannot_list_users" time="0.413" /><testcase classname="backend.tests.test_rbac_iteration67.TestBranchFiltering" name="test_operator_branch_id" time="0.000" /></testsuite></testsuites>