<?xml version="1.0" encoding="utf-8"?><testsuites name="pytest tests"><testsuite name="pytest" errors="0" failures="0" skipped="0" tests="17" time="1.452" timestamp="2026-03-12T23:12:21.615420+00:00" hostname="agent-env-841bf039-d4af-4b80-b869-b82d4773e5e1"><testcase classname="backend.tests.test_iter141_accounting_new.TestJournalEntries" name="test_get_journal_entries_empty_initial" time="0.527" /><testcase classname="backend.tests.test_iter141_accounting_new.TestJournalEntries" name="test_create_journal_entry_balanced" time="0.050" /><testcase classname="backend.tests.test_iter141_accounting_new.TestJournalEntries" name="test_create_unbalanced_entry_fails" time="0.041" /><testcase classname="backend.tests.test_iter141_accounting_new.TestJournalEntries" name="test_create_entry_insufficient_lines_fails" time="0.050" /><testcase classname="backend.tests.test_iter141_accounting_new.TestJournalEntries" name="test_get_journal_entries_after_create" time="0.039" /><testcase classname="backend.tests.test_iter141_accounting_new.TestJournalEntries" name="test_delete_journal_entry" time="0.043" /><testcase classname="backend.tests.test_iter141_accounting_new.TestJournalEntries" name="test_delete_nonexistent_entry_fails" time="0.037" /><testcase classname="backend.tests.test_iter141_accounting_new.TestBalanceSheet" name="test_get_balance_sheet_default" time="0.050" /><testcase classname="backend.tests.test_iter141_accounting_new.TestBalanceSheet" name="test_get_balance_sheet_with_date" time="0.094" /><testcase classname="backend.tests.test_iter141_accounting_new.TestBalanceSheet" name="test_balance_sheet_accounting_equation" time="0.047" /><testcase classname="backend.tests.test_iter141_accounting_new.TestFinancialDashboard" name="test_get_financial_dashboard" time="0.053" /><testcase classname="backend.tests.test_iter141_accounting_new.TestFinancialDashboard" name="test_revenue_trend_structure" time="0.050" /><testcase classname="backend.tests.test_iter141_accounting_new.TestFinancialDashboard" name="test_cash_flow_structure" time="0.094" /><testcase classname="backend.tests.test_iter141_accounting_new.TestFinancialDashboard" name="test_outstanding_structure" time="0.045" /><testcase classname="backend.tests.test_iter141_accounting_new.TestAccountingSidebar" name="test_accounting_section_items" time="0.000" /><testcase classname="backend.tests.test_iter141_accounting_new.TestLandingPage" name="test_landing_page_accessible" time="0.049" /><testcase classname="backend.tests.test_iter141_accounting_new.TestLandingPage" name="test_api_health_without_auth" time="0.038" /></testsuite></testsuites>