<?xml version="1.0" encoding="utf-8"?><testsuites name="pytest tests"><testsuite name="pytest" errors="0" failures="0" skipped="0" tests="15" time="19.843" timestamp="2026-03-15T11:34:46.474297+00:00" hostname="agent-env-0638f3fd-5458-4d11-8e66-4e42b92cd22a"><testcase classname="backend.tests.test_iter144_multitenancy.TestSuperAdminAuth" name="test_super_admin_login" time="0.810" /><testcase classname="backend.tests.test_iter144_multitenancy.TestAdminDashboard" name="test_admin_dashboard_endpoint" time="1.257" /><testcase classname="backend.tests.test_iter144_multitenancy.TestAdminDashboard" name="test_admin_dashboard_requires_super_admin" time="1.706" /><testcase classname="backend.tests.test_iter144_multitenancy.TestAdminTenantsList" name="test_admin_tenants_list" time="1.035" /><testcase classname="backend.tests.test_iter144_multitenancy.TestTenantRegistration" name="test_tenant_registration_success" time="0.649" /><testcase classname="backend.tests.test_iter144_multitenancy.TestTenantRegistration" name="test_tenant_registration_duplicate_email" time="0.452" /><testcase classname="backend.tests.test_iter144_multitenancy.TestTenantRegistration" name="test_tenant_registration_missing_fields" time="0.415" /><testcase classname="backend.tests.test_iter144_multitenancy.TestNewTenantDataIsolation" name="test_new_tenant_login" time="1.268" /><testcase classname="backend.tests.test_iter144_multitenancy.TestNewTenantDataIsolation" name="test_new_tenant_dashboard_stats" time="1.065" /><testcase classname="backend.tests.test_iter144_multitenancy.TestNewTenantDataIsolation" name="test_new_tenant_branches_empty" time="1.056" /><testcase classname="backend.tests.test_iter144_multitenancy.TestNewTenantDataIsolation" name="test_new_tenant_sales_empty" time="1.364" /><testcase classname="backend.tests.test_iter144_multitenancy.TestSuperAdminSeesAllTenants" name="test_super_admin_sees_new_tenant" time="2.481" /><testcase classname="backend.tests.test_iter144_multitenancy.TestToggleTenantStatus" name="test_toggle_tenant_inactive" time="1.740" /><testcase classname="backend.tests.test_iter144_multitenancy.TestToggleTenantStatus" name="test_toggle_tenant_active" time="2.111" /><testcase classname="backend.tests.test_iter144_multitenancy.TestToggleTenantStatus" name="test_toggle_requires_super_admin" time="2.297" /></testsuite></testsuites>