<?xml version="1.0" encoding="utf-8"?><testsuites name="pytest tests"><testsuite name="pytest" errors="0" failures="0" skipped="0" tests="27" time="51.052" timestamp="2026-02-10T13:53:25.154448+00:00" hostname="agent-env-cd4e4a73-70d0-4612-869d-b83f00621fd3"><testcase classname="backend.tests.test_iteration4.TestAuthentication" name="test_login_with_test_credentials" time="0.773" /><testcase classname="backend.tests.test_iteration4.TestEmployeeCRUD" name="test_get_employees_returns_list" time="1.133" /><testcase classname="backend.tests.test_iteration4.TestEmployeeCRUD" name="test_create_employee_basic" time="1.921" /><testcase classname="backend.tests.test_iteration4.TestEmployeeCRUD" name="test_create_employee_with_dates" time="1.468" /><testcase classname="backend.tests.test_iteration4.TestEmployeeCRUD" name="test_create_employee_with_branch" time="2.391" /><testcase classname="backend.tests.test_iteration4.TestEmployeeCRUD" name="test_update_employee" time="2.245" /><testcase classname="backend.tests.test_iteration4.TestEmployeeCRUD" name="test_delete_employee" time="2.155" /><testcase classname="backend.tests.test_iteration4.TestSalaryPayments" name="test_get_salary_payments" time="0.921" /><testcase classname="backend.tests.test_iteration4.TestSalaryPayments" name="test_create_salary_payment_cash" time="4.572" /><testcase classname="backend.tests.test_iteration4.TestSalaryPayments" name="test_create_salary_payment_bank" time="2.482" /><testcase classname="backend.tests.test_iteration4.TestSalaryPayments" name="test_create_salary_payment_with_branch" time="2.853" /><testcase classname="backend.tests.test_iteration4.TestSalaryPayments" name="test_delete_salary_payment" time="2.605" /><testcase classname="backend.tests.test_iteration4.TestDocumentCRUD" name="test_get_documents_returns_list" time="0.920" /><testcase classname="backend.tests.test_iteration4.TestDocumentCRUD" name="test_create_document_license" time="1.807" /><testcase classname="backend.tests.test_iteration4.TestDocumentCRUD" name="test_create_document_insurance" time="1.389" /><testcase classname="backend.tests.test_iteration4.TestDocumentCRUD" name="test_create_document_permit" time="2.001" /><testcase classname="backend.tests.test_iteration4.TestDocumentCRUD" name="test_update_document" time="1.809" /><testcase classname="backend.tests.test_iteration4.TestDocumentCRUD" name="test_delete_document" time="1.497" /><testcase classname="backend.tests.test_iteration4.TestDocumentExpiryAlerts" name="test_get_upcoming_alerts_endpoint" time="1.129" /><testcase classname="backend.tests.test_iteration4.TestDocumentExpiryAlerts" name="test_alerts_sorted_by_days_left" time="2.708" /><testcase classname="backend.tests.test_iteration4.TestDocumentExpiryAlerts" name="test_alerts_include_employee_documents" time="1.723" /><testcase classname="backend.tests.test_iteration4.TestDocumentExpiryAlerts" name="test_alerts_show_expired_status" time="2.464" /><testcase classname="backend.tests.test_iteration4.TestExportEmployees" name="test_export_employees_excel" time="1.380" /><testcase classname="backend.tests.test_iteration4.TestExportEmployees" name="test_export_employees_pdf" time="1.142" /><testcase classname="backend.tests.test_iteration4.TestDocumentStatusCalculation" name="test_document_status_active" time="1.928" /><testcase classname="backend.tests.test_iteration4.TestDocumentStatusCalculation" name="test_document_status_expiring_soon" time="1.695" /><testcase classname="backend.tests.test_iteration4.TestDocumentStatusCalculation" name="test_document_status_expired" time="1.831" /></testsuite></testsuites>