<?xml version="1.0" encoding="utf-8"?><testsuites name="pytest tests"><testsuite name="pytest" errors="0" failures="13" skipped="0" tests="14" time="1.778" timestamp="2026-02-27T00:20:38.285877+00:00" hostname="agent-env-1ba5290a-9b16-42a4-9e40-b9b4e16c0968"><testcase classname="backend.tests.test_iteration24_analytics_ocr.TestTodayVsYesterday" name="test_today_vs_yesterday_endpoint_exists" time="0.504"><failure message="AssertionError: Expected 200, got 401: {&quot;detail&quot;:&quot;Invalid authentication credentials&quot;}&#10;assert 401 == 200&#10; +  where 401 = &lt;Response [401]&gt;.status_code">backend/tests/test_iteration24_analytics_ocr.py:41: in test_today_vs_yesterday_endpoint_exists
    assert response.status_code == 200, f"Expected 200, got {response.status_code}: {response.text}"
E   AssertionError: Expected 200, got 401: {"detail":"Invalid authentication credentials"}
E   assert 401 == 200
E    +  where 401 = &lt;Response [401]&gt;.status_code</failure></testcase><testcase classname="backend.tests.test_iteration24_analytics_ocr.TestTodayVsYesterday" name="test_today_vs_yesterday_structure" time="0.094"><failure message="assert 401 == 200&#10; +  where 401 = &lt;Response [401]&gt;.status_code">backend/tests/test_iteration24_analytics_ocr.py:47: in test_today_vs_yesterday_structure
    assert response.status_code == 200
E   assert 401 == 200
E    +  where 401 = &lt;Response [401]&gt;.status_code</failure></testcase><testcase classname="backend.tests.test_iteration24_analytics_ocr.TestTodayVsYesterday" name="test_today_data_fields" time="0.078"><failure message="AssertionError: Missing field 'today.sales'&#10;assert 'sales' in {}">backend/tests/test_iteration24_analytics_ocr.py:64: in test_today_data_fields
    assert field in today, f"Missing field 'today.{field}'"
E   AssertionError: Missing field 'today.sales'
E   assert 'sales' in {}</failure></testcase><testcase classname="backend.tests.test_iteration24_analytics_ocr.TestTodayVsYesterday" name="test_yesterday_data_fields" time="0.119"><failure message="AssertionError: Missing field 'yesterday.sales'&#10;assert 'sales' in {}">backend/tests/test_iteration24_analytics_ocr.py:75: in test_yesterday_data_fields
    assert field in yesterday, f"Missing field 'yesterday.{field}'"
E   AssertionError: Missing field 'yesterday.sales'
E   assert 'sales' in {}</failure></testcase><testcase classname="backend.tests.test_iteration24_analytics_ocr.TestTodayVsYesterday" name="test_change_percentages" time="0.078"><failure message="AssertionError: Missing field 'change.sales'&#10;assert 'sales' in {}">backend/tests/test_iteration24_analytics_ocr.py:86: in test_change_percentages
    assert field in change, f"Missing field 'change.{field}'"
E   AssertionError: Missing field 'change.sales'
E   assert 'sales' in {}</failure></testcase><testcase classname="backend.tests.test_iteration24_analytics_ocr.TestOCRScan" name="test_ocr_scan_endpoint_exists" time="0.078"><failure message="AssertionError: Expected 400 for missing image, got 401&#10;assert 401 == 400&#10; +  where 401 = &lt;Response [401]&gt;.status_code">backend/tests/test_iteration24_analytics_ocr.py:99: in test_ocr_scan_endpoint_exists
    assert response.status_code == 400, f"Expected 400 for missing image, got {response.status_code}"
E   AssertionError: Expected 400 for missing image, got 401
E   assert 401 == 400
E    +  where 401 = &lt;Response [401]&gt;.status_code</failure></testcase><testcase classname="backend.tests.test_iteration24_analytics_ocr.TestOCRScan" name="test_ocr_scan_accepts_base64_image" time="0.078"><failure message="AssertionError: Unexpected status: 401&#10;assert 401 in [200, 422, 500]&#10; +  where 401 = &lt;Response [401]&gt;.status_code">backend/tests/test_iteration24_analytics_ocr.py:118: in test_ocr_scan_accepts_base64_image
    assert response.status_code in [200, 422, 500], f"Unexpected status: {response.status_code}"
E   AssertionError: Unexpected status: 401
E   assert 401 in [200, 422, 500]
E    +  where 401 = &lt;Response [401]&gt;.status_code</failure></testcase><testcase classname="backend.tests.test_iteration24_analytics_ocr.TestOCRScan" name="test_ocr_scan_response_structure_on_success" time="0.084" /><testcase classname="backend.tests.test_iteration24_analytics_ocr.TestAnalyticsPageEndpoints" name="test_daily_summary_endpoint" time="0.078"><failure message="AssertionError: daily-summary failed: 401&#10;assert 401 == 200&#10; +  where 401 = &lt;Response [401]&gt;.status_code">backend/tests/test_iteration24_analytics_ocr.py:149: in test_daily_summary_endpoint
    assert response.status_code == 200, f"daily-summary failed: {response.status_code}"
E   AssertionError: daily-summary failed: 401
E   assert 401 == 200
E    +  where 401 = &lt;Response [401]&gt;.status_code</failure></testcase><testcase classname="backend.tests.test_iteration24_analytics_ocr.TestAnalyticsPageEndpoints" name="test_top_customers_endpoint" time="0.100"><failure message="AssertionError: top-customers failed: 401&#10;assert 401 == 200&#10; +  where 401 = &lt;Response [401]&gt;.status_code">backend/tests/test_iteration24_analytics_ocr.py:157: in test_top_customers_endpoint
    assert response.status_code == 200, f"top-customers failed: {response.status_code}"
E   AssertionError: top-customers failed: 401
E   assert 401 == 200
E    +  where 401 = &lt;Response [401]&gt;.status_code</failure></testcase><testcase classname="backend.tests.test_iteration24_analytics_ocr.TestAnalyticsPageEndpoints" name="test_cashier_performance_endpoint" time="0.072"><failure message="AssertionError: cashier-performance failed: 401&#10;assert 401 == 200&#10; +  where 401 = &lt;Response [401]&gt;.status_code">backend/tests/test_iteration24_analytics_ocr.py:165: in test_cashier_performance_endpoint
    assert response.status_code == 200, f"cashier-performance failed: {response.status_code}"
E   AssertionError: cashier-performance failed: 401
E   assert 401 == 200
E    +  where 401 = &lt;Response [401]&gt;.status_code</failure></testcase><testcase classname="backend.tests.test_iteration24_analytics_ocr.TestAnalyticsPageEndpoints" name="test_branch_cashbank_endpoint" time="0.103"><failure message="AssertionError: branch-cashbank failed: 401&#10;assert 401 == 200&#10; +  where 401 = &lt;Response [401]&gt;.status_code">backend/tests/test_iteration24_analytics_ocr.py:173: in test_branch_cashbank_endpoint
    assert response.status_code == 200, f"branch-cashbank failed: {response.status_code}"
E   AssertionError: branch-cashbank failed: 401
E   assert 401 == 200
E    +  where 401 = &lt;Response [401]&gt;.status_code</failure></testcase><testcase classname="backend.tests.test_iteration24_analytics_ocr.TestAnalyticsPageEndpoints" name="test_dashboard_stats_endpoint" time="0.092"><failure message="AssertionError: dashboard-stats failed: 401&#10;assert 401 == 200&#10; +  where 401 = &lt;Response [401]&gt;.status_code">backend/tests/test_iteration24_analytics_ocr.py:181: in test_dashboard_stats_endpoint
    assert response.status_code == 200, f"dashboard-stats failed: {response.status_code}"
E   AssertionError: dashboard-stats failed: 401
E   assert 401 == 200
E    +  where 401 = &lt;Response [401]&gt;.status_code</failure></testcase><testcase classname="backend.tests.test_iteration24_analytics_ocr.TestInvoicesEndpoint" name="test_invoices_list" time="0.079"><failure message="AssertionError: invoices list failed: 401&#10;assert 401 == 200&#10; +  where 401 = &lt;Response [401]&gt;.status_code">backend/tests/test_iteration24_analytics_ocr.py:194: in test_invoices_list
    assert response.status_code == 200, f"invoices list failed: {response.status_code}"
E   AssertionError: invoices list failed: 401
E   assert 401 == 200
E    +  where 401 = &lt;Response [401]&gt;.status_code</failure></testcase></testsuite></testsuites>