<?xml version="1.0" encoding="utf-8"?><testsuites name="pytest tests"><testsuite name="pytest" errors="0" failures="0" skipped="1" tests="13" time="5.396" timestamp="2026-03-03T13:05:15.913824+00:00" hostname="agent-env-29bbcc5e-e258-4ead-ad11-00b5b229cf1c"><testcase classname="backend.tests.test_barcode_timestamps_iter69.TestBarcodeFeatures" name="test_get_items_for_barcode" time="0.529" /><testcase classname="backend.tests.test_barcode_timestamps_iter69.TestBarcodeFeatures" name="test_barcode_preview_returns_png" time="0.614" /><testcase classname="backend.tests.test_barcode_timestamps_iter69.TestBarcodeFeatures" name="test_barcode_download_returns_png_with_attachment" time="0.527" /><testcase classname="backend.tests.test_barcode_timestamps_iter69.TestBarcodeFeatures" name="test_barcode_preview_not_found" time="0.406" /><testcase classname="backend.tests.test_barcode_timestamps_iter69.TestBarcodeFeatures" name="test_batch_barcode_pdf_generation" time="0.422"><skipped type="pytest.skip" message="Need at least 2 items for batch testing">/app/backend/tests/test_barcode_timestamps_iter69.py:91: Need at least 2 items for batch testing</skipped></testcase><testcase classname="backend.tests.test_barcode_timestamps_iter69.TestBarcodeFeatures" name="test_batch_barcode_empty_items" time="0.405" /><testcase classname="backend.tests.test_barcode_timestamps_iter69.TestBarcodeFeatures" name="test_batch_barcode_no_items_found" time="0.405" /><testcase classname="backend.tests.test_barcode_timestamps_iter69.TestUpdatedAtTimestamps" name="test_customer_update_adds_updated_at" time="0.560" /><testcase classname="backend.tests.test_barcode_timestamps_iter69.TestUpdatedAtTimestamps" name="test_supplier_update_adds_updated_at" time="0.561" /><testcase classname="backend.tests.test_barcode_timestamps_iter69.TestUpdatedAtTimestamps" name="test_sale_credit_receive_adds_updated_at" time="0.577" /><testcase classname="backend.tests.test_barcode_timestamps_iter69.TestBarcodeUnauthorized" name="test_barcode_items_requires_auth" time="0.099" /><testcase classname="backend.tests.test_barcode_timestamps_iter69.TestBarcodeUnauthorized" name="test_barcode_preview_requires_auth" time="0.094" /><testcase classname="backend.tests.test_barcode_timestamps_iter69.TestBarcodeUnauthorized" name="test_batch_barcode_requires_auth" time="0.087" /></testsuite></testsuites>