<?xml version="1.0" encoding="utf-8"?><testsuites name="pytest tests"><testsuite name="pytest" errors="0" failures="0" skipped="0" tests="17" time="3.247" timestamp="2026-02-26T22:47:28.534924+00:00" hostname="agent-env-1ba5290a-9b16-42a4-9e40-b9b4e16c0968"><testcase classname="backend.tests.test_iteration22_reports.TestDailySummaryEndpoint" name="test_daily_summary_returns_200" time="0.621" /><testcase classname="backend.tests.test_iteration22_reports.TestDailySummaryEndpoint" name="test_daily_summary_returns_list" time="0.087" /><testcase classname="backend.tests.test_iteration22_reports.TestDailySummaryEndpoint" name="test_daily_summary_structure" time="0.079" /><testcase classname="backend.tests.test_iteration22_reports.TestDailySummaryEndpoint" name="test_daily_summary_sorted_by_date_desc" time="0.081" /><testcase classname="backend.tests.test_iteration22_reports.TestDailySummaryEndpoint" name="test_daily_summary_with_date_filters" time="0.085" /><testcase classname="backend.tests.test_iteration22_reports.TestTopCustomersEndpoint" name="test_top_customers_returns_200" time="0.418" /><testcase classname="backend.tests.test_iteration22_reports.TestTopCustomersEndpoint" name="test_top_customers_returns_list" time="0.096" /><testcase classname="backend.tests.test_iteration22_reports.TestTopCustomersEndpoint" name="test_top_customers_structure" time="0.096" /><testcase classname="backend.tests.test_iteration22_reports.TestTopCustomersEndpoint" name="test_top_customers_sorted_by_purchases_desc" time="0.079" /><testcase classname="backend.tests.test_iteration22_reports.TestCashierPerformanceEndpoint" name="test_cashier_performance_returns_200" time="0.439" /><testcase classname="backend.tests.test_iteration22_reports.TestCashierPerformanceEndpoint" name="test_cashier_performance_returns_list" time="0.178" /><testcase classname="backend.tests.test_iteration22_reports.TestCashierPerformanceEndpoint" name="test_cashier_performance_structure" time="0.084" /><testcase classname="backend.tests.test_iteration22_reports.TestCashierPerformanceEndpoint" name="test_cashier_performance_sorted_by_sales_desc" time="0.091" /><testcase classname="backend.tests.test_iteration22_reports.TestExistingReportEndpoints" name="test_credit_sales_report_works" time="0.440" /><testcase classname="backend.tests.test_iteration22_reports.TestExistingReportEndpoints" name="test_suppliers_report_works" time="0.108" /><testcase classname="backend.tests.test_iteration22_reports.TestExistingReportEndpoints" name="test_branch_cashbank_works" time="0.096" /><testcase classname="backend.tests.test_iteration22_reports.TestExistingReportEndpoints" name="test_item_pnl_works" time="0.095" /></testsuite></testsuites>