<?xml version="1.0" encoding="utf-8"?><testsuites name="pytest tests"><testsuite name="pytest" errors="0" failures="0" skipped="0" tests="11" time="7.330" timestamp="2026-03-08T23:34:30.855247+00:00" hostname="agent-env-0616989b-9338-4ee8-9578-09a1da143860"><testcase classname="backend.tests.test_iter115_duplicate_detection.TestExpenseCheckDuplicate" name="test_check_duplicate_endpoint_exists" time="1.201" /><testcase classname="backend.tests.test_iter115_duplicate_detection.TestExpenseCheckDuplicate" name="test_check_duplicate_returns_correct_structure" time="0.389" /><testcase classname="backend.tests.test_iter115_duplicate_detection.TestExpenseCheckDuplicate" name="test_check_duplicate_no_duplicates" time="0.383" /><testcase classname="backend.tests.test_iter115_duplicate_detection.TestExpenseCheckDuplicate" name="test_check_duplicate_with_branch_filter" time="0.759" /><testcase classname="backend.tests.test_iter115_duplicate_detection.TestExpenseCheckDuplicate" name="test_check_duplicate_with_category_filter" time="0.376" /><testcase classname="backend.tests.test_iter115_duplicate_detection.TestSupplierPaymentCheckDuplicate" name="test_check_duplicate_endpoint_exists" time="0.363" /><testcase classname="backend.tests.test_iter115_duplicate_detection.TestSupplierPaymentCheckDuplicate" name="test_check_duplicate_returns_correct_structure" time="0.379" /><testcase classname="backend.tests.test_iter115_duplicate_detection.TestSupplierPaymentCheckDuplicate" name="test_check_duplicate_no_duplicates" time="0.380" /><testcase classname="backend.tests.test_iter115_duplicate_detection.TestSupplierPaymentCheckDuplicate" name="test_check_duplicate_with_supplier_filter" time="0.770" /><testcase classname="backend.tests.test_iter115_duplicate_detection.TestExpenseDuplicateScenario" name="test_create_expense_and_check_duplicate" time="1.157" /><testcase classname="backend.tests.test_iter115_duplicate_detection.TestSupplierPaymentDuplicateScenario" name="test_create_payment_and_check_duplicate" time="1.048" /></testsuite></testsuites>