<?xml version="1.0" encoding="utf-8"?><testsuites name="pytest tests"><testsuite name="pytest" errors="0" failures="0" skipped="0" tests="13" time="4.541" timestamp="2026-03-08T12:39:28.827394+00:00" hostname="agent-env-c91c47a1-8330-492f-bdd6-fadffd95ce2f"><testcase classname="backend.tests.test_new_features.TestMissingDataAlerts" name="test_missing_data_alerts_returns_200" time="0.613" /><testcase classname="backend.tests.test_new_features.TestMissingDataAlerts" name="test_missing_data_alerts_structure" time="0.228" /><testcase classname="backend.tests.test_new_features.TestMissingDataAlerts" name="test_missing_data_alert_item_structure" time="0.093" /><testcase classname="backend.tests.test_new_features.TestExpenseBillUpload" name="test_upload_bill_with_image" time="0.435" /><testcase classname="backend.tests.test_new_features.TestExpenseBillUpload" name="test_upload_bill_rejects_invalid_file_type" time="0.089" /><testcase classname="backend.tests.test_new_features.TestExpenseWithBranches" name="test_get_branches" time="0.398" /><testcase classname="backend.tests.test_new_features.TestExpenseWithBranches" name="test_create_expense_with_expense_for_branch" time="0.354" /><testcase classname="backend.tests.test_new_features.TestExpenseWithBranches" name="test_create_expense_without_invoice" time="0.177" /><testcase classname="backend.tests.test_new_features.TestSupplierPaymentWithBranches" name="test_get_suppliers" time="0.399" /><testcase classname="backend.tests.test_new_features.TestSupplierPaymentWithBranches" name="test_create_supplier_payment_with_expense_for_branch" time="0.382" /><testcase classname="backend.tests.test_new_features.TestDashboardStats" name="test_dashboard_stats_returns_200" time="0.428" /><testcase classname="backend.tests.test_new_features.TestExpensesGet" name="test_get_expenses" time="0.412" /><testcase classname="backend.tests.test_new_features.TestSupplierPaymentsGet" name="test_get_supplier_payments" time="0.405" /></testsuite></testsuites>