<?xml version="1.0" encoding="utf-8"?><testsuites name="pytest tests"><testsuite name="pytest" errors="0" failures="0" skipped="0" tests="15" time="3.426" timestamp="2026-03-03T22:06:52.226951+00:00" hostname="agent-env-96f17788-a470-4994-bd93-bf5688621033"><testcase classname="backend.tests.test_iter76_critical_fixes.TestDashboardStatsFix" name="test_dashboard_stats_returns_200" time="0.592" /><testcase classname="backend.tests.test_iter76_critical_fixes.TestDashboardStatsFix" name="test_dashboard_stats_has_required_fields" time="0.108" /><testcase classname="backend.tests.test_iter76_critical_fixes.TestDashboardStatsFix" name="test_dashboard_stats_online_sales_present" time="0.111" /><testcase classname="backend.tests.test_iter76_critical_fixes.TestSupplierAggregationPerformance" name="test_suppliers_list_has_total_purchases" time="0.090" /><testcase classname="backend.tests.test_iter76_critical_fixes.TestSupplierAggregationPerformance" name="test_suppliers_performance_under_500ms" time="0.084" /><testcase classname="backend.tests.test_iter76_critical_fixes.TestSupplierPaymentsPage" name="test_supplier_payments_list" time="0.080" /><testcase classname="backend.tests.test_iter76_critical_fixes.TestSupplierPaymentsPage" name="test_add_bill_creates_expense" time="0.277" /><testcase classname="backend.tests.test_iter76_critical_fixes.TestSupplierPaymentsPage" name="test_pay_credit_creates_supplier_payment" time="0.171" /><testcase classname="backend.tests.test_iter76_critical_fixes.TestUsersBranchOptional" name="test_create_user_without_branch" time="0.392" /><testcase classname="backend.tests.test_iter76_critical_fixes.TestUsersBranchOptional" name="test_update_user_without_branch" time="0.614" /><testcase classname="backend.tests.test_iter76_critical_fixes.TestUsersBranchOptional" name="test_users_list" time="0.083" /><testcase classname="backend.tests.test_iter76_critical_fixes.TestPerformance" name="test_dashboard_stats_performance" time="0.124" /><testcase classname="backend.tests.test_iter76_critical_fixes.TestBranchesForAddBill" name="test_branches_list" time="0.091" /><testcase classname="backend.tests.test_iter76_critical_fixes.TestSuppliersPageBranchSelector" name="test_create_supplier_with_branch" time="0.285" /><testcase classname="backend.tests.test_iter76_critical_fixes.TestSuppliersPageBranchSelector" name="test_create_supplier_without_branch" time="0.181" /></testsuite></testsuites>