<?xml version="1.0" encoding="utf-8"?><testsuites name="pytest tests"><testsuite name="pytest" errors="0" failures="0" skipped="0" tests="6" time="1.495" timestamp="2026-03-10T22:08:02.380167+00:00" hostname="agent-env-033c6b5e-3bd8-41fb-94e6-396812ce83b4"><testcase classname="backend.tests.test_iter125_created_by_name.TestIteration125Features" name="test_01_expenses_return_created_by_name" time="0.641" /><testcase classname="backend.tests.test_iter125_created_by_name.TestIteration125Features" name="test_02_sales_return_created_by_name" time="0.117" /><testcase classname="backend.tests.test_iter125_created_by_name.TestIteration125Features" name="test_03_get_access_policies_delete_policy" time="0.143" /><testcase classname="backend.tests.test_iter125_created_by_name.TestIteration125Features" name="test_04_admin_can_delete_expense" time="0.242" /><testcase classname="backend.tests.test_iter125_created_by_name.TestIteration125Features" name="test_05_created_by_name_is_resolved_from_user" time="0.173" /><testcase classname="backend.tests.test_iter125_created_by_name.TestIteration125Features" name="test_06_update_delete_policy_for_expenses" time="0.072" /></testsuite></testsuites>