<?xml version="1.0" encoding="utf-8"?><testsuites name="pytest tests"><testsuite name="pytest" errors="0" failures="0" skipped="0" tests="10" time="12.048" timestamp="2026-02-10T21:24:51.135246+00:00" hostname="agent-env-cd4e4a73-70d0-4612-869d-b83f00621fd3"><testcase classname="backend.tests.test_iteration8.TestLogin" name="test_login_with_test_credentials" time="0.738" /><testcase classname="backend.tests.test_iteration8.TestSupplierEmptyBranchId" name="test_post_supplier_empty_branch_id_stores_null" time="1.867" /><testcase classname="backend.tests.test_iteration8.TestExpenseEmptyIds" name="test_post_expense_empty_branch_supplier_stores_null" time="0.889" /><testcase classname="backend.tests.test_iteration8.TestCustomerBalance" name="test_get_customers_balance_returns_cash_bank_credit" time="0.349" /><testcase classname="backend.tests.test_iteration8.TestCustomerBalance" name="test_get_single_customer_balance" time="1.224" /><testcase classname="backend.tests.test_iteration8.TestCreditReportDiscountFields" name="test_credit_sales_report_includes_discount_final_amount" time="0.374" /><testcase classname="backend.tests.test_iteration8.TestDocumentTypeCategory" name="test_post_category_type_document" time="1.101" /><testcase classname="backend.tests.test_iteration8.TestCreditSaleCalculation" name="test_sale_credit_amount_calculated_correctly" time="1.634" /><testcase classname="backend.tests.test_iteration8.TestCreditSaleCalculation" name="test_sale_all_credit_payment" time="1.835" /><testcase classname="backend.tests.test_iteration8.TestReceiveCreditPayment" name="test_receive_credit_updates_balance" time="1.956" /></testsuite></testsuites>