<?xml version="1.0" encoding="utf-8"?><testsuites name="pytest tests"><testsuite name="pytest" errors="0" failures="0" skipped="0" tests="14" time="3.868" timestamp="2026-02-26T22:11:30.608157+00:00" hostname="agent-env-1ba5290a-9b16-42a4-9e40-b9b4e16c0968"><testcase classname="backend.tests.test_iteration20_ui_overhaul.TestAuthentication" name="test_login_success" time="0.408" /><testcase classname="backend.tests.test_iteration20_ui_overhaul.TestPOSMultiPayment" name="test_create_sale_with_multi_payment" time="0.600" /><testcase classname="backend.tests.test_iteration20_ui_overhaul.TestPOSMultiPayment" name="test_create_sale_with_all_payment_types" time="0.087" /><testcase classname="backend.tests.test_iteration20_ui_overhaul.TestPOSMultiPayment" name="test_create_sale_single_cash" time="0.101" /><testcase classname="backend.tests.test_iteration20_ui_overhaul.TestZATCASettings" name="test_get_company_settings" time="0.420" /><testcase classname="backend.tests.test_iteration20_ui_overhaul.TestZATCASettings" name="test_enable_zatca" time="0.210" /><testcase classname="backend.tests.test_iteration20_ui_overhaul.TestZATCASettings" name="test_disable_zatca" time="0.209" /><testcase classname="backend.tests.test_iteration20_ui_overhaul.TestRegressionEndpoints" name="test_dashboard_stats" time="0.400" /><testcase classname="backend.tests.test_iteration20_ui_overhaul.TestRegressionEndpoints" name="test_branches_list" time="0.102" /><testcase classname="backend.tests.test_iteration20_ui_overhaul.TestRegressionEndpoints" name="test_customers_list" time="0.094" /><testcase classname="backend.tests.test_iteration20_ui_overhaul.TestRegressionEndpoints" name="test_sales_list" time="0.080" /><testcase classname="backend.tests.test_iteration20_ui_overhaul.TestRegressionEndpoints" name="test_expenses_list" time="0.104" /><testcase classname="backend.tests.test_iteration20_ui_overhaul.TestRegressionEndpoints" name="test_categories_list" time="0.093" /><testcase classname="backend.tests.test_iteration20_ui_overhaul.TestCleanup" name="test_cleanup_test_sales" time="0.876" /></testsuite></testsuites>