<?xml version="1.0" encoding="utf-8"?><testsuites name="pytest tests"><testsuite name="pytest" errors="0" failures="0" skipped="0" tests="13" time="1.541" timestamp="2026-03-08T14:05:44.991833+00:00" hostname="agent-env-c91c47a1-8330-492f-bdd6-fadffd95ce2f"><testcase classname="backend.tests.test_iter108_bank_accounts.TestBankAccountsCRUD" name="test_01_get_bank_accounts_list" time="0.618" /><testcase classname="backend.tests.test_iter108_bank_accounts.TestBankAccountsCRUD" name="test_02_create_bank_account" time="0.049" /><testcase classname="backend.tests.test_iter108_bank_accounts.TestBankAccountsCRUD" name="test_03_get_bank_accounts_after_create" time="0.057" /><testcase classname="backend.tests.test_iter108_bank_accounts.TestBankAccountsCRUD" name="test_04_update_bank_account" time="0.067" /><testcase classname="backend.tests.test_iter108_bank_accounts.TestBankAccountsCRUD" name="test_05_verify_update_persisted" time="0.048" /><testcase classname="backend.tests.test_iter108_bank_accounts.TestBankAccountsCRUD" name="test_06_delete_bank_account" time="0.045" /><testcase classname="backend.tests.test_iter108_bank_accounts.TestBankAccountsCRUD" name="test_07_verify_delete" time="0.051" /><testcase classname="backend.tests.test_iter108_bank_accounts.TestBankAccountsCRUD" name="test_08_delete_nonexistent_returns_404" time="0.048" /><testcase classname="backend.tests.test_iter108_bank_accounts.TestBranchDuesDetail" name="test_01_get_branch_dues_detail" time="0.055" /><testcase classname="backend.tests.test_iter108_bank_accounts.TestBranchDuesDetail" name="test_02_dues_detail_entries_sorted_by_date" time="0.049" /><testcase classname="backend.tests.test_iter108_bank_accounts.TestBankAccountInSales" name="test_01_sales_endpoint_works" time="0.051" /><testcase classname="backend.tests.test_iter108_bank_accounts.TestBankAccountInSales" name="test_02_sale_model_has_bank_account_id" time="0.195" /><testcase classname="backend.tests.test_iter108_bank_accounts.TestBranchDuesNetEndpoint" name="test_01_get_branch_dues_net" time="0.051" /></testsuite></testsuites>