<?xml version="1.0" encoding="utf-8"?><testsuites name="pytest tests"><testsuite name="pytest" errors="0" failures="0" skipped="0" tests="15" time="5.168" timestamp="2026-03-11T10:45:26.309979+00:00" hostname="agent-env-f8e2b66b-9ce9-4447-87cb-452cac534427"><testcase classname="backend.tests.test_iter131_menu_analytics.TestMenuAnalyticsItems" name="test_01_get_items_analytics_default_period" time="0.918" /><testcase classname="backend.tests.test_iter131_menu_analytics.TestMenuAnalyticsItems" name="test_02_get_items_analytics_all_time" time="0.113" /><testcase classname="backend.tests.test_iter131_menu_analytics.TestMenuAnalyticsItems" name="test_03_get_items_analytics_with_all_periods" time="0.590" /><testcase classname="backend.tests.test_iter131_menu_analytics.TestMenuAnalyticsItems" name="test_04_get_items_analytics_with_invalid_period" time="1.550" /><testcase classname="backend.tests.test_iter131_menu_analytics.TestMenuAnalyticsItems" name="test_05_verify_category_summary" time="0.096" /><testcase classname="backend.tests.test_iter131_menu_analytics.TestMenuAnalyticsAddons" name="test_01_get_addon_analytics_default" time="0.076" /><testcase classname="backend.tests.test_iter131_menu_analytics.TestMenuAnalyticsAddons" name="test_02_get_addon_analytics_all_time" time="0.091" /><testcase classname="backend.tests.test_iter131_menu_analytics.TestMenuAnalyticsAddons" name="test_03_verify_modifier_structure" time="0.081" /><testcase classname="backend.tests.test_iter131_menu_analytics.TestMenuAnalyticsAddons" name="test_04_test_all_periods_addons" time="0.459" /><testcase classname="backend.tests.test_iter131_menu_analytics.TestMenuAnalyticsTrends" name="test_01_trends_requires_item_id" time="0.076" /><testcase classname="backend.tests.test_iter131_menu_analytics.TestMenuAnalyticsTrends" name="test_02_get_trends_for_top_item" time="0.193" /><testcase classname="backend.tests.test_iter131_menu_analytics.TestMenuAnalyticsTrends" name="test_03_trends_with_different_periods" time="0.553" /><testcase classname="backend.tests.test_iter131_menu_analytics.TestMenuAnalyticsAuthorization" name="test_01_items_requires_auth" time="0.086" /><testcase classname="backend.tests.test_iter131_menu_analytics.TestMenuAnalyticsAuthorization" name="test_02_addons_requires_auth" time="0.074" /><testcase classname="backend.tests.test_iter131_menu_analytics.TestMenuAnalyticsAuthorization" name="test_03_trends_requires_auth" time="0.079" /></testsuite></testsuites>