<?xml version="1.0" encoding="utf-8"?><testsuites name="pytest tests"><testsuite name="pytest" errors="0" failures="0" skipped="0" tests="21" time="14.097" timestamp="2026-03-02T09:22:23.096339+00:00" hostname="agent-env-9ac1b4ca-4161-4bc8-a977-f435882844b6"><testcase classname="backend.tests.test_password_management_iter57.TestPasswordManagement" name="test_01_api_health" time="1.379" /><testcase classname="backend.tests.test_password_management_iter57.TestPasswordManagement" name="test_02_admin_login_returns_must_change_password_field" time="0.643" /><testcase classname="backend.tests.test_password_management_iter57.TestPasswordManagement" name="test_03_create_test_user_for_password_reset" time="0.605" /><testcase classname="backend.tests.test_password_management_iter57.TestPasswordManagement" name="test_04_admin_reset_password_success" time="0.659" /><testcase classname="backend.tests.test_password_management_iter57.TestPasswordManagement" name="test_05_user_login_shows_must_change_password_true" time="0.655" /><testcase classname="backend.tests.test_password_management_iter57.TestPasswordManagement" name="test_06_user_can_change_password_forced" time="0.674" /><testcase classname="backend.tests.test_password_management_iter57.TestPasswordManagement" name="test_07_after_change_must_change_password_is_false" time="0.709" /><testcase classname="backend.tests.test_password_management_iter57.TestPasswordManagement" name="test_08_admin_reset_without_force_change" time="0.616" /><testcase classname="backend.tests.test_password_management_iter57.TestPasswordManagement" name="test_09_login_without_forced_change_shows_false" time="0.677" /><testcase classname="backend.tests.test_password_management_iter57.TestPasswordManagement" name="test_10_reset_password_invalid_user" time="0.366" /><testcase classname="backend.tests.test_password_management_iter57.TestPasswordManagement" name="test_11_reset_password_short_password" time="0.365" /><testcase classname="backend.tests.test_password_management_iter57.TestPasswordManagement" name="test_12_forgot_password_endpoint" time="0.439" /><testcase classname="backend.tests.test_password_management_iter57.TestPasswordManagement" name="test_13_forgot_password_nonexistent_email" time="0.399" /><testcase classname="backend.tests.test_password_management_iter57.TestPasswordManagement" name="test_14_validate_reset_token_invalid" time="0.519" /><testcase classname="backend.tests.test_password_management_iter57.TestPasswordManagement" name="test_15_reset_password_with_invalid_token" time="0.422" /><testcase classname="backend.tests.test_password_management_iter57.TestPasswordManagement" name="test_16_change_password_requires_current_for_non_forced" time="0.823" /><testcase classname="backend.tests.test_password_management_iter57.TestPasswordManagement" name="test_17_change_password_with_correct_current" time="1.312" /><testcase classname="backend.tests.test_password_management_iter57.TestPasswordManagement" name="test_18_change_password_wrong_current" time="1.032" /><testcase classname="backend.tests.test_password_management_iter57.TestPasswordManagement" name="test_19_non_admin_cannot_reset_password" time="0.746" /><testcase classname="backend.tests.test_password_management_iter57.TestPasswordManagement" name="test_20_cleanup_test_user" time="0.428" /><testcase classname="backend.tests.test_password_management_iter57.TestPasswordManagement" name="test_21_verify_must_change_pw_badge_data" time="0.378" /></testsuite></testsuites>