<?xml version="1.0" encoding="utf-8"?><testsuites name="pytest tests"><testsuite name="pytest" errors="0" failures="0" skipped="0" tests="27" time="11.682" timestamp="2026-03-02T10:20:57.713294+00:00" hostname="agent-env-f182d9d2-1b82-45c6-b773-4fe728f36998"><testcase classname="backend.tests.test_bank_cctv_predictions_iter58.TestHealthCheck" name="test_api_root" time="0.111" /><testcase classname="backend.tests.test_bank_cctv_predictions_iter58.TestBankStatements" name="test_get_bank_statements_list" time="0.418" /><testcase classname="backend.tests.test_bank_cctv_predictions_iter58.TestBankStatements" name="test_get_bank_statement_detail" time="0.124" /><testcase classname="backend.tests.test_bank_cctv_predictions_iter58.TestBankStatements" name="test_bank_statement_auto_match" time="0.096" /><testcase classname="backend.tests.test_bank_cctv_predictions_iter58.TestBankStatements" name="test_bank_statement_unmatched" time="0.136" /><testcase classname="backend.tests.test_bank_cctv_predictions_iter58.TestBankStatements" name="test_bank_statement_analysis" time="0.087" /><testcase classname="backend.tests.test_bank_cctv_predictions_iter58.TestBankStatements" name="test_bank_statement_reconciliation" time="0.099" /><testcase classname="backend.tests.test_bank_cctv_predictions_iter58.TestBankStatements" name="test_bank_statement_matches" time="0.086" /><testcase classname="backend.tests.test_bank_cctv_predictions_iter58.TestCCTVAI" name="test_cctv_ai_count_people" time="3.347" /><testcase classname="backend.tests.test_bank_cctv_predictions_iter58.TestCCTVAI" name="test_cctv_ai_detect_objects" time="1.732" /><testcase classname="backend.tests.test_bank_cctv_predictions_iter58.TestCCTVAI" name="test_cctv_ai_analyze_motion" time="3.840" /><testcase classname="backend.tests.test_bank_cctv_predictions_iter58.TestCCTVAI" name="test_cctv_settings" time="0.095" /><testcase classname="backend.tests.test_bank_cctv_predictions_iter58.TestCCTVAI" name="test_cctv_cameras_list" time="0.112" /><testcase classname="backend.tests.test_bank_cctv_predictions_iter58.TestCCTVAI" name="test_cctv_dvrs_list" time="0.080" /><testcase classname="backend.tests.test_bank_cctv_predictions_iter58.TestCCTVAI" name="test_cctv_alerts_list" time="0.102" /><testcase classname="backend.tests.test_bank_cctv_predictions_iter58.TestCCTVAI" name="test_cctv_analytics" time="0.090" /><testcase classname="backend.tests.test_bank_cctv_predictions_iter58.TestCCTVAI" name="test_cctv_people_count" time="0.081" /><testcase classname="backend.tests.test_bank_cctv_predictions_iter58.TestPredictions" name="test_inventory_demand_forecast" time="0.091" /><testcase classname="backend.tests.test_bank_cctv_predictions_iter58.TestPredictions" name="test_customer_clv_prediction" time="0.098" /><testcase classname="backend.tests.test_bank_cctv_predictions_iter58.TestPredictions" name="test_peak_hours_analysis" time="0.109" /><testcase classname="backend.tests.test_bank_cctv_predictions_iter58.TestPredictions" name="test_profit_decomposition" time="0.087" /><testcase classname="backend.tests.test_bank_cctv_predictions_iter58.TestPOSMachines" name="test_get_pos_machines" time="0.108" /><testcase classname="backend.tests.test_bank_cctv_predictions_iter58.TestCCTVAIValidation" name="test_count_people_missing_image" time="0.082" /><testcase classname="backend.tests.test_bank_cctv_predictions_iter58.TestCCTVAIValidation" name="test_detect_objects_missing_image" time="0.070" /><testcase classname="backend.tests.test_bank_cctv_predictions_iter58.TestCCTVAIValidation" name="test_analyze_motion_missing_image" time="0.107" /><testcase classname="backend.tests.test_bank_cctv_predictions_iter58.TestAuthentication" name="test_predictions_requires_auth" time="0.087" /><testcase classname="backend.tests.test_bank_cctv_predictions_iter58.TestAuthentication" name="test_cctv_ai_requires_auth" time="0.088" /></testsuite></testsuites>