<?xml version="1.0" encoding="utf-8"?><testsuites name="pytest tests"><testsuite name="pytest" errors="0" failures="0" skipped="0" tests="13" time="9.134" timestamp="2026-03-02T12:56:28.853943+00:00" hostname="agent-env-f182d9d2-1b82-45c6-b773-4fe728f36998"><testcase classname="backend.tests.test_iter63_platform_autocalc.TestPlatformAutoCalculation" name="test_calculate_endpoint_exists" time="1.041" /><testcase classname="backend.tests.test_iter63_platform_autocalc.TestPlatformAutoCalculation" name="test_calculate_returns_correct_commission" time="0.622" /><testcase classname="backend.tests.test_iter63_platform_autocalc.TestPlatformAutoCalculation" name="test_calculate_branch_breakdown_sums_correctly" time="0.685" /><testcase classname="backend.tests.test_iter63_platform_autocalc.TestPlatformAutoCalculation" name="test_calculate_requires_platform_id" time="0.602" /><testcase classname="backend.tests.test_iter63_platform_autocalc.TestPlatformAutoCalculation" name="test_calculate_with_invalid_platform" time="0.616" /><testcase classname="backend.tests.test_iter63_platform_autocalc.TestBranchPlatformSummary" name="test_branch_summary_endpoint_exists" time="0.432" /><testcase classname="backend.tests.test_iter63_platform_autocalc.TestBranchPlatformSummary" name="test_branch_summary_structure" time="0.495" /><testcase classname="backend.tests.test_iter63_platform_autocalc.TestBranchPlatformSummary" name="test_branch_summary_with_filter" time="0.601" /><testcase classname="backend.tests.test_iter63_platform_autocalc.TestRecordPaymentWithBranchBreakdown" name="test_record_payment_with_period_dates" time="0.939" /><testcase classname="backend.tests.test_iter63_platform_autocalc.TestRecordPaymentWithBranchBreakdown" name="test_record_payment_auto_calculates_commission" time="0.660" /><testcase classname="backend.tests.test_iter63_platform_autocalc.TestPlatformsEndpoints" name="test_get_platforms" time="0.640" /><testcase classname="backend.tests.test_iter63_platform_autocalc.TestPlatformsEndpoints" name="test_get_platform_payments" time="1.031" /><testcase classname="backend.tests.test_iter63_platform_autocalc.TestPlatformsEndpoints" name="test_get_platforms_summary" time="0.611" /></testsuite></testsuites>