<?xml version="1.0" encoding="utf-8"?><testsuites name="pytest tests"><testsuite name="pytest" errors="0" failures="0" skipped="0" tests="15" time="17.559" timestamp="2026-02-28T19:36:55.315243+00:00" hostname="agent-env-d1a4c56b-370b-453e-b50d-8cffb22cf191"><testcase classname="backend.tests.test_iteration38_scheduled_monitoring.TestPartnerPLReport" name="test_partner_pl_report_endpoint_exists" time="1.208" /><testcase classname="backend.tests.test_iteration38_scheduled_monitoring.TestPartnerPLReport" name="test_partner_pl_report_company_summary" time="1.048" /><testcase classname="backend.tests.test_iteration38_scheduled_monitoring.TestPartnerPLReport" name="test_partner_pl_report_date_filter" time="1.167" /><testcase classname="backend.tests.test_iteration38_scheduled_monitoring.TestPartnerPLReport" name="test_partner_pl_report_partner_breakdown" time="1.071" /><testcase classname="backend.tests.test_iteration38_scheduled_monitoring.TestPartnerPLReport" name="test_partner_pl_report_expense_categories" time="1.090" /><testcase classname="backend.tests.test_iteration38_scheduled_monitoring.TestPartnerPLReport" name="test_partner_pl_report_payment_breakdown" time="1.078" /><testcase classname="backend.tests.test_iteration38_scheduled_monitoring.TestScheduledAIMonitoring" name="test_get_monitoring_config" time="1.094" /><testcase classname="backend.tests.test_iteration38_scheduled_monitoring.TestScheduledAIMonitoring" name="test_save_monitoring_config" time="1.090" /><testcase classname="backend.tests.test_iteration38_scheduled_monitoring.TestScheduledAIMonitoring" name="test_save_monitoring_config_with_email" time="1.489" /><testcase classname="backend.tests.test_iteration38_scheduled_monitoring.TestScheduledAIMonitoring" name="test_run_monitoring_disabled" time="1.516" /><testcase classname="backend.tests.test_iteration38_scheduled_monitoring.TestScheduledAIMonitoring" name="test_run_monitoring_enabled" time="1.470" /><testcase classname="backend.tests.test_iteration38_scheduled_monitoring.TestScheduledAIMonitoring" name="test_get_monitoring_logs" time="1.044" /><testcase classname="backend.tests.test_iteration38_scheduled_monitoring.TestCCTVIntegration" name="test_cctv_settings" time="1.028" /><testcase classname="backend.tests.test_iteration38_scheduled_monitoring.TestCCTVIntegration" name="test_cctv_alerts" time="1.064" /><testcase classname="backend.tests.test_iteration38_scheduled_monitoring.TestPartnersAPI" name="test_get_partners_list" time="1.044" /></testsuite></testsuites>