<?xml version="1.0" encoding="utf-8"?><testsuites name="pytest tests"><testsuite name="pytest" errors="0" failures="0" skipped="0" tests="11" time="30.949" timestamp="2026-02-10T14:34:01.848076+00:00" hostname="agent-env-cd4e4a73-70d0-4612-869d-b83f00621fd3"><testcase classname="backend.tests.test_iteration6.TestAuth" name="test_login_success" time="0.766" /><testcase classname="backend.tests.test_iteration6.TestLoanBalance" name="test_advance_payment_increases_loan_balance" time="3.139" /><testcase classname="backend.tests.test_iteration6.TestLoanBalance" name="test_loan_repayment_decreases_loan_balance" time="3.831" /><testcase classname="backend.tests.test_iteration6.TestLoanBalance" name="test_employee_summary_includes_loan_data" time="3.710" /><testcase classname="backend.tests.test_iteration6.TestLoanBalance" name="test_monthly_summary_includes_loan_repayment" time="2.789" /><testcase classname="backend.tests.test_iteration6.TestLeaveManagement" name="test_create_leave" time="2.189" /><testcase classname="backend.tests.test_iteration6.TestLeaveManagement" name="test_get_leaves" time="3.025" /><testcase classname="backend.tests.test_iteration6.TestLeaveManagement" name="test_get_leaves_filter_by_employee" time="2.754" /><testcase classname="backend.tests.test_iteration6.TestLeaveManagement" name="test_delete_leave" time="3.228" /><testcase classname="backend.tests.test_iteration6.TestLeaveManagement" name="test_employee_summary_includes_leave_data" time="4.317" /><testcase classname="backend.tests.test_iteration6.TestEmployeeWithLoanBalance" name="test_employee_has_loan_balance_field" time="1.131" /></testsuite></testsuites>