<?xml version="1.0" encoding="utf-8"?><testsuites name="pytest tests"><testsuite name="pytest" errors="0" failures="0" skipped="0" tests="13" time="2.555" timestamp="2026-02-26T22:28:28.175207+00:00" hostname="agent-env-1ba5290a-9b16-42a4-9e40-b9b4e16c0968"><testcase classname="backend.tests.test_iteration21_image_upload.TestImageUploadBackend" name="test_01_admin_login" time="0.435" /><testcase classname="backend.tests.test_iteration21_image_upload.TestImageUploadBackend" name="test_02_get_invoices_returns_image_url" time="0.416" /><testcase classname="backend.tests.test_iteration21_image_upload.TestImageUploadBackend" name="test_03_get_existing_image" time="0.216" /><testcase classname="backend.tests.test_iteration21_image_upload.TestImageUploadBackend" name="test_04_get_nonexistent_image_returns_404" time="0.086" /><testcase classname="backend.tests.test_iteration21_image_upload.TestImageUploadBackend" name="test_05_upload_image_to_invoice" time="0.222" /><testcase classname="backend.tests.test_iteration21_image_upload.TestImageUploadBackend" name="test_06_verify_uploaded_image_accessible" time="0.076" /><testcase classname="backend.tests.test_iteration21_image_upload.TestImageUploadBackend" name="test_07_verify_invoice_has_image_url" time="0.079" /><testcase classname="backend.tests.test_iteration21_image_upload.TestImageUploadBackend" name="test_08_upload_invalid_file_type" time="0.185" /><testcase classname="backend.tests.test_iteration21_image_upload.TestImageUploadBackend" name="test_09_delete_invoice_image" time="0.077" /><testcase classname="backend.tests.test_iteration21_image_upload.TestImageUploadBackend" name="test_10_verify_image_removed_from_invoice" time="0.090" /><testcase classname="backend.tests.test_iteration21_image_upload.TestImageUploadBackend" name="test_11_upload_image_to_nonexistent_invoice" time="0.094" /><testcase classname="backend.tests.test_iteration21_image_upload.TestImageUploadBackend" name="test_12_delete_image_from_nonexistent_invoice" time="0.084" /><testcase classname="backend.tests.test_iteration21_image_upload.TestImageUploadBackend" name="test_13_replace_existing_image" time="0.416" /></testsuite></testsuites>