<?xml version="1.0" encoding="utf-8"?><testsuites name="pytest tests"><testsuite name="pytest" errors="0" failures="1" skipped="0" tests="22" time="4.921" timestamp="2026-03-02T12:04:55.159765+00:00" hostname="agent-env-f182d9d2-1b82-45c6-b773-4fe728f36998"><testcase classname="backend.tests.test_iter61_dashboard_tour_pdf_whatsapp_shift.TestWhatsAppChatbot" name="test_whatsapp_webhook_endpoint_exists" time="0.677" /><testcase classname="backend.tests.test_iter61_dashboard_tour_pdf_whatsapp_shift.TestWhatsAppChatbot" name="test_whatsapp_test_command_help" time="0.510" /><testcase classname="backend.tests.test_iter61_dashboard_tour_pdf_whatsapp_shift.TestWhatsAppChatbot" name="test_whatsapp_test_command_sales_today" time="0.136" /><testcase classname="backend.tests.test_iter61_dashboard_tour_pdf_whatsapp_shift.TestWhatsAppChatbot" name="test_whatsapp_test_command_sales_week" time="0.103" /><testcase classname="backend.tests.test_iter61_dashboard_tour_pdf_whatsapp_shift.TestWhatsAppChatbot" name="test_whatsapp_test_command_stock_low" time="0.096" /><testcase classname="backend.tests.test_iter61_dashboard_tour_pdf_whatsapp_shift.TestWhatsAppChatbot" name="test_whatsapp_test_command_expenses_today" time="0.121" /><testcase classname="backend.tests.test_iter61_dashboard_tour_pdf_whatsapp_shift.TestWhatsAppChatbot" name="test_whatsapp_test_command_summary" time="0.086" /><testcase classname="backend.tests.test_iter61_dashboard_tour_pdf_whatsapp_shift.TestWhatsAppChatbot" name="test_whatsapp_test_command_profit" time="0.113" /><testcase classname="backend.tests.test_iter61_dashboard_tour_pdf_whatsapp_shift.TestWhatsAppChatbot" name="test_whatsapp_test_command_unknown" time="0.098" /><testcase classname="backend.tests.test_iter61_dashboard_tour_pdf_whatsapp_shift.TestAIShiftScheduling" name="test_peak_hours_analysis" time="0.452" /><testcase classname="backend.tests.test_iter61_dashboard_tour_pdf_whatsapp_shift.TestAIShiftScheduling" name="test_generate_schedule" time="0.179" /><testcase classname="backend.tests.test_iter61_dashboard_tour_pdf_whatsapp_shift.TestAIShiftScheduling" name="test_get_schedules_list" time="0.100" /><testcase classname="backend.tests.test_iter61_dashboard_tour_pdf_whatsapp_shift.TestPDFBankStatementParsing" name="test_bank_reconciliation_upload_pdf" time="0.432"><failure message="AssertionError: Unexpected status: 404, {&quot;detail&quot;:&quot;Not Found&quot;}&#10;assert 404 in [200, 400, 422]&#10; +  where 404 = &lt;Response [404]&gt;.status_code">backend/tests/test_iter61_dashboard_tour_pdf_whatsapp_shift.py:241: in test_bank_reconciliation_upload_pdf
    assert response.status_code in [200, 400, 422], f"Unexpected status: {response.status_code}, {response.text}"
E   AssertionError: Unexpected status: 404, {"detail":"Not Found"}
E   assert 404 in [200, 400, 422]
E    +  where 404 = &lt;Response [404]&gt;.status_code</failure></testcase><testcase classname="backend.tests.test_iter61_dashboard_tour_pdf_whatsapp_shift.TestPDFBankStatementParsing" name="test_bank_formats_endpoint" time="0.084" /><testcase classname="backend.tests.test_iter61_dashboard_tour_pdf_whatsapp_shift.TestScheduleRetrieval" name="test_get_schedules_with_status_filter" time="0.397" /><testcase classname="backend.tests.test_iter61_dashboard_tour_pdf_whatsapp_shift.TestScheduleRetrieval" name="test_get_nonexistent_schedule" time="0.114" /><testcase classname="backend.tests.test_iter61_dashboard_tour_pdf_whatsapp_shift.TestPWAAssets" name="test_manifest_json_exists" time="0.202" /><testcase classname="backend.tests.test_iter61_dashboard_tour_pdf_whatsapp_shift.TestPWAAssets" name="test_manifest_has_shortcuts" time="0.106" /><testcase classname="backend.tests.test_iter61_dashboard_tour_pdf_whatsapp_shift.TestPWAAssets" name="test_service_worker_exists" time="0.133" /><testcase classname="backend.tests.test_iter61_dashboard_tour_pdf_whatsapp_shift.TestPWAAssets" name="test_offline_html_exists" time="0.078" /><testcase classname="backend.tests.test_iter61_dashboard_tour_pdf_whatsapp_shift.TestWhatsAppMessages" name="test_get_whatsapp_messages" time="0.426" /><testcase classname="backend.tests.test_iter61_dashboard_tour_pdf_whatsapp_shift.TestWhatsAppMessages" name="test_get_whatsapp_messages_with_phone_filter" time="0.090" /></testsuite></testsuites>