<?xml version="1.0" encoding="utf-8"?><testsuites name="pytest tests"><testsuite name="pytest" errors="0" failures="0" skipped="0" tests="17" time="2.775" timestamp="2026-03-03T13:52:58.306291+00:00" hostname="agent-env-29bbcc5e-e258-4ead-ad11-00b5b229cf1c"><testcase classname="backend.tests.test_daily_summary_iter71.TestDailySummaryEndpoint" name="test_daily_summary_without_auth" time="0.296" /><testcase classname="backend.tests.test_daily_summary_iter71.TestDailySummaryEndpoint" name="test_daily_summary_default_date" time="0.624" /><testcase classname="backend.tests.test_daily_summary_iter71.TestDailySummaryEndpoint" name="test_daily_summary_response_structure" time="0.082" /><testcase classname="backend.tests.test_daily_summary_iter71.TestDailySummaryEndpoint" name="test_daily_summary_sales_structure" time="0.129" /><testcase classname="backend.tests.test_daily_summary_iter71.TestDailySummaryEndpoint" name="test_daily_summary_expenses_structure" time="0.123" /><testcase classname="backend.tests.test_daily_summary_iter71.TestDailySummaryEndpoint" name="test_daily_summary_suppliers_structure" time="0.086" /><testcase classname="backend.tests.test_daily_summary_iter71.TestDailySummaryEndpoint" name="test_daily_summary_summary_section" time="0.104" /><testcase classname="backend.tests.test_daily_summary_iter71.TestDailySummaryEndpoint" name="test_daily_summary_with_specific_date" time="0.087" /><testcase classname="backend.tests.test_daily_summary_iter71.TestDailySummaryEndpoint" name="test_daily_summary_with_branch_filter" time="0.187" /><testcase classname="backend.tests.test_daily_summary_iter71.TestDailySummaryEndpoint" name="test_daily_summary_date_and_branch_filter" time="0.235" /><testcase classname="backend.tests.test_daily_summary_iter71.TestDailySummaryEndpoint" name="test_daily_summary_net_profit_calculation" time="0.090" /><testcase classname="backend.tests.test_daily_summary_iter71.TestDailySummaryEndpoint" name="test_daily_summary_net_cash_flow_calculation" time="0.103" /><testcase classname="backend.tests.test_daily_summary_iter71.TestDailySummaryEndpoint" name="test_daily_summary_empty_day" time="0.085" /><testcase classname="backend.tests.test_daily_summary_iter71.TestDailySummaryEndpoint" name="test_daily_summary_top_items_structure" time="0.081" /><testcase classname="backend.tests.test_daily_summary_iter71.TestDailySummaryEndpoint" name="test_daily_summary_recent_sales_structure" time="0.110" /><testcase classname="backend.tests.test_daily_summary_iter71.TestDailySummaryIntegration" name="test_branches_endpoint_available" time="0.124" /><testcase classname="backend.tests.test_daily_summary_iter71.TestDailySummaryIntegration" name="test_daily_summary_consistency" time="0.091" /></testsuite></testsuites>