<?xml version="1.0" encoding="utf-8"?><testsuites name="pytest tests"><testsuite name="pytest" errors="0" failures="0" skipped="0" tests="10" time="4.624" timestamp="2026-03-01T11:08:08.428111+00:00" hostname="agent-env-7bcc125f-62f3-4078-a9fb-4d909ae965bb"><testcase classname="backend.tests.test_task_compliance_iter50.TestTaskCompliance" name="test_compliance_endpoint_default_30_days" time="0.648" /><testcase classname="backend.tests.test_task_compliance_iter50.TestTaskCompliance" name="test_compliance_endpoint_7_days" time="0.438" /><testcase classname="backend.tests.test_task_compliance_iter50.TestTaskCompliance" name="test_compliance_endpoint_14_days" time="0.420" /><testcase classname="backend.tests.test_task_compliance_iter50.TestTaskCompliance" name="test_compliance_endpoint_60_days" time="0.524" /><testcase classname="backend.tests.test_task_compliance_iter50.TestTaskCompliance" name="test_compliance_role_compliance_structure" time="0.395" /><testcase classname="backend.tests.test_task_compliance_iter50.TestTaskCompliance" name="test_compliance_employee_leaderboard_structure" time="0.412" /><testcase classname="backend.tests.test_task_compliance_iter50.TestTaskCompliance" name="test_compliance_heatmap_structure" time="0.424" /><testcase classname="backend.tests.test_task_compliance_iter50.TestTaskCompliance" name="test_compliance_trend_structure" time="0.429" /><testcase classname="backend.tests.test_task_compliance_iter50.TestTaskCompliance" name="test_compliance_flagged_employees_structure" time="0.426" /><testcase classname="backend.tests.test_task_compliance_iter50.TestTaskCompliance" name="test_compliance_without_auth" time="0.423" /></testsuite></testsuites>